src/app/api/admin/media/upload-async/__tests__/route.test.ts(10,1): error TS2708: Cannot use namespace 'jest' as a value.
src/app/api/admin/media/upload-async/__tests__/route.test.ts(11,16): error TS2708: Cannot use namespace 'jest' as a value.
src/app/api/admin/media/upload-async/__tests__/route.test.ts(14,1): error TS2708: Cannot use namespace 'jest' as a value.
src/app/api/admin/media/upload-async/__tests__/route.test.ts(15,20): error TS2708: Cannot use namespace 'jest' as a value.
src/app/api/admin/media/upload-async/__tests__/route.test.ts(18,1): error TS2708: Cannot use namespace 'jest' as a value.
src/app/api/admin/media/upload-async/__tests__/route.test.ts(20,10): error TS2708: Cannot use namespace 'jest' as a value.
src/app/api/admin/media/upload-async/__tests__/route.test.ts(22,26): error TS2708: Cannot use namespace 'jest' as a value.
src/app/api/admin/media/upload-async/__tests__/route.test.ts(25,1): error TS2708: Cannot use namespace 'jest' as a value.
src/app/api/admin/media/upload-async/__tests__/route.test.ts(27,13): error TS2708: Cannot use namespace 'jest' as a value.
src/app/api/admin/media/upload-async/__tests__/route.test.ts(31,1): error TS2708: Cannot use namespace 'jest' as a value.
src/app/api/admin/media/upload-async/__tests__/route.test.ts(33,11): error TS2708: Cannot use namespace 'jest' as a value.
src/app/api/admin/media/upload-async/__tests__/route.test.ts(34,12): error TS2708: Cannot use namespace 'jest' as a value.
src/app/api/admin/media/upload-async/__tests__/route.test.ts(35,11): error TS2708: Cannot use namespace 'jest' as a value.
src/app/api/admin/media/upload-async/__tests__/route.test.ts(36,12): error TS2708: Cannot use namespace 'jest' as a value.
src/app/api/admin/media/upload-async/__tests__/route.test.ts(40,1): error TS2708: Cannot use namespace 'jest' as a value.
src/app/api/admin/media/upload-async/__tests__/route.test.ts(41,27): error TS2708: Cannot use namespace 'jest' as a value.
src/app/api/admin/media/upload-async/__tests__/route.test.ts(42,26): error TS2708: Cannot use namespace 'jest' as a value.
src/app/api/admin/media/upload-async/__tests__/route.test.ts(42,40): error TS2708: Cannot use namespace 'jest' as a value.
src/app/api/admin/media/upload-async/__tests__/route.test.ts(43,19): error TS2708: Cannot use namespace 'jest' as a value.
src/app/api/admin/media/upload-async/__tests__/route.test.ts(46,1): error TS2708: Cannot use namespace 'jest' as a value.
src/app/api/admin/media/upload-async/__tests__/route.test.ts(47,14): error TS2708: Cannot use namespace 'jest' as a value.
src/app/api/admin/media/upload-async/__tests__/route.test.ts(48,10): error TS2708: Cannot use namespace 'jest' as a value.
src/app/api/admin/media/upload-async/__tests__/route.test.ts(59,1): error TS2582: Cannot find name 'describe'. Do you need to install type definitions for a test runner? Try `npm i --save-dev @types/jest` or `npm i --save-dev @types/mocha`.
src/app/api/admin/media/upload-async/__tests__/route.test.ts(66,3): error TS2304: Cannot find name 'beforeEach'.
src/app/api/admin/media/upload-async/__tests__/route.test.ts(67,5): error TS2708: Cannot use namespace 'jest' as a value.
src/app/api/admin/media/upload-async/__tests__/route.test.ts(68,27): error TS2694: Namespace 'global.jest' has no exported member 'Mock'.
src/app/api/admin/media/upload-async/__tests__/route.test.ts(69,31): error TS2694: Namespace 'global.jest' has no exported member 'Mock'.
src/app/api/admin/media/upload-async/__tests__/route.test.ts(70,37): error TS2694: Namespace 'global.jest' has no exported member 'Mock'.
src/app/api/admin/media/upload-async/__tests__/route.test.ts(71,40): error TS2694: Namespace 'global.jest' has no exported member 'Mock'.
src/app/api/admin/media/upload-async/__tests__/route.test.ts(72,35): error TS2694: Namespace 'global.jest' has no exported member 'Mock'.
src/app/api/admin/media/upload-async/__tests__/route.test.ts(73,25): error TS2694: Namespace 'global.jest' has no exported member 'Mock'.
src/app/api/admin/media/upload-async/__tests__/route.test.ts(74,21): error TS2694: Namespace 'global.jest' has no exported member 'Mock'.
src/app/api/admin/media/upload-async/__tests__/route.test.ts(105,3): error TS2582: Cannot find name 'describe'. Do you need to install type definitions for a test runner? Try `npm i --save-dev @types/jest` or `npm i --save-dev @types/mocha`.
src/app/api/admin/media/upload-async/__tests__/route.test.ts(106,5): error TS2582: Cannot find name 'it'. Do you need to install type definitions for a test runner? Try `npm i --save-dev @types/jest` or `npm i --save-dev @types/mocha`.
src/app/api/admin/media/upload-async/__tests__/route.test.ts(115,7): error TS2304: Cannot find name 'expect'.
src/app/api/admin/media/upload-async/__tests__/route.test.ts(116,7): error TS2304: Cannot find name 'expect'.
src/app/api/admin/media/upload-async/__tests__/route.test.ts(117,7): error TS2304: Cannot find name 'expect'.
src/app/api/admin/media/upload-async/__tests__/route.test.ts(118,7): error TS2304: Cannot find name 'expect'.
src/app/api/admin/media/upload-async/__tests__/route.test.ts(119,7): error TS2304: Cannot find name 'expect'.
src/app/api/admin/media/upload-async/__tests__/route.test.ts(122,5): error TS2582: Cannot find name 'it'. Do you need to install type definitions for a test runner? Try `npm i --save-dev @types/jest` or `npm i --save-dev @types/mocha`.
src/app/api/admin/media/upload-async/__tests__/route.test.ts(127,7): error TS2304: Cannot find name 'expect'.
src/app/api/admin/media/upload-async/__tests__/route.test.ts(130,5): error TS2582: Cannot find name 'it'. Do you need to install type definitions for a test runner? Try `npm i --save-dev @types/jest` or `npm i --save-dev @types/mocha`.
src/app/api/admin/media/upload-async/__tests__/route.test.ts(135,7): error TS2304: Cannot find name 'expect'.
src/app/api/admin/media/upload-async/__tests__/route.test.ts(136,9): error TS2304: Cannot find name 'expect'.
src/app/api/admin/media/upload-async/__tests__/route.test.ts(141,5): error TS2582: Cannot find name 'it'. Do you need to install type definitions for a test runner? Try `npm i --save-dev @types/jest` or `npm i --save-dev @types/mocha`.
src/app/api/admin/media/upload-async/__tests__/route.test.ts(146,7): error TS2304: Cannot find name 'expect'.
src/app/api/admin/media/upload-async/__tests__/route.test.ts(147,9): error TS2304: Cannot find name 'expect'.
src/app/api/admin/media/upload-async/__tests__/route.test.ts(148,9): error TS2304: Cannot find name 'expect'.
src/app/api/admin/media/upload-async/__tests__/route.test.ts(152,5): error TS2582: Cannot find name 'it'. Do you need to install type definitions for a test runner? Try `npm i --save-dev @types/jest` or `npm i --save-dev @types/mocha`.
src/app/api/admin/media/upload-async/__tests__/route.test.ts(160,7): error TS2304: Cannot find name 'expect'.
src/app/api/admin/media/upload-async/__tests__/route.test.ts(161,9): error TS2304: Cannot find name 'expect'.
src/app/api/admin/media/upload-async/__tests__/route.test.ts(162,21): error TS2304: Cannot find name 'expect'.
src/app/api/admin/media/upload-async/__tests__/route.test.ts(171,5): error TS2582: Cannot find name 'it'. Do you need to install type definitions for a test runner? Try `npm i --save-dev @types/jest` or `npm i --save-dev @types/mocha`.
src/app/api/admin/media/upload-async/__tests__/route.test.ts(178,7): error TS2304: Cannot find name 'expect'.
src/app/api/admin/media/upload-async/__tests__/route.test.ts(179,9): error TS2304: Cannot find name 'expect'.
src/app/api/admin/media/upload-async/__tests__/route.test.ts(189,5): error TS2582: Cannot find name 'it'. Do you need to install type definitions for a test runner? Try `npm i --save-dev @types/jest` or `npm i --save-dev @types/mocha`.
src/app/api/admin/media/upload-async/__tests__/route.test.ts(196,7): error TS2304: Cannot find name 'expect'.
src/app/api/admin/media/upload-async/__tests__/route.test.ts(197,7): error TS2304: Cannot find name 'expect'.
src/app/api/admin/media/upload-async/__tests__/route.test.ts(197,62): error TS2304: Cannot find name 'expect'.
src/app/api/admin/media/upload-async/__tests__/route.test.ts(198,7): error TS2304: Cannot find name 'expect'.
src/app/api/admin/media/upload-async/__tests__/route.test.ts(202,3): error TS2582: Cannot find name 'describe'. Do you need to install type definitions for a test runner? Try `npm i --save-dev @types/jest` or `npm i --save-dev @types/mocha`.
src/app/api/admin/media/upload-async/__tests__/route.test.ts(203,5): error TS2582: Cannot find name 'it'. Do you need to install type definitions for a test runner? Try `npm i --save-dev @types/jest` or `npm i --save-dev @types/mocha`.
src/app/api/admin/media/upload-async/__tests__/route.test.ts(204,33): error TS2694: Namespace 'global.jest' has no exported member 'Mock'.
src/app/api/admin/media/upload-async/__tests__/route.test.ts(210,7): error TS2304: Cannot find name 'expect'.
src/app/api/admin/media/upload-async/__tests__/route.test.ts(211,7): error TS2304: Cannot find name 'expect'.
src/app/api/admin/media/upload-async/__tests__/route.test.ts(212,7): error TS2304: Cannot find name 'expect'.
src/app/api/admin/media/upload-async/__tests__/route.test.ts(215,5): error TS2582: Cannot find name 'it'. Do you need to install type definitions for a test runner? Try `npm i --save-dev @types/jest` or `npm i --save-dev @types/mocha`.
src/app/api/admin/media/upload-async/__tests__/route.test.ts(221,7): error TS2304: Cannot find name 'expect'.
src/app/api/admin/media/upload-async/__tests__/route.test.ts(222,7): error TS2304: Cannot find name 'expect'.
src/app/api/admin/media/upload-async/__tests__/route.test.ts(223,7): error TS2304: Cannot find name 'expect'.
src/app/api/admin/media/upload-async/__tests__/route.test.ts(223,59): error TS2304: Cannot find name 'expect'.
src/app/api/admin/media/upload-async/__tests__/route.test.ts(226,5): error TS2582: Cannot find name 'it'. Do you need to install type definitions for a test runner? Try `npm i --save-dev @types/jest` or `npm i --save-dev @types/mocha`.
src/app/api/admin/media/upload-async/__tests__/route.test.ts(232,7): error TS2304: Cannot find name 'expect'.
src/app/api/admin/media/upload-async/__tests__/route.test.ts(233,7): error TS2304: Cannot find name 'expect'.
src/app/api/admin/media/upload-async/__tests__/route.test.ts(234,7): error TS2304: Cannot find name 'expect'.
src/app/api/admin/media/upload-async/__tests__/route.test.ts(238,3): error TS2582: Cannot find name 'describe'. Do you need to install type definitions for a test runner? Try `npm i --save-dev @types/jest` or `npm i --save-dev @types/mocha`.
src/app/api/admin/media/upload-async/__tests__/route.test.ts(239,5): error TS2582: Cannot find name 'it'. Do you need to install type definitions for a test runner? Try `npm i --save-dev @types/jest` or `npm i --save-dev @types/mocha`.
src/app/api/admin/media/upload-async/__tests__/route.test.ts(240,27): error TS2694: Namespace 'global.jest' has no exported member 'Mock'.
src/app/api/admin/media/upload-async/__tests__/route.test.ts(246,7): error TS2304: Cannot find name 'expect'.
src/app/api/admin/media/upload-async/__tests__/route.test.ts(247,7): error TS2304: Cannot find name 'expect'.
src/app/api/admin/media/upload-async/__tests__/route.test.ts(248,7): error TS2304: Cannot find name 'expect'.
src/app/api/admin/media/upload-async/__tests__/route.test.ts(251,5): error TS2582: Cannot find name 'it'. Do you need to install type definitions for a test runner? Try `npm i --save-dev @types/jest` or `npm i --save-dev @types/mocha`.
src/app/api/admin/media/upload-async/__tests__/route.test.ts(252,42): error TS2694: Namespace 'global.jest' has no exported member 'Mock'.
src/app/api/admin/media/upload-async/__tests__/route.test.ts(258,7): error TS2304: Cannot find name 'expect'.
src/app/api/admin/media/upload-async/__tests__/route.test.ts(259,7): error TS2304: Cannot find name 'expect'.
src/app/api/admin/media/upload-async/__tests__/route.test.ts(262,5): error TS2582: Cannot find name 'it'. Do you need to install type definitions for a test runner? Try `npm i --save-dev @types/jest` or `npm i --save-dev @types/mocha`.
src/app/api/admin/media/upload-async/__tests__/route.test.ts(263,27): error TS2694: Namespace 'global.jest' has no exported member 'Mock'.
src/app/api/admin/media/upload-async/__tests__/route.test.ts(268,7): error TS2304: Cannot find name 'expect'.
src/app/api/admin/media/upload-async/__tests__/route.test.ts(268,59): error TS2304: Cannot find name 'expect'.
src/app/api/auth/__tests__/login.test.ts(4,1): error TS2582: Cannot find name 'describe'. Do you need to install type definitions for a test runner? Try `npm i --save-dev @types/jest` or `npm i --save-dev @types/mocha`.
src/app/api/auth/__tests__/login.test.ts(5,3): error TS2582: Cannot find name 'it'. Do you need to install type definitions for a test runner? Try `npm i --save-dev @types/jest` or `npm i --save-dev @types/mocha`.
src/app/api/auth/__tests__/login.test.ts(6,5): error TS2304: Cannot find name 'expect'.
src/components/__tests__/DirectionalIcon.test.tsx(5,1): error TS2708: Cannot use namespace 'jest' as a value.
src/components/__tests__/DirectionalIcon.test.tsx(9,1): error TS2582: Cannot find name 'describe'. Do you need to install type definitions for a test runner? Try `npm i --save-dev @types/jest` or `npm i --save-dev @types/mocha`.
src/components/__tests__/DirectionalIcon.test.tsx(10,3): error TS2582: Cannot find name 'it'. Do you need to install type definitions for a test runner? Try `npm i --save-dev @types/jest` or `npm i --save-dev @types/mocha`.
src/components/__tests__/DirectionalIcon.test.tsx(19,5): error TS2304: Cannot find name 'expect'.
src/components/__tests__/DirectionalIcon.test.tsx(22,3): error TS2582: Cannot find name 'it'. Do you need to install type definitions for a test runner? Try `npm i --save-dev @types/jest` or `npm i --save-dev @types/mocha`.
src/components/__tests__/DirectionalIcon.test.tsx(32,5): error TS2304: Cannot find name 'expect'.
src/hooks/__tests__/useBulkUpload.test.ts(12,9): error TS2708: Cannot use namespace 'jest' as a value.
src/hooks/__tests__/useBulkUpload.test.ts(13,9): error TS2708: Cannot use namespace 'jest' as a value.
src/hooks/__tests__/useBulkUpload.test.ts(15,23): error TS2708: Cannot use namespace 'jest' as a value.
src/hooks/__tests__/useBulkUpload.test.ts(17,21): error TS2708: Cannot use namespace 'jest' as a value.
src/hooks/__tests__/useBulkUpload.test.ts(18,10): error TS2708: Cannot use namespace 'jest' as a value.
src/hooks/__tests__/useBulkUpload.test.ts(25,36): error TS2708: Cannot use namespace 'jest' as a value.
src/hooks/__tests__/useBulkUpload.test.ts(26,26): error TS2708: Cannot use namespace 'jest' as a value.
src/hooks/__tests__/useBulkUpload.test.ts(33,1): error TS2582: Cannot find name 'describe'. Do you need to install type definitions for a test runner? Try `npm i --save-dev @types/jest` or `npm i --save-dev @types/mocha`.
src/hooks/__tests__/useBulkUpload.test.ts(34,3): error TS2304: Cannot find name 'beforeEach'.
src/hooks/__tests__/useBulkUpload.test.ts(35,5): error TS2708: Cannot use namespace 'jest' as a value.
src/hooks/__tests__/useBulkUpload.test.ts(36,5): error TS2708: Cannot use namespace 'jest' as a value.
src/hooks/__tests__/useBulkUpload.test.ts(39,3): error TS2304: Cannot find name 'afterEach'.
src/hooks/__tests__/useBulkUpload.test.ts(40,5): error TS2708: Cannot use namespace 'jest' as a value.
src/hooks/__tests__/useBulkUpload.test.ts(51,3): error TS2582: Cannot find name 'describe'. Do you need to install type definitions for a test runner? Try `npm i --save-dev @types/jest` or `npm i --save-dev @types/mocha`.
src/hooks/__tests__/useBulkUpload.test.ts(52,5): error TS2582: Cannot find name 'it'. Do you need to install type definitions for a test runner? Try `npm i --save-dev @types/jest` or `npm i --save-dev @types/mocha`.
src/hooks/__tests__/useBulkUpload.test.ts(55,7): error TS2304: Cannot find name 'expect'.
src/hooks/__tests__/useBulkUpload.test.ts(56,7): error TS2304: Cannot find name 'expect'.
src/hooks/__tests__/useBulkUpload.test.ts(57,7): error TS2304: Cannot find name 'expect'.
src/hooks/__tests__/useBulkUpload.test.ts(58,7): error TS2304: Cannot find name 'expect'.
src/hooks/__tests__/useBulkUpload.test.ts(59,7): error TS2304: Cannot find name 'expect'.
src/hooks/__tests__/useBulkUpload.test.ts(62,5): error TS2582: Cannot find name 'it'. Do you need to install type definitions for a test runner? Try `npm i --save-dev @types/jest` or `npm i --save-dev @types/mocha`.
src/hooks/__tests__/useBulkUpload.test.ts(69,7): error TS2304: Cannot find name 'expect'.
src/hooks/__tests__/useBulkUpload.test.ts(73,3): error TS2582: Cannot find name 'describe'. Do you need to install type definitions for a test runner? Try `npm i --save-dev @types/jest` or `npm i --save-dev @types/mocha`.
src/hooks/__tests__/useBulkUpload.test.ts(74,5): error TS2582: Cannot find name 'it'. Do you need to install type definitions for a test runner? Try `npm i --save-dev @types/jest` or `npm i --save-dev @types/mocha`.
src/hooks/__tests__/useBulkUpload.test.ts(84,7): error TS2304: Cannot find name 'expect'.
src/hooks/__tests__/useBulkUpload.test.ts(85,7): error TS2304: Cannot find name 'expect'.
src/hooks/__tests__/useBulkUpload.test.ts(86,7): error TS2304: Cannot find name 'expect'.
src/hooks/__tests__/useBulkUpload.test.ts(89,5): error TS2582: Cannot find name 'it'. Do you need to install type definitions for a test runner? Try `npm i --save-dev @types/jest` or `npm i --save-dev @types/mocha`.
src/hooks/__tests__/useBulkUpload.test.ts(100,7): error TS2304: Cannot find name 'expect'.
src/hooks/__tests__/useBulkUpload.test.ts(103,5): error TS2582: Cannot find name 'it'. Do you need to install type definitions for a test runner? Try `npm i --save-dev @types/jest` or `npm i --save-dev @types/mocha`.
src/hooks/__tests__/useBulkUpload.test.ts(110,7): error TS2304: Cannot find name 'expect'.
src/hooks/__tests__/useBulkUpload.test.ts(111,7): error TS2304: Cannot find name 'expect'.
src/hooks/__tests__/useBulkUpload.test.ts(114,5): error TS2582: Cannot find name 'it'. Do you need to install type definitions for a test runner? Try `npm i --save-dev @types/jest` or `npm i --save-dev @types/mocha`.
src/hooks/__tests__/useBulkUpload.test.ts(125,7): error TS2304: Cannot find name 'expect'.
src/hooks/__tests__/useBulkUpload.test.ts(128,5): error TS2582: Cannot find name 'it'. Do you need to install type definitions for a test runner? Try `npm i --save-dev @types/jest` or `npm i --save-dev @types/mocha`.
src/hooks/__tests__/useBulkUpload.test.ts(140,7): error TS2304: Cannot find name 'expect'.
src/hooks/__tests__/useBulkUpload.test.ts(141,7): error TS2304: Cannot find name 'expect'.
src/hooks/__tests__/useBulkUpload.test.ts(144,5): error TS2582: Cannot find name 'it'. Do you need to install type definitions for a test runner? Try `npm i --save-dev @types/jest` or `npm i --save-dev @types/mocha`.
src/hooks/__tests__/useBulkUpload.test.ts(147,36): error TS2708: Cannot use namespace 'jest' as a value.
src/hooks/__tests__/useBulkUpload.test.ts(155,7): error TS2304: Cannot find name 'expect'.
src/hooks/__tests__/useBulkUpload.test.ts(159,3): error TS2582: Cannot find name 'describe'. Do you need to install type definitions for a test runner? Try `npm i --save-dev @types/jest` or `npm i --save-dev @types/mocha`.
src/hooks/__tests__/useBulkUpload.test.ts(160,5): error TS2582: Cannot find name 'it'. Do you need to install type definitions for a test runner? Try `npm i --save-dev @types/jest` or `npm i --save-dev @types/mocha`.
src/hooks/__tests__/useBulkUpload.test.ts(176,7): error TS2304: Cannot find name 'expect'.
src/hooks/__tests__/useBulkUpload.test.ts(177,7): error TS2304: Cannot find name 'expect'.
src/hooks/__tests__/useBulkUpload.test.ts(180,5): error TS2582: Cannot find name 'it'. Do you need to install type definitions for a test runner? Try `npm i --save-dev @types/jest` or `npm i --save-dev @types/mocha`.
src/hooks/__tests__/useBulkUpload.test.ts(181,36): error TS2708: Cannot use namespace 'jest' as a value.
src/hooks/__tests__/useBulkUpload.test.ts(182,36): error TS2708: Cannot use namespace 'jest' as a value.
src/hooks/__tests__/useBulkUpload.test.ts(196,7): error TS2304: Cannot find name 'expect'.
src/hooks/__tests__/useBulkUpload.test.ts(200,3): error TS2582: Cannot find name 'describe'. Do you need to install type definitions for a test runner? Try `npm i --save-dev @types/jest` or `npm i --save-dev @types/mocha`.
src/hooks/__tests__/useBulkUpload.test.ts(201,5): error TS2582: Cannot find name 'it'. Do you need to install type definitions for a test runner? Try `npm i --save-dev @types/jest` or `npm i --save-dev @types/mocha`.
src/hooks/__tests__/useBulkUpload.test.ts(215,7): error TS2304: Cannot find name 'expect'.
src/hooks/__tests__/useBulkUpload.test.ts(216,7): error TS2304: Cannot find name 'expect'.
src/hooks/__tests__/useBulkUpload.test.ts(220,3): error TS2582: Cannot find name 'describe'. Do you need to install type definitions for a test runner? Try `npm i --save-dev @types/jest` or `npm i --save-dev @types/mocha`.
src/hooks/__tests__/useBulkUpload.test.ts(221,5): error TS2582: Cannot find name 'it'. Do you need to install type definitions for a test runner? Try `npm i --save-dev @types/jest` or `npm i --save-dev @types/mocha`.
src/hooks/__tests__/useBulkUpload.test.ts(234,7): error TS2304: Cannot find name 'expect'.
src/hooks/__tests__/useBulkUpload.test.ts(235,7): error TS2304: Cannot find name 'expect'.
src/hooks/__tests__/useBulkUpload.test.ts(239,3): error TS2582: Cannot find name 'describe'. Do you need to install type definitions for a test runner? Try `npm i --save-dev @types/jest` or `npm i --save-dev @types/mocha`.
src/hooks/__tests__/useBulkUpload.test.ts(240,5): error TS2582: Cannot find name 'it'. Do you need to install type definitions for a test runner? Try `npm i --save-dev @types/jest` or `npm i --save-dev @types/mocha`.
src/hooks/__tests__/useBulkUpload.test.ts(253,7): error TS2304: Cannot find name 'expect'.
src/hooks/__tests__/useBulkUpload.test.ts(254,7): error TS2304: Cannot find name 'expect'.
src/hooks/__tests__/useBulkUpload.test.ts(255,7): error TS2304: Cannot find name 'expect'.
src/hooks/__tests__/useBulkUpload.test.ts(256,7): error TS2304: Cannot find name 'expect'.
src/hooks/__tests__/useBulkUpload.test.ts(257,7): error TS2304: Cannot find name 'expect'.
src/hooks/__tests__/useBulkUpload.test.ts(258,7): error TS2304: Cannot find name 'expect'.
src/hooks/__tests__/useBulkUpload.test.ts(259,7): error TS2304: Cannot find name 'expect'.
src/hooks/__tests__/useBulkUpload.test.ts(263,3): error TS2582: Cannot find name 'describe'. Do you need to install type definitions for a test runner? Try `npm i --save-dev @types/jest` or `npm i --save-dev @types/mocha`.
src/hooks/__tests__/useBulkUpload.test.ts(264,5): error TS2582: Cannot find name 'it'. Do you need to install type definitions for a test runner? Try `npm i --save-dev @types/jest` or `npm i --save-dev @types/mocha`.
src/hooks/__tests__/useBulkUpload.test.ts(271,7): error TS2304: Cannot find name 'expect'.
src/hooks/__tests__/useBulkUpload.test.ts(275,5): error TS2582: Cannot find name 'it'. Do you need to install type definitions for a test runner? Try `npm i --save-dev @types/jest` or `npm i --save-dev @types/mocha`.
src/hooks/__tests__/useBulkUpload.test.ts(281,7): error TS2304: Cannot find name 'expect'.
src/hooks/__tests__/useBulkUpload.test.ts(285,3): error TS2582: Cannot find name 'describe'. Do you need to install type definitions for a test runner? Try `npm i --save-dev @types/jest` or `npm i --save-dev @types/mocha`.
src/hooks/__tests__/useBulkUpload.test.ts(286,5): error TS2582: Cannot find name 'it'. Do you need to install type definitions for a test runner? Try `npm i --save-dev @types/jest` or `npm i --save-dev @types/mocha`.
src/hooks/__tests__/useBulkUpload.test.ts(287,29): error TS2708: Cannot use namespace 'jest' as a value.
src/hooks/__tests__/useBulkUpload.test.ts(294,7): error TS2304: Cannot find name 'expect'.
src/hooks/__tests__/useBulkUpload.test.ts(297,5): error TS2582: Cannot find name 'it'. Do you need to install type definitions for a test runner? Try `npm i --save-dev @types/jest` or `npm i --save-dev @types/mocha`.
src/hooks/__tests__/useBulkUpload.test.ts(298,27): error TS2708: Cannot use namespace 'jest' as a value.
src/hooks/__tests__/useBulkUpload.test.ts(304,7): error TS2304: Cannot find name 'expect'.
src/hooks/__tests__/useBulkUpload.test.ts(307,5): error TS2582: Cannot find name 'it'. Do you need to install type definitions for a test runner? Try `npm i --save-dev @types/jest` or `npm i --save-dev @types/mocha`.
src/hooks/__tests__/useBulkUpload.test.ts(308,26): error TS2708: Cannot use namespace 'jest' as a value.
src/hooks/__tests__/useBulkUpload.test.ts(314,7): error TS2304: Cannot find name 'expect'.
src/hooks/__tests__/useBulkUpload.test.ts(318,3): error TS2582: Cannot find name 'describe'. Do you need to install type definitions for a test runner? Try `npm i --save-dev @types/jest` or `npm i --save-dev @types/mocha`.
src/hooks/__tests__/useBulkUpload.test.ts(319,5): error TS2582: Cannot find name 'it'. Do you need to install type definitions for a test runner? Try `npm i --save-dev @types/jest` or `npm i --save-dev @types/mocha`.
src/hooks/__tests__/useBulkUpload.test.ts(322,7): error TS2304: Cannot find name 'expect'.
src/hooks/__tests__/useBulkUpload.test.ts(323,7): error TS2304: Cannot find name 'expect'.
src/hooks/__tests__/useBulkUpload.test.ts(326,5): error TS2582: Cannot find name 'it'. Do you need to install type definitions for a test runner? Try `npm i --save-dev @types/jest` or `npm i --save-dev @types/mocha`.
src/hooks/__tests__/useBulkUpload.test.ts(333,7): error TS2304: Cannot find name 'expect'.
src/hooks/__tests__/useBulkUpload.test.ts(336,5): error TS2582: Cannot find name 'it'. Do you need to install type definitions for a test runner? Try `npm i --save-dev @types/jest` or `npm i --save-dev @types/mocha`.
src/hooks/__tests__/useBulkUpload.test.ts(347,7): error TS2304: Cannot find name 'expect'.
src/hooks/__tests__/useBulkUpload.test.ts(351,3): error TS2582: Cannot find name 'describe'. Do you need to install type definitions for a test runner? Try `npm i --save-dev @types/jest` or `npm i --save-dev @types/mocha`.
src/hooks/__tests__/useBulkUpload.test.ts(352,5): error TS2582: Cannot find name 'it'. Do you need to install type definitions for a test runner? Try `npm i --save-dev @types/jest` or `npm i --save-dev @types/mocha`.
src/hooks/__tests__/useBulkUpload.test.ts(355,7): error TS2304: Cannot find name 'expect'.
src/hooks/__tests__/useBulkUpload.test.ts(359,3): error TS2582: Cannot find name 'describe'. Do you need to install type definitions for a test runner? Try `npm i --save-dev @types/jest` or `npm i --save-dev @types/mocha`.
src/hooks/__tests__/useBulkUpload.test.ts(360,5): error TS2582: Cannot find name 'it'. Do you need to install type definitions for a test runner? Try `npm i --save-dev @types/jest` or `npm i --save-dev @types/mocha`.
src/hooks/__tests__/useBulkUpload.test.ts(363,7): error TS2304: Cannot find name 'expect'.
src/services/adapters/UserAdapter.ts(39,58): error TS2353: Object literal may only specify known properties, and 'default' does not exist in type 'ImportField'.
src/services/adapters/UserAdapter.ts(76,16): error TS2352: Conversion of type '{ id: string; fullName: string; username: string; email: string; role: string; status: string; currentPlan: string; isActive: boolean; avatar: string; createdAt: string; }[]' to type 'UsersType[]' may be a mistake because neither type sufficiently overlaps with the other. If this was intentional, convert the expression to 'unknown' first.
  Type '{ id: string; fullName: string; username: string; email: string; role: string; status: string; currentPlan: string; isActive: boolean; avatar: string; createdAt: string; }' is missing the following properties from type 'UsersType': company, country, contact
src/services/adapters/UserAdapter.ts(145,23): error TS2339: Property 'createdAt' does not exist on type 'UsersType'.
src/services/adapters/UserAdapter.ts(145,49): error TS2339: Property 'createdAt' does not exist on type 'UsersType'.
src/services/adapters/UserAdapter.ts(182,3): error TS2416: Property 'validateImportData' in type 'UserAdapter' is not assignable to the same property in base type 'IEntityAdapter<any>'.
  Type '(data: Record<string, any>[]) => ValidationError[]' is not assignable to type '(data: Record<string, any>[]) => ValidationResult[]'.
    Type 'ValidationError[]' is not assignable to type 'ValidationResult[]'.
      Type 'ValidationError' is missing the following properties from type 'ValidationResult': isValid, errors
src/services/adapters/UserAdapter.ts(420,5): error TS2741: Property 'warnings' is missing in type '{ successCount: number; errorCount: number; errors: ValidationError[]; totalProcessed: number; }' but required in type 'ImportResult'.
src/services/bulk/configs/userBulkConfig.ts(32,30): error TS2339: Property 'code' does not exist on type '{ name: string; }'.
src/services/bulk/configs/userBulkConfig.ts(89,23): error TS2339: Property 'code' does not exist on type '{ name: string; }'.
src/services/bulk/configs/userBulkConfig.ts(156,23): error TS2339: Property 'code' does not exist on type '{ name: string; }'.
src/services/business/userService.ts(39,11): error TS2322: Type 'string | null' is not assignable to type 'string | string[]'.
  Type 'null' is not assignable to type 'string | string[]'.
src/services/data-sanitization.service.ts(1310,9): error TS2353: Object literal may only specify known properties, and 'avatarImage' does not exist in type 'UserSelect<DefaultArgs>'.
src/services/data-sanitization.service.ts(1425,49): error TS2339: Property 'getCache' does not exist on type 'RateLimitStore'.
src/services/data-sanitization.service.ts(1434,33): error TS2551: Property 'setCache' does not exist on type 'RateLimitStore'. Did you mean 'resetCache'?
src/services/data-sanitization.service.ts(1534,21): error TS2353: Object literal may only specify known properties, and 'avatarImage' does not exist in type '(Without<UserUpdateInput, UserUncheckedUpdateInput> & UserUncheckedUpdateInput) | (Without<...> & UserUpdateInput)'.
src/services/data-sanitization.service.ts(1558,33): error TS2353: Object literal may only specify known properties, and 'avatarImage' does not exist in type 'UserSelect<DefaultArgs>'.
src/services/data-sanitization.service.ts(1561,30): error TS2339: Property 'avatarImage' does not exist on type '{ status: string; language: string; country: string; currency: string; id: string; email: string | null; name: string | null; image: string | null; roleId: string; createdAt: Date; updatedAt: Date; ... 13 more ...; telegramChatId: string | null; }'.
src/services/events/EventRetentionService.ts(108,11): error TS2322: Type 'number' is not assignable to type 'never'.
src/services/events/EventRetentionService.ts(180,7): error TS2448: Block-scoped variable 'results' used before its declaration.
src/services/events/EventRetentionService.ts(180,7): error TS2454: Variable 'results' is used before being assigned.
src/services/events/EventRetentionService.ts(185,7): error TS2448: Block-scoped variable 'errors' used before its declaration.
src/services/events/EventRetentionService.ts(185,7): error TS2454: Variable 'errors' is used before being assigned.
src/services/events/EventRetentionService.ts(340,11): error TS2322: Type 'number' is not assignable to type 'never'.
src/services/export/ExportAdapterFactory.ts(58,47): error TS2345: Argument of type 'UserAdapter' is not assignable to parameter of type 'IEntityAdapter<any>'.
  Property 'entityType' is missing in type 'UserAdapter' but required in type 'IEntityAdapter<any>'.
src/services/import/ImportAdapterFactory.ts(58,47): error TS2345: Argument of type 'UserAdapter' is not assignable to parameter of type 'IEntityAdapter<any>'.
src/services/import/ImportPreviewService.ts(46,11): error TS2322: Type 'ValidationResult[]' is not assignable to type 'ValidationError[]'.
  Type 'ValidationResult' is missing the following properties from type 'ValidationError': field, message
src/services/import/ImportPreviewService.ts(118,7): error TS2769: No overload matches this call.
  Overload 1 of 2, '(predicate: (value: ValidationResult, index: number, array: ValidationResult[]) => value is ValidationResult, thisArg?: any): ValidationResult[]', gave the following error.
    Argument of type '(error: ValidationError) => boolean' is not assignable to parameter of type '(value: ValidationResult, index: number, array: ValidationResult[]) => value is ValidationResult'.
      Types of parameters 'error' and 'value' are incompatible.
        Type 'ValidationResult' is not assignable to type 'ValidationError'.
  Overload 2 of 2, '(predicate: (value: ValidationResult, index: number, array: ValidationResult[]) => unknown, thisArg?: any): ValidationResult[]', gave the following error.
    Argument of type '(error: ValidationError) => boolean' is not assignable to parameter of type '(value: ValidationResult, index: number, array: ValidationResult[]) => unknown'.
      Types of parameters 'error' and 'value' are incompatible.
        Type 'ValidationResult' is not assignable to type 'ValidationError'.
src/services/import/ImportPreviewService.ts(128,7): error TS2322: Type 'ValidationResult[]' is not assignable to type 'ValidationError[]'.
src/services/import/ImportService.ts(139,9): error TS2322: Type 'ValidationResult[]' is not assignable to type 'ValidationError[]'.
src/services/media/index.ts(25,1): error TS2308: Module './types' has already exported a member named 'StorageAdapter'. Consider explicitly re-exporting to resolve the ambiguity.
src/services/media/jobs/__tests__/MediaCleanupJob.test.ts(62,24): error TS2339: Property 'default' does not exist on type 'typeof import("C:/laragon/www/materionextjs/typescript-version/full-version/src/libs/prisma")'.
src/services/media/jobs/__tests__/MediaCleanupJob.test.ts(102,24): error TS2339: Property 'default' does not exist on type 'typeof import("C:/laragon/www/materionextjs/typescript-version/full-version/src/libs/prisma")'.
src/services/media/jobs/__tests__/MediaCleanupJob.test.ts(105,24): error TS2339: Property 'default' does not exist on type 'typeof import("C:/laragon/www/materionextjs/typescript-version/full-version/src/libs/prisma")'.
src/services/media/MediaService.ts(9,24): error TS2307: Cannot find module 'nanoid' or its corresponding type declarations.
src/services/media/MediaService.ts(199,9): error TS2353: Object literal may only specify known properties, and 'outputFormat' does not exist in type 'ProcessingOptions'.
src/services/media/MediaService.ts(560,7): error TS2353: Object literal may only specify known properties, and 'entityType' does not exist in type 'RecordEventInput'.
src/services/media/MediaService.ts(600,7): error TS2353: Object literal may only specify known properties, and 'entityType' does not exist in type 'RecordEventInput'.
src/services/media/queue/MediaProcessingWorker.ts(142,19): error TS2322: Type 'string | null' is not assignable to type 'string | undefined'.
  Type 'null' is not assignable to type 'string | undefined'.
src/services/media/queue/MediaProcessingWorker.ts(157,19): error TS2322: Type 'string | null' is not assignable to type 'string | undefined'.
src/services/media/queue/MediaSyncQueue.ts(392,46): error TS2367: This comparison appears to be unintentional because the types '"download_from_s3" | "delete_s3" | "delete_local" | "hard_delete"' and '"delete_from_s3"' have no overlap.
src/services/media/queue/MediaSyncWorker.ts(43,14): error TS2678: Type '"upload_to_s3_with_delete"' is not comparable to type '"download_from_s3" | "upload_to_s3" | "delete_s3" | "delete_local" | "hard_delete"'.
src/services/media/queue/MediaSyncWorker.ts(44,14): error TS2678: Type '"upload_to_s3_keep_local"' is not comparable to type '"download_from_s3" | "upload_to_s3" | "delete_s3" | "delete_local" | "hard_delete"'.
src/services/media/queue/MediaSyncWorker.ts(49,14): error TS2678: Type '"download_from_s3_delete_s3"' is not comparable to type '"download_from_s3" | "upload_to_s3" | "delete_s3" | "delete_local" | "hard_delete"'.
src/services/media/queue/MediaSyncWorker.ts(54,14): error TS2678: Type '"delete_s3_only"' is not comparable to type '"download_from_s3" | "upload_to_s3" | "delete_s3" | "delete_local" | "hard_delete"'.
src/services/media/queue/MediaSyncWorker.ts(59,14): error TS2678: Type '"delete_local_only"' is not comparable to type '"download_from_s3" | "upload_to_s3" | "delete_s3" | "delete_local" | "hard_delete"'.
src/services/media/queue/MediaSyncWorker.ts(430,7): error TS2353: Object literal may only specify known properties, and 'entityType' does not exist in type 'RecordEventInput'.
src/services/media/queue/WatermarkQueue.ts(168,5): error TS2322: Type 'number' is not assignable to type 'string'.
src/services/media/queue/WatermarkQueue.ts(221,9): error TS2339: Property 'startedAt' does not exist on type 'InMemoryJob<WatermarkJobData>'.
src/services/media/queue/WatermarkQueue.ts(236,11): error TS2339: Property 'completedAt' does not exist on type 'InMemoryJob<WatermarkJobData>'.
src/services/media/queue/WatermarkWorker.ts(184,32): error TS2339: Property 'uploadBuffer' does not exist on type 'StorageService'.
src/services/media/queue/WatermarkWorker.ts(195,19): error TS2339: Property 'updateProgress' does not exist on type 'Job<WatermarkJobData>'.
src/services/media/queue/WatermarkWorker.ts(226,9): error TS2353: Object literal may only specify known properties, and 'entityType' does not exist in type 'RecordEventInput'.
src/services/media/settings.ts(84,33): error TS2339: Property 'watermarkId' does not exist on type '{ id: string; description: string | null; createdAt: Date; updatedAt: Date; isActive: boolean; displayName: string; watermarkPosition: string | null; entityType: string; maxFileSize: number; ... 14 more ...; namingStrategy: string; }'.
src/services/media/settings.ts(108,7): error TS2322: Type 'number | undefined' is not assignable to type 'number'.
  Type 'undefined' is not assignable to type 'number'.
src/services/media/settings.ts(110,7): error TS2322: Type 'string | undefined' is not assignable to type 'string'.
  Type 'undefined' is not assignable to type 'string'.
src/services/media/sync/MediaSyncService.ts(241,9): error TS2322: Type 'SyncOperation' is not assignable to type '"download_from_s3" | "upload_to_s3" | "delete_s3" | "delete_local" | "hard_delete"'.
  Type '"upload_to_s3_with_delete"' is not assignable to type '"download_from_s3" | "upload_to_s3" | "delete_s3" | "delete_local" | "hard_delete"'.
src/services/media/sync/MediaSyncService.ts(360,11): error TS2322: Type 'SyncOperation' is not assignable to type '"download_from_s3" | "upload_to_s3" | "delete_s3" | "delete_local" | "hard_delete"'.
src/services/media/sync/MediaSyncService.ts(415,12): error TS2678: Type '"upload_to_s3"' is not comparable to type 'SyncOperation'.
src/services/media/sync/MediaSyncService.ts(445,12): error TS2678: Type '"delete_local"' is not comparable to type 'SyncOperation'.
src/services/media/sync/MediaSyncService.ts(454,12): error TS2678: Type '"delete_s3"' is not comparable to type 'SyncOperation'.
src/services/media/sync/MediaSyncService.ts(619,14): error TS2678: Type '"upload_to_s3"' is not comparable to type 'SyncOperation'.
src/services/media/sync/MediaSyncService.ts(639,14): error TS2678: Type '"delete_local"' is not comparable to type 'SyncOperation'.
src/services/media/sync/MediaSyncService.ts(645,14): error TS2678: Type '"delete_s3"' is not comparable to type 'SyncOperation'.
src/services/media/sync/MediaSyncService.ts(663,11): error TS7022: 'job' implicitly has type 'any' because it does not have a type annotation and is referenced directly or indirectly in its own initializer.
src/services/media/sync/MediaSyncService.ts(666,20): error TS2448: Block-scoped variable 'job' used before its declaration.
src/services/notifications/index.ts(32,26): error TS2304: Cannot find name 'notificationService'.
src/services/notifications/NotificationQueue.ts(115,37): error TS2554: Expected 0 arguments, but got 1.
src/services/notifications/NotificationQueue.ts(125,28): error TS2345: Argument of type 'string' is not assignable to parameter of type '"email" | "browser" | "sms" | "telegram"'.
src/services/notifications/NotificationQueue.ts(138,11): error TS2349: This expression is not callable.
  Type '{ end: (channel: "email" | "browser" | "sms" | "telegram") => void; }' has no call signatures.
src/services/notifications/NotificationQueue.ts(139,32): error TS2345: Argument of type 'string' is not assignable to parameter of type '"email" | "browser" | "sms" | "telegram"'.
src/services/notifications/NotificationQueue.ts(142,11): error TS2349: This expression is not callable.
  Type '{ end: (channel: "email" | "browser" | "sms" | "telegram") => void; }' has no call signatures.
src/services/notifications/NotificationQueue.ts(143,32): error TS2345: Argument of type 'string' is not assignable to parameter of type '"email" | "browser" | "sms" | "telegram"'.
src/services/notifications/NotificationQueue.ts(154,26): error TS2345: Argument of type 'string' is not assignable to parameter of type '"email" | "browser" | "sms" | "telegram"'.
src/services/notifications/NotificationQueue.ts(166,28): error TS2345: Argument of type 'string' is not assignable to parameter of type '"email" | "browser" | "sms" | "telegram"'.
src/services/notifications/NotificationQueue.ts(242,30): error TS2345: Argument of type 'string' is not assignable to parameter of type '"email" | "browser" | "sms" | "telegram"'.
src/services/notifications/NotificationQueue.ts(243,34): error TS2345: Argument of type 'string' is not assignable to parameter of type '"email" | "browser" | "sms" | "telegram"'.
src/services/notifications/NotificationQueue.ts(253,32): error TS2345: Argument of type 'string' is not assignable to parameter of type '"email" | "browser" | "sms" | "telegram"'.
src/services/notifications/NotificationQueue.ts(254,36): error TS2345: Argument of type 'string' is not assignable to parameter of type '"email" | "browser" | "sms" | "telegram"'.
src/services/notifications/NotificationQueue.ts(260,32): error TS2345: Argument of type 'string' is not assignable to parameter of type '"email" | "browser" | "sms" | "telegram"'.
src/services/notifications/NotificationQueue.ts(279,30): error TS2345: Argument of type 'string' is not assignable to parameter of type '"email" | "browser" | "sms" | "telegram"'.
src/services/notifications/NotificationQueue.ts(280,34): error TS2345: Argument of type 'string' is not assignable to parameter of type '"email" | "browser" | "sms" | "telegram"'.
src/services/notifications/NotificationQueue.ts(299,30): error TS2345: Argument of type 'string' is not assignable to parameter of type '"email" | "browser" | "sms" | "telegram"'.
src/services/notifications/NotificationQueue.ts(354,39): error TS2345: Argument of type 'string' is not assignable to parameter of type 'boolean'.
src/services/notifications/NotificationQueue.ts(408,37): error TS2345: Argument of type 'string' is not assignable to parameter of type 'boolean'.
src/services/notifications/scenarios/ScenarioEngine.ts(88,15): error TS2322: Type '{ level: number; id: string; code: string; name: string; permissions: string | null; description: string | null; isSystem: boolean; createdAt: Date; updatedAt: Date; }' is not assignable to type 'string'.
src/services/rules/__tests__/EventRulesHandler.test.ts(9,15): error TS2305: Module '"@prisma/client"' has no exported member 'PrismaEvent'.
src/services/rules/EventRulesHandler.ts(439,13): error TS2554: Expected 1-2 arguments, but got 3.
src/services/rules/RulesEngine.ts(164,49): error TS2344: Type 'typeof Rule' does not satisfy the constraint '(...args: any) => any'.
  Type 'typeof Rule' provides no match for the signature '(...args: any): any'.
src/services/rules/RulesEngine.ts(210,15): error TS18048: 'e' is possibly 'undefined'.
src/services/rules/RulesEngine.ts(211,18): error TS18048: 'e' is possibly 'undefined'.
src/services/rules/RulesEngine.ts(212,19): error TS18048: 'e' is possibly 'undefined'.
src/services/rules/RulesEngine.ts(217,15): error TS18048: 'e' is possibly 'undefined'.
src/services/rules/RulesEngine.ts(218,18): error TS18048: 'e' is possibly 'undefined'.
src/services/rules/RulesEngine.ts(219,19): error TS18048: 'e' is possibly 'undefined'.
src/services/rules/RulesEngine.ts(246,24): error TS2339: Property 'rules' does not exist on type 'Engine'.
src/services/rules/RulesEngine.ts(253,24): error TS2339: Property 'rules' does not exist on type 'Engine'.
src/services/scheduler/TariffExpirationScheduler.ts(98,35): error TS2345: Argument of type '{ user: { status: string; language: string; country: string; currency: string; id: string; email: string | null; name: string | null; image: string | null; roleId: string; createdAt: Date; ... 14 more ...; telegramChatId: string | null; }; tariffPlan: { ...; }; } & { ...; }' is not assignable to parameter of type '{ id: string; userId: string; tariffPaidUntil: Date | null; tariffReminderSentAt: Date | null; tariffPlan: { code: string; name: string; }; user: { id: string; email: string; name: string | null; }; }'.
  The types of 'user.email' are incompatible between these types.
    Type 'string | null' is not assignable to type 'string'.
      Type 'null' is not assignable to type 'string'.
src/services/scheduler/TariffExpirationScheduler.ts(302,31): error TS2345: Argument of type '{ user: { status: string; language: string; country: string; currency: string; id: string; email: string | null; name: string | null; image: string | null; roleId: string; createdAt: Date; ... 14 more ...; telegramChatId: string | null; }; tariffPlan: { ...; }; } & { ...; }' is not assignable to parameter of type '{ id: string; userId: string; tariffPaidUntil: Date | null; tariffReminderSentAt: Date | null; tariffPlan: { code: string; name: string; }; user: { id: string; email: string; name: string | null; }; }'.
  Types of property 'user' are incompatible.
    Type '{ status: string; language: string; country: string; currency: string; id: string; email: string | null; name: string | null; image: string | null; roleId: string; createdAt: Date; updatedAt: Date; ... 13 more ...; telegramChatId: string | null; }' is not assignable to type '{ id: string; email: string; name: string | null; }'.
src/services/sms/providers/SMSRuProvider.ts(77,30): error TS2339: Property 'status_text' does not exist on type 'SMSRuSendSMSResponse'.
src/services/sms/providers/SMSRuProvider.ts(82,46): error TS2339: Property 'status_text' does not exist on type 'SMSRuSendSMSResponse'.
src/services/sms/providers/SMSRuProvider.ts(109,18): error TS2339: Property 'status' does not exist on type 'number'.
src/services/sms/providers/SMSRuProvider.ts(109,44): error TS2339: Property 'balance' does not exist on type 'number'.
src/services/sms/providers/SMSRuProvider.ts(110,34): error TS2339: Property 'balance' does not exist on type 'number'.
src/services/sms/providers/SMSRuProvider.ts(113,30): error TS2339: Property 'status_text' does not exist on type 'number'.
src/services/sms/providers/SMSRuProvider.ts(174,25): error TS2339: Property 'status_text' does not exist on type 'SMSRuSendSMSResponse'.
src/services/workflows/AccountWorkflowService.ts(130,25): error TS2345: Argument of type '{ type: string; actorId: string; reason: string; hasPermission: boolean; } | { type: string; actorId: string; hasPermission: boolean; reason?: undefined; }' is not assignable to parameter of type '{ type: "SUSPEND"; actorId: string; reason?: string | undefined; hasPermission: boolean; } | { type: "RESTORE"; actorId: string; hasPermission: boolean; } | { type: "ARCHIVE"; actorId: string; reason?: string | undefined; hasPermission: boolean; } | { ...; }'.
  Type '{ type: string; actorId: string; reason: string; hasPermission: boolean; }' is not assignable to type '{ type: "SUSPEND"; actorId: string; reason?: string | undefined; hasPermission: boolean; } | { type: "RESTORE"; actorId: string; hasPermission: boolean; } | { type: "ARCHIVE"; actorId: string; reason?: string | undefined; hasPermission: boolean; } | { ...; }'.
    Type '{ type: string; actorId: string; reason: string; hasPermission: boolean; }' is not assignable to type '{ type: "ARCHIVE"; actorId: string; reason?: string | undefined; hasPermission: boolean; }'.
      Types of property 'type' are incompatible.
        Type 'string' is not assignable to type '"ARCHIVE"'.
src/services/workflows/AccountWorkflowService.ts(143,25): error TS2345: Argument of type '{ type: string; actorId: string; reason: string; hasPermission: boolean; } | { type: string; actorId: string; hasPermission: boolean; reason?: undefined; }' is not assignable to parameter of type '{ type: "SUSPEND"; actorId: string; reason?: string | undefined; hasPermission: boolean; } | { type: "RESTORE"; actorId: string; hasPermission: boolean; } | { type: "ARCHIVE"; actorId: string; reason?: string | undefined; hasPermission: boolean; } | { ...; }'.
src/services/workflows/index.ts(18,31): error TS2724: '"./UserWorkflowService"' has no exported member named 'UserWorkflowService'. Did you mean 'userWorkflowService'?
src/services/workflows/index.ts(21,34): error TS2724: '"./AccountWorkflowService"' has no exported member named 'AccountWorkflowService'. Did you mean 'accountWorkflowService'?
src/services/workflows/index.ts(45,8): error TS2300: Duplicate identifier 'UserEvent'.
src/services/workflows/index.ts(46,8): error TS2300: Duplicate identifier 'UserState'.
src/services/workflows/index.ts(67,3): error TS2300: Duplicate identifier 'UserState'.
src/services/workflows/index.ts(68,3): error TS2300: Duplicate identifier 'UserEvent'.
src/services/workflows/ListingWorkflowService.ts(114,25): error TS2345: Argument of type '{ type: string; moderatorId?: string | undefined; reason?: string | undefined; }' is not assignable to parameter of type '{ type: "SUBMIT"; } | { type: "APPROVE"; moderatorId: string; } | { type: "REJECT"; moderatorId: string; reason: string; } | { type: "SELL"; } | { type: "ARCHIVE"; } | { type: "DELETE"; } | { type: "RESTORE"; } | { ...; }'.
  Type '{ type: string; moderatorId?: string | undefined; reason?: string | undefined; }' is not assignable to type '{ type: "REJECT"; moderatorId: string; reason: string; }'.
    Types of property 'type' are incompatible.
      Type 'string' is not assignable to type '"REJECT"'.
src/services/workflows/ListingWorkflowService.ts(127,18): error TS2345: Argument of type '{ type: string; moderatorId?: string | undefined; reason?: string | undefined; }' is not assignable to parameter of type '{ type: "SUBMIT"; } | { type: "APPROVE"; moderatorId: string; } | { type: "REJECT"; moderatorId: string; reason: string; } | { type: "SELL"; } | { type: "ARCHIVE"; } | { type: "DELETE"; } | { type: "RESTORE"; } | { ...; }'.
src/services/workflows/machines/AccountMachine.ts(174,3): error TS2322: Type '{ setSuspendedData: ActionFunction<MachineContext, AnyEventObject, EventObject, NonReducibleUnknown, ProvidedActor, never, never, never, never>; clearSuspendedData: ActionFunction<...>; setArchivedData: ActionFunction<...>; clearArchivedData: ActionFunction<...>; logTransition: ({ context, event }: { context: Accoun...' is not assignable to type '{ setSuspendedData: ActionFunction<AccountContext, { type: "SUSPEND"; actorId: string; reason?: string | undefined; hasPermission: boolean; } | { type: "RESTORE"; actorId: string; hasPermission: boolean; } | { ...; } | { ...; }, ... 6 more ..., EventObject>; clearSuspendedData: ActionFunction<...>; setArchivedData: ...'.
  The types of 'setSuspendedData._out_TEvent' are incompatible between these types.
    Type 'EventObject | undefined' is not assignable to type '{ type: "SUSPEND"; actorId: string; reason?: string | undefined; hasPermission: boolean; } | { type: "RESTORE"; actorId: string; hasPermission: boolean; } | { type: "ARCHIVE"; actorId: string; reason?: string | undefined; hasPermission: boolean; } | { ...; } | undefined'.
      Type 'EventObject' is not assignable to type '{ type: "SUSPEND"; actorId: string; reason?: string | undefined; hasPermission: boolean; } | { type: "RESTORE"; actorId: string; hasPermission: boolean; } | { type: "ARCHIVE"; actorId: string; reason?: string | undefined; hasPermission: boolean; } | { ...; } | undefined'.
        Type 'EventObject' is not assignable to type '{ type: "SUSPEND"; actorId: string; reason?: string | undefined; hasPermission: boolean; } | { type: "RESTORE"; actorId: string; hasPermission: boolean; } | { type: "ARCHIVE"; actorId: string; reason?: string | undefined; hasPermission: boolean; } | { ...; }'.
          Type 'EventObject' is missing the following properties from type '{ type: "ACTIVATE"; actorId: string; hasPermission: boolean; }': actorId, hasPermission
src/services/workflows/machines/AccountMachine.ts(178,12): error TS2322: Type '({ input }: { input?: Partial<AccountContext>; }) => { accountId: string; userId: string; ownerId: string; accountType: string; tariffPlanId: string; suspendedBy: string | undefined; archivedBy: string | undefined; reason: string | undefined; suspendedAt: string | undefined; archivedAt: string | undefined; }' is not assignable to type 'InitialContext<AccountContext, never, NonReducibleUnknown, { type: "SUSPEND"; actorId: string; reason?: string | undefined; hasPermission: boolean; } | { ...; } | { ...; } | { ...; }>'.
  Type '({ input }: { input?: Partial<AccountContext>; }) => { accountId: string; userId: string; ownerId: string; accountType: string; tariffPlanId: string; suspendedBy: string | undefined; archivedBy: string | undefined; reason: string | undefined; suspendedAt: string | undefined; archivedAt: string | undefined; }' is not assignable to type 'ContextFactory<AccountContext, never, NonReducibleUnknown, { type: "SUSPEND"; actorId: string; reason?: string | undefined; hasPermission: boolean; } | { ...; } | { ...; } | { ...; }>'.
    Types of parameters '__0' and '__0' are incompatible.
      Type '{ spawn: { <TSrc extends never>(logic: TSrc, ...[options]: never): ActorRefFromLogic<never>; <TLogic extends AnyActorLogic>(src: TLogic, ...[options]: ConditionalRequired<[options?: ({ id?: undefined; systemId?: string | undefined; input?: InputFrom<...> | undefined; syncSnapshot?: boolean | undefined; } & { [K in R...' is not assignable to type '{ input?: Partial<AccountContext> | undefined; }'.
        Types of property 'input' are incompatible.
          Type 'NonReducibleUnknown' is not assignable to type 'Partial<AccountContext> | undefined'.
            Type 'null' is not assignable to type 'Partial<AccountContext> | undefined'.
src/services/workflows/machines/ListingMachine.ts(184,3): error TS2322: Type '{ clearModerationData: ActionFunction<MachineContext, AnyEventObject, EventObject, NonReducibleUnknown, ProvidedActor, never, never, never, never>; ... 5 more ...; logTransition: ({ context, event }: { context: ListingContext; event: ListingEvent; }) => void; }' is not assignable to type '{ clearModerationData: ActionFunction<ListingContext, { type: "SUBMIT"; } | { type: "APPROVE"; moderatorId: string; } | { type: "REJECT"; moderatorId: string; reason: string; } | { type: "SELL"; } | { ...; } | { ...; } | { ...; } | { ...; }, ... 6 more ..., EventObject>; ... 5 more ...; logTransition: ActionFunction...'.
  The types of 'clearModerationData._out_TEvent' are incompatible between these types.
    Type 'EventObject | undefined' is not assignable to type '{ type: "SUBMIT"; } | { type: "APPROVE"; moderatorId: string; } | { type: "REJECT"; moderatorId: string; reason: string; } | { type: "SELL"; } | { type: "ARCHIVE"; } | { type: "DELETE"; } | { type: "RESTORE"; } | { ...; } | undefined'.
      Type 'EventObject' is not assignable to type '{ type: "SUBMIT"; } | { type: "APPROVE"; moderatorId: string; } | { type: "REJECT"; moderatorId: string; reason: string; } | { type: "SELL"; } | { type: "ARCHIVE"; } | { type: "DELETE"; } | { type: "RESTORE"; } | { ...; } | undefined'.
        Type 'EventObject' is not assignable to type '{ type: "SUBMIT"; } | { type: "APPROVE"; moderatorId: string; } | { type: "REJECT"; moderatorId: string; reason: string; } | { type: "SELL"; } | { type: "ARCHIVE"; } | { type: "DELETE"; } | { type: "RESTORE"; } | { ...; }'.
          Type 'EventObject' is not assignable to type '{ type: "EDIT"; }'.
            Types of property 'type' are incompatible.
              Type 'string' is not assignable to type '"EDIT"'.
src/services/workflows/machines/ListingMachine.ts(188,12): error TS2322: Type '({ input }: { input?: Partial<ListingContext>; }) => { listingId: string; ownerId: string; moderatorId: string | undefined; rejectionReason: string | undefined; publishedAt: string | undefined; soldAt: string | undefined; archivedAt: string | undefined; }' is not assignable to type 'InitialContext<ListingContext, never, NonReducibleUnknown, { type: "SUBMIT"; } | { type: "APPROVE"; moderatorId: string; } | { type: "REJECT"; moderatorId: string; reason: string; } | ... 4 more ... | { ...; }>'.
  Type '({ input }: { input?: Partial<ListingContext>; }) => { listingId: string; ownerId: string; moderatorId: string | undefined; rejectionReason: string | undefined; publishedAt: string | undefined; soldAt: string | undefined; archivedAt: string | undefined; }' is not assignable to type 'ContextFactory<ListingContext, never, NonReducibleUnknown, { type: "SUBMIT"; } | { type: "APPROVE"; moderatorId: string; } | { type: "REJECT"; moderatorId: string; reason: string; } | ... 4 more ... | { ...; }>'.
    Types of parameters '__0' and '__0' are incompatible.
      Type '{ spawn: { <TSrc extends never>(logic: TSrc, ...[options]: never): ActorRefFromLogic<never>; <TLogic extends AnyActorLogic>(src: TLogic, ...[options]: ConditionalRequired<[options?: ({ id?: undefined; systemId?: string | undefined; input?: InputFrom<...> | undefined; syncSnapshot?: boolean | undefined; } & { [K in R...' is not assignable to type '{ input?: Partial<ListingContext> | undefined; }'.
        Types of property 'input' are incompatible.
          Type 'NonReducibleUnknown' is not assignable to type 'Partial<ListingContext> | undefined'.
            Type 'null' is not assignable to type 'Partial<ListingContext> | undefined'.
src/services/workflows/machines/UserMachine.ts(215,3): error TS2322: Type '{ setSuspendedData: ActionFunction<MachineContext, AnyEventObject, EventObject, NonReducibleUnknown, ProvidedActor, never, never, never, never>; clearSuspendedData: ActionFunction<...>; setBlockedData: ActionFunction<...>; clearBlockedData: ActionFunction<...>; logTransition: ({ context, event }: { context: UserCont...' is not assignable to type '{ setSuspendedData: ActionFunction<UserContext, { type: "SUSPEND"; actorId: string; actorRoleLevel: number; reason: string; hasPermission: boolean; } | { type: "RESTORE"; actorId: string; actorRoleLevel: number; hasPermission: boolean; } | { ...; } | { ...; } | { ...; }, ... 6 more ..., EventObject>; clearSuspendedD...'.
  The types of 'setSuspendedData._out_TEvent' are incompatible between these types.
    Type 'EventObject | undefined' is not assignable to type '{ type: "SUSPEND"; actorId: string; actorRoleLevel: number; reason: string; hasPermission: boolean; } | { type: "RESTORE"; actorId: string; actorRoleLevel: number; hasPermission: boolean; } | { ...; } | { ...; } | { ...; } | undefined'.
      Type 'EventObject' is not assignable to type '{ type: "SUSPEND"; actorId: string; actorRoleLevel: number; reason: string; hasPermission: boolean; } | { type: "RESTORE"; actorId: string; actorRoleLevel: number; hasPermission: boolean; } | { ...; } | { ...; } | { ...; } | undefined'.
        Type 'EventObject' is not assignable to type '{ type: "SUSPEND"; actorId: string; actorRoleLevel: number; reason: string; hasPermission: boolean; } | { type: "RESTORE"; actorId: string; actorRoleLevel: number; hasPermission: boolean; } | { ...; } | { ...; } | { ...; }'.
          Type 'EventObject' is missing the following properties from type '{ type: "DELETE"; actorId: string; actorRoleLevel: number; hasPermission: boolean; }': actorId, actorRoleLevel, hasPermission
src/services/workflows/machines/UserMachine.ts(219,12): error TS2322: Type '({ input }: { input?: Partial<UserContext>; }) => { userId: string; roleId: string; roleLevel: number; blockedBy: string | undefined; suspendedBy: string | undefined; reason: string | undefined; blockedAt: string | undefined; suspendedAt: string | undefined; }' is not assignable to type 'InitialContext<UserContext, never, NonReducibleUnknown, { type: "SUSPEND"; actorId: string; actorRoleLevel: number; reason: string; hasPermission: boolean; } | { ...; } | { ...; } | { ...; } | { ...; }>'.
  Type '({ input }: { input?: Partial<UserContext>; }) => { userId: string; roleId: string; roleLevel: number; blockedBy: string | undefined; suspendedBy: string | undefined; reason: string | undefined; blockedAt: string | undefined; suspendedAt: string | undefined; }' is not assignable to type 'ContextFactory<UserContext, never, NonReducibleUnknown, { type: "SUSPEND"; actorId: string; actorRoleLevel: number; reason: string; hasPermission: boolean; } | { ...; } | { ...; } | { ...; } | { ...; }>'.
    Types of parameters '__0' and '__0' are incompatible.
      Type '{ spawn: { <TSrc extends never>(logic: TSrc, ...[options]: never): ActorRefFromLogic<never>; <TLogic extends AnyActorLogic>(src: TLogic, ...[options]: ConditionalRequired<[options?: ({ id?: undefined; systemId?: string | undefined; input?: InputFrom<...> | undefined; syncSnapshot?: boolean | undefined; } & { [K in R...' is not assignable to type '{ input?: Partial<UserContext> | undefined; }'.
        Types of property 'input' are incompatible.
          Type 'NonReducibleUnknown' is not assignable to type 'Partial<UserContext> | undefined'.
            Type 'null' is not assignable to type 'Partial<UserContext> | undefined'.
src/services/workflows/UserWorkflowService.ts(187,25): error TS2345: Argument of type '{ type: string; actorId: string; actorRoleLevel: number; hasPermission: boolean; reason: string; } | { type: string; actorId: string; actorRoleLevel: number; hasPermission: boolean; reason?: undefined; }' is not assignable to parameter of type '{ type: "SUSPEND"; actorId: string; actorRoleLevel: number; reason: string; hasPermission: boolean; } | { type: "RESTORE"; actorId: string; actorRoleLevel: number; hasPermission: boolean; } | { ...; } | { ...; } | { ...; }'.
  Type '{ type: string; actorId: string; actorRoleLevel: number; hasPermission: boolean; reason: string; }' is not assignable to type '{ type: "SUSPEND"; actorId: string; actorRoleLevel: number; reason: string; hasPermission: boolean; } | { type: "RESTORE"; actorId: string; actorRoleLevel: number; hasPermission: boolean; } | { ...; } | { ...; } | { ...; }'.
    Type '{ type: string; actorId: string; actorRoleLevel: number; hasPermission: boolean; reason: string; }' is not assignable to type '{ type: "BLOCK"; actorId: string; actorRoleLevel: number; reason: string; hasPermission: boolean; }'.
      Types of property 'type' are incompatible.
        Type 'string' is not assignable to type '"BLOCK"'.
src/services/workflows/UserWorkflowService.ts(200,25): error TS2345: Argument of type '{ type: string; actorId: string; actorRoleLevel: number; hasPermission: boolean; reason: string; } | { type: string; actorId: string; actorRoleLevel: number; hasPermission: boolean; reason?: undefined; }' is not assignable to parameter of type '{ type: "SUSPEND"; actorId: string; actorRoleLevel: number; reason: string; hasPermission: boolean; } | { type: "RESTORE"; actorId: string; actorRoleLevel: number; hasPermission: boolean; } | { ...; } | { ...; } | { ...; }'.
src/update-user-role.ts(10,7): error TS2322: Type '{ name: string; description: string; }' is not assignable to type '(Without<RoleCreateInput, RoleUncheckedCreateInput> & RoleUncheckedCreateInput) | (Without<...> & RoleCreateInput)'.
  Type '{ name: string; description: string; }' is not assignable to type 'Without<RoleUncheckedCreateInput, RoleCreateInput> & RoleCreateInput'.
    Property 'code' is missing in type '{ name: string; description: string; }' but required in type 'RoleCreateInput'.
src/utils/formatting/__tests__/getInitials.test.ts(3,1): error TS2582: Cannot find name 'describe'. Do you need to install type definitions for a test runner? Try `npm i --save-dev @types/jest` or `npm i --save-dev @types/mocha`.
src/utils/formatting/__tests__/getInitials.test.ts(4,3): error TS2582: Cannot find name 'it'. Do you need to install type definitions for a test runner? Try `npm i --save-dev @types/jest` or `npm i --save-dev @types/mocha`.
src/utils/formatting/__tests__/getInitials.test.ts(5,5): error TS2304: Cannot find name 'expect'.
src/utils/formatting/__tests__/getInitials.test.ts(8,3): error TS2582: Cannot find name 'it'. Do you need to install type definitions for a test runner? Try `npm i --save-dev @types/jest` or `npm i --save-dev @types/mocha`.
src/utils/formatting/__tests__/getInitials.test.ts(9,5): error TS2304: Cannot find name 'expect'.
src/utils/formatting/__tests__/getInitials.test.ts(12,3): error TS2582: Cannot find name 'it'. Do you need to install type definitions for a test runner? Try `npm i --save-dev @types/jest` or `npm i --save-dev @types/mocha`.
src/utils/formatting/__tests__/getInitials.test.ts(13,5): error TS2304: Cannot find name 'expect'.
src/utils/formatting/__tests__/getInitials.test.ts(16,3): error TS2582: Cannot find name 'it'. Do you need to install type definitions for a test runner? Try `npm i --save-dev @types/jest` or `npm i --save-dev @types/mocha`.
src/utils/formatting/__tests__/getInitials.test.ts(17,5): error TS2304: Cannot find name 'expect'.
src/utils/formatting/__tests__/getInitials.test.ts(18,5): error TS2304: Cannot find name 'expect'.
src/utils/formatting/__tests__/getInitials.test.ts(21,3): error TS2582: Cannot find name 'it'. Do you need to install type definitions for a test runner? Try `npm i --save-dev @types/jest` or `npm i --save-dev @types/mocha`.
src/utils/formatting/__tests__/getInitials.test.ts(22,5): error TS2304: Cannot find name 'expect'.
src/utils/formatting/__tests__/getInitials.test.ts(23,5): error TS2304: Cannot find name 'expect'.
src/utils/formatting/__tests__/getInitials.test.ts(26,3): error TS2582: Cannot find name 'it'. Do you need to install type definitions for a test runner? Try `npm i --save-dev @types/jest` or `npm i --save-dev @types/mocha`.
src/utils/formatting/__tests__/getInitials.test.ts(33,3): error TS2582: Cannot find name 'it'. Do you need to install type definitions for a test runner? Try `npm i --save-dev @types/jest` or `npm i --save-dev @types/mocha`.
src/utils/formatting/__tests__/getInitials.test.ts(34,5): error TS2304: Cannot find name 'expect'.
src/utils/formatting/__tests__/getInitials.test.ts(37,3): error TS2582: Cannot find name 'it'. Do you need to install type definitions for a test runner? Try `npm i --save-dev @types/jest` or `npm i --save-dev @types/mocha`.
src/utils/formatting/__tests__/getInitials.test.ts(38,5): error TS2304: Cannot find name 'expect'.
src/views/admin/notifications/NotificationDashboard.tsx(185,9): error TS2322: Type 'any' is not assignable to type 'never'.
src/views/apps/user/list/UserListTable.tsx(593,64): error TS7053: Element implicitly has an 'any' type because expression of type 'string' can't be used to index type '{}'.
  No index signature with a parameter of type 'string' was found on type '{}'.
src/views/apps/user/list/UserListTable.tsx(1202,70): error TS7053: Element implicitly has an 'any' type because expression of type 'string' can't be used to index type '{}'.
  No index signature with a parameter of type 'string' was found on type '{}'.
src/views/apps/user/list/UserListTable.tsx(1203,74): error TS2339: Property 'message' does not exist on type 'string'.
src/views/apps/user/list/UserListTable.tsx(1406,65): error TS2339: Property 'message' does not exist on type 'string'.
src/views/Register.tsx(359,46): error TS2345: Argument of type '(prev: { name: string; email: string; password: string; confirmPassword: string; accountType: AccountType; }) => { accountType: "LISTING"; name: string; email: string; password: string; confirmPassword: string; }' is not assignable to parameter of type 'SetStateAction<{ name: string; email: string; password: string; confirmPassword: string; accountType: AccountType; }>'.
  Type '(prev: { name: string; email: string; password: string; confirmPassword: string; accountType: AccountType; }) => { accountType: "LISTING"; name: string; email: string; password: string; confirmPassword: string; }' is not assignable to type '(prevState: { name: string; email: string; password: string; confirmPassword: string; accountType: AccountType; }) => { name: string; email: string; password: string; confirmPassword: string; accountType: AccountType; }'.
    Call signature return types '{ accountType: "LISTING"; name: string; email: string; password: string; confirmPassword: string; }' and '{ name: string; email: string; password: string; confirmPassword: string; accountType: AccountType; }' are incompatible.
      The types of 'accountType' are incompatible between these types.
        Type '"LISTING"' is not assignable to type 'AccountType'.
src/views/Register.tsx(381,46): error TS2345: Argument of type '(prev: { name: string; email: string; password: string; confirmPassword: string; accountType: AccountType; }) => { accountType: "COMPANY"; name: string; email: string; password: string; confirmPassword: string; }' is not assignable to parameter of type 'SetStateAction<{ name: string; email: string; password: string; confirmPassword: string; accountType: AccountType; }>'.
  Type '(prev: { name: string; email: string; password: string; confirmPassword: string; accountType: AccountType; }) => { accountType: "COMPANY"; name: string; email: string; password: string; confirmPassword: string; }' is not assignable to type '(prevState: { name: string; email: string; password: string; confirmPassword: string; accountType: AccountType; }) => { name: string; email: string; password: string; confirmPassword: string; accountType: AccountType; }'.
    Call signature return types '{ accountType: "COMPANY"; name: string; email: string; password: string; confirmPassword: string; }' and '{ name: string; email: string; password: string; confirmPassword: string; accountType: AccountType; }' are incompatible.
      The types of 'accountType' are incompatible between these types.
        Type '"COMPANY"' is not assignable to type 'AccountType'.
src/views/Register.tsx(403,46): error TS2345: Argument of type '(prev: { name: string; email: string; password: string; confirmPassword: string; accountType: AccountType; }) => { accountType: "NETWORK"; name: string; email: string; password: string; confirmPassword: string; }' is not assignable to parameter of type 'SetStateAction<{ name: string; email: string; password: string; confirmPassword: string; accountType: AccountType; }>'.
  Type '(prev: { name: string; email: string; password: string; confirmPassword: string; accountType: AccountType; }) => { accountType: "NETWORK"; name: string; email: string; password: string; confirmPassword: string; }' is not assignable to type '(prevState: { name: string; email: string; password: string; confirmPassword: string; accountType: AccountType; }) => { name: string; email: string; password: string; confirmPassword: string; accountType: AccountType; }'.
    Call signature return types '{ accountType: "NETWORK"; name: string; email: string; password: string; confirmPassword: string; }' and '{ name: string; email: string; password: string; confirmPassword: string; accountType: AccountType; }' are incompatible.
      The types of 'accountType' are incompatible between these types.
        Type '"NETWORK"' is not assignable to type 'AccountType'.
tests/e2e/helpers/setup-test-user.ts(23,11): error TS2322: Type '{}' is not assignable to type 'string'.
tests/e2e/helpers/setup-test-user.ts(38,11): error TS2322: Type '{}' is not assignable to type 'string'.
tests/e2e/rate-limit/modes.spec.ts(175,55): error TS2345: Argument of type '{ mode: "enforce"; }' is not assignable to parameter of type 'RateLimitConfig'.
  Type '{ mode: "enforce"; }' is missing the following properties from type 'RateLimitConfig': maxRequests, windowMs
tests/e2e/user/user-profile.spec.ts(219,13): error TS2801: This condition will always return true since this 'Promise<boolean>' is always defined.
tests/helpers/mute-logger.ts(8,24): error TS2345: Argument of type 'string | number | symbol' is not assignable to parameter of type 'string | number'.
  Type 'symbol' is not assignable to type 'string | number'.
tests/integration/bulk-operations.test.ts(20,5): error TS2741: Property 'role' is missing in type '{ status: string; language: string; country: string; currency: string; id: string; email: string | null; name: string | null; image: string | null; roleId: string; createdAt: Date; updatedAt: Date; ... 13 more ...; telegramChatId: string | null; }' but required in type '{ id: string; email: string; role: { name: string; }; }'.
tests/integration/bulk-operations.test.ts(28,38): error TS2322: Type '{}' is not assignable to type 'string'.
tests/integration/bulk-operations.test.ts(58,39): error TS2322: Type '{}' is not assignable to type 'string'.
tests/integration/bulk-operations.test.ts(123,45): error TS2322: Type '{}' is not assignable to type 'string'.
tests/integration/bulk-operations.test.ts(184,9): error TS2322: Type '{ userId: string; token: string; expiresAt: Date; }[]' is not assignable to type 'SessionCreateManyInput | SessionCreateManyInput[]'.
  Type '{ userId: string; token: string; expiresAt: Date; }[]' is not assignable to type 'SessionCreateManyInput[]'.
    Property 'sessionToken' is missing in type '{ userId: string; token: string; expiresAt: Date; }' but required in type 'SessionCreateManyInput'.
tests/integration/config/service-configuration-api.integration.test.ts(168,9): error TS2322: Type '{ name: string; host: string; port: number; protocol: string; enabled: true; }' is not assignable to type '(Without<ServiceConfigurationCreateInput, ServiceConfigurationUncheckedCreateInput> & ServiceConfigurationUncheckedCreateInput) | (Without<...> & ServiceConfigurationCreateInput)'.
  Type '{ name: string; host: string; port: number; protocol: string; enabled: true; }' is not assignable to type 'Without<ServiceConfigurationUncheckedCreateInput, ServiceConfigurationCreateInput> & ServiceConfigurationCreateInput'.
    Type '{ name: string; host: string; port: number; protocol: string; enabled: true; }' is missing the following properties from type 'ServiceConfigurationCreateInput': displayName, type
tests/integration/config/service-configuration-api.integration.test.ts(217,9): error TS2322: Type '{ name: string; host: string; port: number; protocol: string; enabled: true; }' is not assignable to type '(Without<ServiceConfigurationCreateInput, ServiceConfigurationUncheckedCreateInput> & ServiceConfigurationUncheckedCreateInput) | (Without<...> & ServiceConfigurationCreateInput)'.
  Type '{ name: string; host: string; port: number; protocol: string; enabled: true; }' is not assignable to type 'Without<ServiceConfigurationUncheckedCreateInput, ServiceConfigurationCreateInput> & ServiceConfigurationCreateInput'.
    Type '{ name: string; host: string; port: number; protocol: string; enabled: true; }' is missing the following properties from type 'ServiceConfigurationCreateInput': displayName, type
tests/integration/config/service-configuration-api.integration.test.ts(260,9): error TS2322: Type '{ name: string; host: string; port: number; protocol: string; enabled: true; }' is not assignable to type '(Without<ServiceConfigurationCreateInput, ServiceConfigurationUncheckedCreateInput> & ServiceConfigurationUncheckedCreateInput) | (Without<...> & ServiceConfigurationCreateInput)'.
  Type '{ name: string; host: string; port: number; protocol: string; enabled: true; }' is not assignable to type 'Without<ServiceConfigurationUncheckedCreateInput, ServiceConfigurationCreateInput> & ServiceConfigurationCreateInput'.
    Type '{ name: string; host: string; port: number; protocol: string; enabled: true; }' is missing the following properties from type 'ServiceConfigurationCreateInput': displayName, type
tests/integration/config/service-configuration-api.integration.test.ts(307,9): error TS2322: Type '{ name: string; host: string; protocol: string; enabled: true; }' is not assignable to type '(Without<ServiceConfigurationCreateInput, ServiceConfigurationUncheckedCreateInput> & ServiceConfigurationUncheckedCreateInput) | (Without<...> & ServiceConfigurationCreateInput)'.
  Type '{ name: string; host: string; protocol: string; enabled: true; }' is not assignable to type 'Without<ServiceConfigurationUncheckedCreateInput, ServiceConfigurationCreateInput> & ServiceConfigurationCreateInput'.
    Type '{ name: string; host: string; protocol: string; enabled: true; }' is missing the following properties from type 'ServiceConfigurationCreateInput': displayName, type
tests/integration/config/service-configuration-api.integration.test.ts(336,9): error TS2322: Type '{ name: string; host: string; port: number; protocol: string; enabled: false; }' is not assignable to type '(Without<ServiceConfigurationCreateInput, ServiceConfigurationUncheckedCreateInput> & ServiceConfigurationUncheckedCreateInput) | (Without<...> & ServiceConfigurationCreateInput)'.
  Type '{ name: string; host: string; port: number; protocol: string; enabled: false; }' is not assignable to type 'Without<ServiceConfigurationUncheckedCreateInput, ServiceConfigurationCreateInput> & ServiceConfigurationCreateInput'.
    Type '{ name: string; host: string; port: number; protocol: string; enabled: false; }' is missing the following properties from type 'ServiceConfigurationCreateInput': displayName, type
tests/integration/config/service-configuration-api.integration.test.ts(405,9): error TS2322: Type '{ name: string; host: string; port: number; protocol: string; enabled: false; }' is not assignable to type '(Without<ServiceConfigurationCreateInput, ServiceConfigurationUncheckedCreateInput> & ServiceConfigurationUncheckedCreateInput) | (Without<...> & ServiceConfigurationCreateInput)'.
  Type '{ name: string; host: string; port: number; protocol: string; enabled: false; }' is not assignable to type 'Without<ServiceConfigurationUncheckedCreateInput, ServiceConfigurationCreateInput> & ServiceConfigurationCreateInput'.
    Type '{ name: string; host: string; port: number; protocol: string; enabled: false; }' is missing the following properties from type 'ServiceConfigurationCreateInput': displayName, type
tests/integration/import-export-rate-limit.test.ts(60,22): error TS2339: Property 'mockReturnValue' does not exist on type '(request: NextRequest) => string | null'.
tests/integration/import-export-rate-limit.test.ts(72,23): error TS2339: Property 'mockResolvedValue' does not exist on type '(request?: NextRequest | undefined) => Promise<{ session: Session; user: NonNullable<User & { role?: { level: number; id: string; code: string; name: string; permissions: string | null; description: string | null; isSystem: boolean; createdAt: Date; updatedAt: Date; } | null | undefined; }>; }>'.
tests/integration/import-export-rate-limit.test.ts(73,39): error TS2339: Property 'mockResolvedValue' does not exist on type '(key: string, module: string, options?: RateLimitCheckOptions | undefined) => Promise<RateLimitResult>'.
tests/integration/import-export-rate-limit.test.ts(79,36): error TS2339: Property 'mockResolvedValue' does not exist on type '(entityType: string, options: ExportOptions & { actorId?: string | undefined; }) => Promise<ExportResult>'.
tests/integration/import-export-rate-limit.test.ts(85,42): error TS2345: Argument of type 'Request' is not assignable to parameter of type 'NextRequest'.
  Type 'Request' is missing the following properties from type 'NextRequest': cookies, nextUrl, page, ua, [INTERNALS]
tests/integration/import-export-rate-limit.test.ts(105,23): error TS2339: Property 'mockResolvedValue' does not exist on type '(request?: NextRequest | undefined) => Promise<{ session: Session; user: NonNullable<User & { role?: { level: number; id: string; code: string; name: string; permissions: string | null; description: string | null; isSystem: boolean; createdAt: Date; updatedAt: Date; } | null | undefined; }>; }>'.
tests/integration/import-export-rate-limit.test.ts(107,39): error TS2339: Property 'mockResolvedValue' does not exist on type '(key: string, module: string, options?: RateLimitCheckOptions | undefined) => Promise<RateLimitResult>'.
tests/integration/import-export-rate-limit.test.ts(114,42): error TS2345: Argument of type 'Request' is not assignable to parameter of type 'NextRequest'.
tests/integration/import-export-rate-limit.test.ts(135,23): error TS2339: Property 'mockRejectedValue' does not exist on type '(request?: NextRequest | undefined) => Promise<{ session: Session; user: NonNullable<User & { role?: { level: number; id: string; code: string; name: string; permissions: string | null; description: string | null; isSystem: boolean; createdAt: Date; updatedAt: Date; } | null | undefined; }>; }>'.
tests/integration/import-export-rate-limit.test.ts(136,24): error TS2339: Property 'mockReturnValue' does not exist on type '(request: NextRequest) => string | null'.
tests/integration/import-export-rate-limit.test.ts(137,39): error TS2339: Property 'mockResolvedValue' does not exist on type '(key: string, module: string, options?: RateLimitCheckOptions | undefined) => Promise<RateLimitResult>'.
tests/integration/import-export-rate-limit.test.ts(143,36): error TS2339: Property 'mockResolvedValue' does not exist on type '(entityType: string, options: ExportOptions & { actorId?: string | undefined; }) => Promise<ExportResult>'.
tests/integration/import-export-rate-limit.test.ts(149,42): error TS2345: Argument of type 'Request' is not assignable to parameter of type 'NextRequest'.
tests/integration/import-export-rate-limit.test.ts(168,23): error TS2339: Property 'mockRejectedValue' does not exist on type '(request?: NextRequest | undefined) => Promise<{ session: Session; user: NonNullable<User & { role?: { level: number; id: string; code: string; name: string; permissions: string | null; description: string | null; isSystem: boolean; createdAt: Date; updatedAt: Date; } | null | undefined; }>; }>'.
tests/integration/import-export-rate-limit.test.ts(169,24): error TS2339: Property 'mockReturnValue' does not exist on type '(request: NextRequest) => string | null'.
tests/integration/import-export-rate-limit.test.ts(170,39): error TS2339: Property 'mockResolvedValue' does not exist on type '(key: string, module: string, options?: RateLimitCheckOptions | undefined) => Promise<RateLimitResult>'.
tests/integration/import-export-rate-limit.test.ts(176,36): error TS2339: Property 'mockResolvedValue' does not exist on type '(entityType: string, options: ExportOptions & { actorId?: string | undefined; }) => Promise<ExportResult>'.
tests/integration/import-export-rate-limit.test.ts(182,42): error TS2345: Argument of type 'Request' is not assignable to parameter of type 'NextRequest'.
tests/integration/import-export-rate-limit.test.ts(201,23): error TS2339: Property 'mockResolvedValue' does not exist on type '(request?: NextRequest | undefined) => Promise<{ session: Session; user: NonNullable<User & { role?: { level: number; id: string; code: string; name: string; permissions: string | null; description: string | null; isSystem: boolean; createdAt: Date; updatedAt: Date; } | null | undefined; }>; }>'.
tests/integration/import-export-rate-limit.test.ts(202,39): error TS2339: Property 'mockResolvedValue' does not exist on type '(key: string, module: string, options?: RateLimitCheckOptions | undefined) => Promise<RateLimitResult>'.
tests/integration/import-export-rate-limit.test.ts(210,9): error TS2345: Argument of type 'Request' is not assignable to parameter of type 'NextRequest'.
tests/integration/import-export-rate-limit.test.ts(242,23): error TS2339: Property 'mockResolvedValue' does not exist on type '(request?: NextRequest | undefined) => Promise<{ session: Session; user: NonNullable<User & { role?: { level: number; id: string; code: string; name: string; permissions: string | null; description: string | null; isSystem: boolean; createdAt: Date; updatedAt: Date; } | null | undefined; }>; }>'.
tests/integration/import-export-rate-limit.test.ts(243,39): error TS2339: Property 'mockResolvedValue' does not exist on type '(key: string, module: string, options?: RateLimitCheckOptions | undefined) => Promise<RateLimitResult>'.
tests/integration/import-export-rate-limit.test.ts(249,36): error TS2339: Property 'mockResolvedValue' does not exist on type '(entityType: string, file: File, options: ImportOptions & { actorId?: string | undefined; }) => Promise<ImportResult>'.
tests/integration/import-export-rate-limit.test.ts(257,42): error TS2345: Argument of type 'Request' is not assignable to parameter of type 'NextRequest'.
tests/integration/import-export-rate-limit.test.ts(277,23): error TS2339: Property 'mockResolvedValue' does not exist on type '(request?: NextRequest | undefined) => Promise<{ session: Session; user: NonNullable<User & { role?: { level: number; id: string; code: string; name: string; permissions: string | null; description: string | null; isSystem: boolean; createdAt: Date; updatedAt: Date; } | null | undefined; }>; }>'.
tests/integration/import-export-rate-limit.test.ts(279,39): error TS2339: Property 'mockResolvedValue' does not exist on type '(key: string, module: string, options?: RateLimitCheckOptions | undefined) => Promise<RateLimitResult>'.
tests/integration/import-export-rate-limit.test.ts(286,42): error TS2345: Argument of type 'Request' is not assignable to parameter of type 'NextRequest'.
tests/integration/import-export-rate-limit.test.ts(307,23): error TS2339: Property 'mockRejectedValue' does not exist on type '(request?: NextRequest | undefined) => Promise<{ session: Session; user: NonNullable<User & { role?: { level: number; id: string; code: string; name: string; permissions: string | null; description: string | null; isSystem: boolean; createdAt: Date; updatedAt: Date; } | null | undefined; }>; }>'.
tests/integration/import-export-rate-limit.test.ts(308,24): error TS2339: Property 'mockReturnValue' does not exist on type '(request: NextRequest) => string | null'.
tests/integration/import-export-rate-limit.test.ts(309,39): error TS2339: Property 'mockResolvedValue' does not exist on type '(key: string, module: string, options?: RateLimitCheckOptions | undefined) => Promise<RateLimitResult>'.
tests/integration/import-export-rate-limit.test.ts(315,36): error TS2339: Property 'mockResolvedValue' does not exist on type '(entityType: string, file: File, options: ImportOptions & { actorId?: string | undefined; }) => Promise<ImportResult>'.
tests/integration/import-export-rate-limit.test.ts(323,42): error TS2345: Argument of type 'Request' is not assignable to parameter of type 'NextRequest'.
tests/integration/import-export-rate-limit.test.ts(342,23): error TS2339: Property 'mockResolvedValue' does not exist on type '(request?: NextRequest | undefined) => Promise<{ session: Session; user: NonNullable<User & { role?: { level: number; id: string; code: string; name: string; permissions: string | null; description: string | null; isSystem: boolean; createdAt: Date; updatedAt: Date; } | null | undefined; }>; }>'.
tests/integration/import-export-rate-limit.test.ts(343,39): error TS2339: Property 'mockResolvedValue' does not exist on type '(key: string, module: string, options?: RateLimitCheckOptions | undefined) => Promise<RateLimitResult>'.
tests/integration/import-export-rate-limit.test.ts(353,42): error TS2345: Argument of type 'Request' is not assignable to parameter of type 'NextRequest'.
tests/integration/import-export-rate-limit.test.ts(364,23): error TS2339: Property 'mockResolvedValue' does not exist on type '(request?: NextRequest | undefined) => Promise<{ session: Session; user: NonNullable<User & { role?: { level: number; id: string; code: string; name: string; permissions: string | null; description: string | null; isSystem: boolean; createdAt: Date; updatedAt: Date; } | null | undefined; }>; }>'.
tests/integration/import-export-rate-limit.test.ts(365,39): error TS2339: Property 'mockResolvedValue' does not exist on type '(key: string, module: string, options?: RateLimitCheckOptions | undefined) => Promise<RateLimitResult>'.
tests/integration/import-export-rate-limit.test.ts(375,42): error TS2345: Argument of type 'Request' is not assignable to parameter of type 'NextRequest'.
tests/integration/import-export-rate-limit.test.ts(386,23): error TS2339: Property 'mockResolvedValue' does not exist on type '(request?: NextRequest | undefined) => Promise<{ session: Session; user: NonNullable<User & { role?: { level: number; id: string; code: string; name: string; permissions: string | null; description: string | null; isSystem: boolean; createdAt: Date; updatedAt: Date; } | null | undefined; }>; }>'.
tests/integration/import-export-rate-limit.test.ts(388,39): error TS2339: Property 'mockResolvedValue' does not exist on type '(key: string, module: string, options?: RateLimitCheckOptions | undefined) => Promise<RateLimitResult>'.
tests/integration/import-export-rate-limit.test.ts(395,42): error TS2345: Argument of type 'Request' is not assignable to parameter of type 'NextRequest'.
tests/integration/import-export-rate-limit.test.ts(412,23): error TS2339: Property 'mockResolvedValue' does not exist on type '(request?: NextRequest | undefined) => Promise<{ session: Session; user: NonNullable<User & { role?: { level: number; id: string; code: string; name: string; permissions: string | null; description: string | null; isSystem: boolean; createdAt: Date; updatedAt: Date; } | null | undefined; }>; }>'.
tests/integration/import-export-rate-limit.test.ts(413,24): error TS2339: Property 'mockReturnValue' does not exist on type '(request: NextRequest) => string | null'.
tests/integration/import-export-rate-limit.test.ts(414,39): error TS2339: Property 'mockResolvedValue' does not exist on type '(key: string, module: string, options?: RateLimitCheckOptions | undefined) => Promise<RateLimitResult>'.
tests/integration/import-export-rate-limit.test.ts(420,36): error TS2339: Property 'mockResolvedValue' does not exist on type '(entityType: string, options: ExportOptions & { actorId?: string | undefined; }) => Promise<ExportResult>'.
tests/integration/import-export-rate-limit.test.ts(427,9): error TS2345: Argument of type 'Request' is not assignable to parameter of type 'NextRequest'.
tests/integration/import-export-rate-limit.test.ts(447,23): error TS2339: Property 'mockRejectedValue' does not exist on type '(request?: NextRequest | undefined) => Promise<{ session: Session; user: NonNullable<User & { role?: { level: number; id: string; code: string; name: string; permissions: string | null; description: string | null; isSystem: boolean; createdAt: Date; updatedAt: Date; } | null | undefined; }>; }>'.
tests/integration/import-export-rate-limit.test.ts(448,24): error TS2339: Property 'mockReturnValue' does not exist on type '(request: NextRequest) => string | null'.
tests/integration/import-export-rate-limit.test.ts(449,39): error TS2339: Property 'mockResolvedValue' does not exist on type '(key: string, module: string, options?: RateLimitCheckOptions | undefined) => Promise<RateLimitResult>'.
tests/integration/import-export-rate-limit.test.ts(455,36): error TS2339: Property 'mockResolvedValue' does not exist on type '(entityType: string, file: File, options: ImportOptions & { actorId?: string | undefined; }) => Promise<ImportResult>'.
tests/integration/import-export-rate-limit.test.ts(470,9): error TS2345: Argument of type 'Request' is not assignable to parameter of type 'NextRequest'.
tests/integration/import-export-workflows.test.ts(167,23): error TS2503: Cannot find namespace 'vi'.
tests/integration/notifications/notification-queue.integration.test.ts(138,7): error TS2353: Object literal may only specify known properties, and 'body' does not exist in type 'NotificationChannelOptions'.
tests/integration/rate-limit-admin.test.ts(27,44): error TS2305: Module '"@/utils/permissions/permissions"' has no exported member 'isAdmin'.
tests/integration/rate-limit-admin.test.ts(48,21): error TS2339: Property 'mockResolvedValue' does not exist on type '(request?: NextRequest | undefined) => Promise<{ session: Session; user: NonNullable<User & { role?: { level: number; id: string; code: string; name: string; permissions: string | null; description: string | null; isSystem: boolean; createdAt: Date; updatedAt: Date; } | null | undefined; }>; }>'.
tests/integration/rate-limit-admin.test.ts(49,22): error TS2339: Property 'mockReturnValue' does not exist on type '(user: UserWithRole | null) => boolean'.
tests/integration/rate-limit-admin.test.ts(54,37): error TS2339: Property 'mockResolvedValue' does not exist on type '(params?: ListRateLimitStatesParams) => Promise<RateLimitStateListResult>'.
tests/integration/rate-limit-admin.test.ts(56,43): error TS2345: Argument of type 'Request' is not assignable to parameter of type 'NextRequest'.
tests/integration/rate-limit-admin.test.ts(65,43): error TS2345: Argument of type 'Request' is not assignable to parameter of type 'NextRequest'.
tests/integration/rate-limit-admin.test.ts(70,37): error TS2339: Property 'mockResolvedValue' does not exist on type '(params?: ListRateLimitEventsParams, includeSensitive?: boolean) => Promise<RateLimitEventListResult>'.
tests/integration/rate-limit-admin.test.ts(73,7): error TS2345: Argument of type 'Request' is not assignable to parameter of type 'NextRequest'.
tests/integration/rate-limit-admin.test.ts(85,44): error TS2339: Property 'mockResolvedValue' does not exist on type '(params: { module: string; reason: string; blockedBy: string; userId?: string | null | undefined; email?: string | null | undefined; mailDomain?: string | null | undefined; ipAddress?: string | null | undefined; ... 4 more ...; overwrite?: boolean | undefined; }) => Promise<...>'.
tests/integration/rate-limit-admin.test.ts(95,7): error TS2345: Argument of type 'Request' is not assignable to parameter of type 'NextRequest'.
tests/integration/rate-limit-admin.test.ts(112,44): error TS2339: Property 'mockRejectedValue' does not exist on type '(params: { module: string; reason: string; blockedBy: string; userId?: string | null | undefined; email?: string | null | undefined; mailDomain?: string | null | undefined; ipAddress?: string | null | undefined; ... 4 more ...; overwrite?: boolean | undefined; }) => Promise<...>'.
tests/integration/rate-limit-admin.test.ts(115,7): error TS2345: Argument of type 'Request' is not assignable to parameter of type 'NextRequest'.
tests/integration/rate-limit-admin.test.ts(125,48): error TS2339: Property 'mockResolvedValue' does not exist on type '(blockId: string) => Promise<boolean>'.
tests/integration/rate-limit-admin.test.ts(127,45): error TS2345: Argument of type 'Request' is not assignable to parameter of type 'NextRequest'.
tests/integration/rate-limit-admin.test.ts(136,37): error TS2339: Property 'mockResolvedValue' does not exist on type '(stateId: string) => Promise<boolean>'.
tests/integration/rate-limit-admin.test.ts(138,45): error TS2345: Argument of type 'Request' is not assignable to parameter of type 'NextRequest'.
tests/integration/rate-limit-admin.test.ts(148,8): error TS2339: Property 'mockResolvedValueOnce' does not exist on type '(module: string) => Promise<RateLimitConfig>'.
tests/integration/rate-limit-admin.test.ts(152,7): error TS2345: Argument of type 'Request' is not assignable to parameter of type 'NextRequest'.
tests/integration/rate-limit-admin.test.ts(165,39): error TS2339: Property 'mockResolvedValue' does not exist on type '(params?: ListRateLimitStatesParams) => Promise<RateLimitStateListResult>'.
tests/integration/rate-limit-admin.test.ts(174,9): error TS2345: Argument of type 'Request' is not assignable to parameter of type 'NextRequest'.
tests/integration/rate-limit-admin.test.ts(186,39): error TS2339: Property 'mockResolvedValue' does not exist on type '(params?: ListRateLimitStatesParams) => Promise<RateLimitStateListResult>'.
tests/integration/rate-limit-admin.test.ts(194,9): error TS2345: Argument of type 'Request' is not assignable to parameter of type 'NextRequest'.
tests/integration/rate-limit-admin.test.ts(204,39): error TS2339: Property 'mockResolvedValue' does not exist on type '(params?: ListRateLimitStatesParams) => Promise<RateLimitStateListResult>'.
tests/integration/rate-limit-admin.test.ts(212,9): error TS2345: Argument of type 'Request' is not assignable to parameter of type 'NextRequest'.
tests/integration/rate-limit-admin.test.ts(222,39): error TS2339: Property 'mockResolvedValue' does not exist on type '(params?: ListRateLimitEventsParams, includeSensitive?: boolean) => Promise<RateLimitEventListResult>'.
tests/integration/rate-limit-admin.test.ts(229,9): error TS2345: Argument of type 'Request' is not assignable to parameter of type 'NextRequest'.
tests/integration/rate-limit-admin.test.ts(242,39): error TS2339: Property 'mockResolvedValue' does not exist on type '(params?: ListRateLimitEventsParams, includeSensitive?: boolean) => Promise<RateLimitEventListResult>'.
tests/integration/rate-limit-admin.test.ts(248,9): error TS2345: Argument of type 'Request' is not assignable to parameter of type 'NextRequest'.
tests/integration/rate-limit-admin.test.ts(260,40): error TS2339: Property 'mockResolvedValue' does not exist on type '(key?: string | undefined, module?: string | undefined) => Promise<boolean>'.
tests/integration/rate-limit-admin.test.ts(263,9): error TS2345: Argument of type 'Request' is not assignable to parameter of type 'NextRequest'.
tests/integration/rate-limit-admin.test.ts(271,40): error TS2339: Property 'mockResolvedValue' does not exist on type '(key?: string | undefined, module?: string | undefined) => Promise<boolean>'.
tests/integration/rate-limit-admin.test.ts(273,48): error TS2345: Argument of type 'Request' is not assignable to parameter of type 'NextRequest'.
tests/integration/rate-limit-admin.test.ts(280,40): error TS2339: Property 'mockResolvedValue' does not exist on type '(key?: string | undefined, module?: string | undefined) => Promise<boolean>'.
tests/integration/rate-limit-admin.test.ts(282,48): error TS2345: Argument of type 'Request' is not assignable to parameter of type 'NextRequest'.
tests/integration/rate-limit-admin.test.ts(291,9): error TS2345: Argument of type 'Request' is not assignable to parameter of type 'NextRequest'.
tests/integration/rate-limit-admin.test.ts(303,9): error TS2345: Argument of type 'Request' is not assignable to parameter of type 'NextRequest'.
tests/integration/rate-limit-admin.test.ts(315,9): error TS2345: Argument of type 'Request' is not assignable to parameter of type 'NextRequest'.
tests/integration/rate-limit-admin.test.ts(326,9): error TS2345: Argument of type 'Request' is not assignable to parameter of type 'NextRequest'.
tests/integration/rate-limit-admin.test.ts(337,9): error TS2345: Argument of type 'Request' is not assignable to parameter of type 'NextRequest'.
tests/integration/rate-limit-admin.test.ts(347,38): error TS2339: Property 'mockResolvedValue' does not exist on type '(module: string) => Promise<RateLimitConfig>'.
tests/integration/rate-limit-admin.test.ts(350,9): error TS2345: Argument of type 'Request' is not assignable to parameter of type 'NextRequest'.
tests/integration/rate-limit-admin.test.ts(382,9): error TS2345: Argument of type 'Request' is not assignable to parameter of type 'NextRequest'.
tests/integration/rate-limit-admin.test.ts(396,9): error TS2345: Argument of type 'Request' is not assignable to parameter of type 'NextRequest'.
tests/integration/rate-limit-admin.test.ts(407,9): error TS2345: Argument of type 'Request' is not assignable to parameter of type 'NextRequest'.
tests/integration/rate-limit-admin.test.ts(417,46): error TS2339: Property 'mockResolvedValue' does not exist on type '(params: { module: string; reason: string; blockedBy: string; userId?: string | null | undefined; email?: string | null | undefined; mailDomain?: string | null | undefined; ipAddress?: string | null | undefined; ... 4 more ...; overwrite?: boolean | undefined; }) => Promise<...>'.
tests/integration/rate-limit-admin.test.ts(420,9): error TS2345: Argument of type 'Request' is not assignable to parameter of type 'NextRequest'.
tests/integration/rate-limit-admin.test.ts(443,46): error TS2339: Property 'mockResolvedValue' does not exist on type '(params: { module: string; reason: string; blockedBy: string; userId?: string | null | undefined; email?: string | null | undefined; mailDomain?: string | null | undefined; ipAddress?: string | null | undefined; ... 4 more ...; overwrite?: boolean | undefined; }) => Promise<...>'.
tests/integration/rate-limit-admin.test.ts(446,9): error TS2345: Argument of type 'Request' is not assignable to parameter of type 'NextRequest'.
tests/integration/rate-limit-admin.test.ts(471,23): error TS2339: Property 'mockResolvedValue' does not exist on type '(request?: NextRequest | undefined) => Promise<{ session: Session; user: NonNullable<User & { role?: { level: number; id: string; code: string; name: string; permissions: string | null; description: string | null; isSystem: boolean; createdAt: Date; updatedAt: Date; } | null | undefined; }>; }>'.
tests/integration/rate-limit-admin.test.ts(473,45): error TS2345: Argument of type 'Request' is not assignable to parameter of type 'NextRequest'.
tests/integration/rate-limit-admin.test.ts(479,23): error TS2339: Property 'mockResolvedValue' does not exist on type '(request?: NextRequest | undefined) => Promise<{ session: Session; user: NonNullable<User & { role?: { level: number; id: string; code: string; name: string; permissions: string | null; description: string | null; isSystem: boolean; createdAt: Date; updatedAt: Date; } | null | undefined; }>; }>'.
tests/integration/rate-limit-admin.test.ts(480,24): error TS2339: Property 'mockReturnValue' does not exist on type '(user: UserWithRole | null) => boolean'.
tests/integration/rate-limit-admin.test.ts(483,45): error TS2345: Argument of type 'Request' is not assignable to parameter of type 'NextRequest'.
tests/integration/user-repository.test.ts(23,9): error TS2739: Type '{ id: string; name: string; description: null; permissions: string; createdAt: Date; updatedAt: Date; }' is missing the following properties from type '{ level: number; id: string; code: string; name: string; permissions: string | null; description: string | null; isSystem: boolean; createdAt: Date; updatedAt: Date; }': level, code, isSystem
tests/integration/user-repository.test.ts(32,9): error TS2740: Type '{ id: string; name: string; email: string; username: string; password: string; roleId: string; country: string; language: string; currency: string; image: null; isActive: true; lastSeen: null; createdAt: Date; updatedAt: Date; }' is missing the following properties from type '{ status: string; language: string; country: string; currency: string; id: string; email: string | null; name: string | null; image: string | null; roleId: string; createdAt: Date; updatedAt: Date; ... 13 more ...; telegramChatId: string | null; }': status, usernameChangedAt, phone, emailVerified, and 7 more.
tests/integration/user-repository.test.ts(122,13): error TS2740: Type '{ id: string; createdAt: Date; updatedAt: Date; name: string; email: string; username: string; password: string; roleId: string; country: string; language: string; currency: string; image: null; isActive: boolean; lastSeen: null; }' is missing the following properties from type '{ status: string; language: string; country: string; currency: string; id: string; email: string | null; name: string | null; image: string | null; roleId: string; createdAt: Date; updatedAt: Date; ... 13 more ...; telegramChatId: string | null; }': status, usernameChangedAt, phone, emailVerified, and 7 more.
tests/integration/user-repository.test.ts(131,46): error TS2345: Argument of type '{ name: string; email: string; username: string; password: string; roleId: string; country: string; language: string; currency: string; image: null; isActive: boolean; lastSeen: null; }' is not assignable to parameter of type 'Omit<{ status: string; language: string; country: string; currency: string; id: string; email: string | null; name: string | null; image: string | null; roleId: string; createdAt: Date; updatedAt: Date; ... 13 more ...; telegramChatId: string | null; }, "id" | ... 1 more ... | "updatedAt">'.
  Type '{ name: string; email: string; username: string; password: string; roleId: string; country: string; language: string; currency: string; image: null; isActive: boolean; lastSeen: null; }' is missing the following properties from type 'Omit<{ status: string; language: string; country: string; currency: string; id: string; email: string | null; name: string | null; image: string | null; roleId: string; createdAt: Date; updatedAt: Date; ... 13 more ...; telegramChatId: string | null; }, "id" | ... 1 more ... | "updatedAt">': status, usernameChangedAt, phone, emailVerified, and 7 more.
tests/integration/user-repository.test.ts(157,38): error TS2345: Argument of type '{ name: string; email: string; username: string; password: string; roleId: string; country: null; language: null; currency: null; image: null; isActive: boolean; lastSeen: null; }' is not assignable to parameter of type 'Omit<{ status: string; language: string; country: string; currency: string; id: string; email: string | null; name: string | null; image: string | null; roleId: string; createdAt: Date; updatedAt: Date; ... 13 more ...; telegramChatId: string | null; }, "id" | ... 1 more ... | "updatedAt">'.
  Type '{ name: string; email: string; username: string; password: string; roleId: string; country: null; language: null; currency: null; image: null; isActive: boolean; lastSeen: null; }' is missing the following properties from type 'Omit<{ status: string; language: string; country: string; currency: string; id: string; email: string | null; name: string | null; image: string | null; roleId: string; createdAt: Date; updatedAt: Date; ... 13 more ...; telegramChatId: string | null; }, "id" | ... 1 more ... | "updatedAt">': status, usernameChangedAt, phone, emailVerified, and 7 more.
tests/integration/user-service.test.ts(41,9): error TS2740: Type '{ id: string; name: string; email: string; username: string; password: string; roleId: string; country: string; language: string; currency: string; image: null; isActive: true; lastSeen: null; createdAt: Date; updatedAt: Date; }' is missing the following properties from type '{ status: string; language: string; country: string; currency: string; id: string; email: string | null; name: string | null; image: string | null; roleId: string; createdAt: Date; updatedAt: Date; ... 13 more ...; telegramChatId: string | null; }': status, usernameChangedAt, phone, emailVerified, and 7 more.
tests/integration/user-service.test.ts(137,13): error TS2740: Type '{ id: string; createdAt: Date; updatedAt: Date; name: string; email: string; username: string; password: string; roleId: string; country: string; language: string; currency: string; image: null; isActive: boolean; lastSeen: null; }' is missing the following properties from type '{ status: string; language: string; country: string; currency: string; id: string; email: string | null; name: string | null; image: string | null; roleId: string; createdAt: Date; updatedAt: Date; ... 13 more ...; telegramChatId: string | null; }': status, usernameChangedAt, phone, emailVerified, and 7 more.
tests/integration/user-service.test.ts(147,47): error TS2345: Argument of type '{ name: string; email: string; username: string; password: string; roleId: string; country: string; language: string; currency: string; image: null; isActive: boolean; lastSeen: null; }' is not assignable to parameter of type 'Omit<{ status: string; language: string; country: string; currency: string; id: string; email: string | null; name: string | null; image: string | null; roleId: string; createdAt: Date; updatedAt: Date; ... 13 more ...; telegramChatId: string | null; }, "id" | ... 1 more ... | "updatedAt">'.
  Type '{ name: string; email: string; username: string; password: string; roleId: string; country: string; language: string; currency: string; image: null; isActive: boolean; lastSeen: null; }' is missing the following properties from type 'Omit<{ status: string; language: string; country: string; currency: string; id: string; email: string | null; name: string | null; image: string | null; roleId: string; createdAt: Date; updatedAt: Date; ... 13 more ...; telegramChatId: string | null; }, "id" | ... 1 more ... | "updatedAt">': status, usernameChangedAt, phone, emailVerified, and 7 more.
tests/integration/user-service.test.ts(159,13): error TS2740: Type '{ id: string; createdAt: Date; updatedAt: Date; name: string; email: string; username: string; password: string; roleId: string; country: string; language: string; currency: string; image: null; isActive: boolean; lastSeen: null; }' is missing the following properties from type '{ status: string; language: string; country: string; currency: string; id: string; email: string | null; name: string | null; image: string | null; roleId: string; createdAt: Date; updatedAt: Date; ... 13 more ...; telegramChatId: string | null; }': status, usernameChangedAt, phone, emailVerified, and 7 more.
tests/integration/user-service.test.ts(170,47): error TS2345: Argument of type '{ name: string; email: string; username: string; password: string; roleId: string; country: string; language: string; currency: string; image: null; isActive: boolean; lastSeen: null; }' is not assignable to parameter of type 'Omit<{ status: string; language: string; country: string; currency: string; id: string; email: string | null; name: string | null; image: string | null; roleId: string; createdAt: Date; updatedAt: Date; ... 13 more ...; telegramChatId: string | null; }, "id" | ... 1 more ... | "updatedAt">'.
tests/integration/user-service.test.ts(183,39): error TS2345: Argument of type '{ name: string; email: string; username: string; password: string; roleId: string; country: string; language: string; currency: string; image: null; isActive: boolean; lastSeen: null; }' is not assignable to parameter of type 'Omit<{ status: string; language: string; country: string; currency: string; id: string; email: string | null; name: string | null; image: string | null; roleId: string; createdAt: Date; updatedAt: Date; ... 13 more ...; telegramChatId: string | null; }, "id" | ... 1 more ... | "updatedAt">'.
tests/integration/user-service.test.ts(193,13): error TS2740: Type '{ id: string; createdAt: Date; updatedAt: Date; name: string; email: string; username: string; password: string; roleId: string; country: string; language: string; currency: string; image: null; isActive: boolean; lastSeen: null; }' is missing the following properties from type '{ status: string; language: string; country: string; currency: string; id: string; email: string | null; name: string | null; image: string | null; roleId: string; createdAt: Date; updatedAt: Date; ... 13 more ...; telegramChatId: string | null; }': status, usernameChangedAt, phone, emailVerified, and 7 more.
tests/integration/user-service.test.ts(203,32): error TS2345: Argument of type '{ name: string; email: string; username: string; password: string; roleId: string; country: string; language: string; currency: string; image: null; isActive: boolean; lastSeen: null; }' is not assignable to parameter of type 'Omit<{ status: string; language: string; country: string; currency: string; id: string; email: string | null; name: string | null; image: string | null; roleId: string; createdAt: Date; updatedAt: Date; ... 13 more ...; telegramChatId: string | null; }, "id" | ... 1 more ... | "updatedAt">'.
  Type '{ name: string; email: string; username: string; password: string; roleId: string; country: string; language: string; currency: string; image: null; isActive: boolean; lastSeen: null; }' is missing the following properties from type 'Omit<{ status: string; language: string; country: string; currency: string; id: string; email: string | null; name: string | null; image: string | null; roleId: string; createdAt: Date; updatedAt: Date; ... 13 more ...; telegramChatId: string | null; }, "id" | ... 1 more ... | "updatedAt">': status, usernameChangedAt, phone, emailVerified, and 7 more.
tests/integration/user-service.test.ts(217,13): error TS2740: Type '{ id: string; createdAt: Date; updatedAt: Date; name: null; email: string; username: string; password: string; roleId: string; country: string; language: string; currency: string; image: null; isActive: boolean; lastSeen: null; }' is missing the following properties from type '{ status: string; language: string; country: string; currency: string; id: string; email: string | null; name: string | null; image: string | null; roleId: string; createdAt: Date; updatedAt: Date; ... 13 more ...; telegramChatId: string | null; }': status, usernameChangedAt, phone, emailVerified, and 7 more.
tests/integration/user-service.test.ts(227,32): error TS2345: Argument of type '{ name: null; email: string; username: string; password: string; roleId: string; country: string; language: string; currency: string; image: null; isActive: boolean; lastSeen: null; }' is not assignable to parameter of type 'Omit<{ status: string; language: string; country: string; currency: string; id: string; email: string | null; name: string | null; image: string | null; roleId: string; createdAt: Date; updatedAt: Date; ... 13 more ...; telegramChatId: string | null; }, "id" | ... 1 more ... | "updatedAt">'.
  Type '{ name: null; email: string; username: string; password: string; roleId: string; country: string; language: string; currency: string; image: null; isActive: boolean; lastSeen: null; }' is missing the following properties from type 'Omit<{ status: string; language: string; country: string; currency: string; id: string; email: string | null; name: string | null; image: string | null; roleId: string; createdAt: Date; updatedAt: Date; ... 13 more ...; telegramChatId: string | null; }, "id" | ... 1 more ... | "updatedAt">': status, usernameChangedAt, phone, emailVerified, and 7 more.
tests/integration/user-service.test.ts(365,13): error TS2740: Type '{ id: string; createdAt: Date; updatedAt: Date; name: string; email: string; username: string; password: string; roleId: string; country: null; language: null; currency: null; image: null; isActive: boolean; lastSeen: null; }' is missing the following properties from type '{ status: string; language: string; country: string; currency: string; id: string; email: string | null; name: string | null; image: string | null; roleId: string; createdAt: Date; updatedAt: Date; ... 13 more ...; telegramChatId: string | null; }': status, usernameChangedAt, phone, emailVerified, and 7 more.
tests/integration/user-service.test.ts(379,45): error TS2345: Argument of type '{ name: string; email: string; username: string; password: string; roleId: string; country: null; language: null; currency: null; image: null; isActive: boolean; lastSeen: null; }' is not assignable to parameter of type 'Omit<{ status: string; language: string; country: string; currency: string; id: string; email: string | null; name: string | null; image: string | null; roleId: string; createdAt: Date; updatedAt: Date; ... 13 more ...; telegramChatId: string | null; }, "id" | ... 1 more ... | "updatedAt">'.
  Type '{ name: string; email: string; username: string; password: string; roleId: string; country: null; language: null; currency: null; image: null; isActive: boolean; lastSeen: null; }' is missing the following properties from type 'Omit<{ status: string; language: string; country: string; currency: string; id: string; email: string | null; name: string | null; image: string | null; roleId: string; createdAt: Date; updatedAt: Date; ... 13 more ...; telegramChatId: string | null; }, "id" | ... 1 more ... | "updatedAt">': status, usernameChangedAt, phone, emailVerified, and 7 more.
tests/performance/bulk-operations.test.ts(20,5): error TS2741: Property 'role' is missing in type '{ status: string; language: string; country: string; currency: string; id: string; email: string | null; name: string | null; image: string | null; roleId: string; createdAt: Date; updatedAt: Date; ... 13 more ...; telegramChatId: string | null; }' but required in type '{ id: string; email: string; role: { name: string; }; }'.
tests/performance/bulk-operations.test.ts(28,38): error TS2322: Type '{}' is not assignable to type 'string'.
tests/performance/bulk-operations.test.ts(76,41): error TS2322: Type '{}' is not assignable to type 'string'.
tests/performance/bulk-operations.test.ts(122,41): error TS2322: Type '{}' is not assignable to type 'string'.
tests/performance/bulk-operations.test.ts(168,41): error TS2322: Type '{}' is not assignable to type 'string'.
tests/performance/bulk-operations.test.ts(216,41): error TS2322: Type '{}' is not assignable to type 'string'.
tests/unit/adapters/UserAdapter.test.ts(112,9): error TS2352: Conversion of type '{ id: string; fullName: string; username: string; email: string; role: string; status: string; isActive: true; currentPlan: string; createdAt: string; lastSeen: string; }' to type 'UsersType' may be a mistake because neither type sufficiently overlaps with the other. If this was intentional, convert the expression to 'unknown' first.
  Type '{ id: string; fullName: string; username: string; email: string; role: string; status: string; isActive: true; currentPlan: string; createdAt: string; lastSeen: string; }' is missing the following properties from type 'UsersType': avatar, company, country, contact
tests/unit/api/admin-users-bulk-activate.test.ts(60,21): error TS2339: Property 'mockResolvedValue' does not exist on type '(request?: NextRequest | undefined) => Promise<{ session: Session; user: NonNullable<User & { role?: { level: number; id: string; code: string; name: string; permissions: string | null; description: string | null; isSystem: boolean; createdAt: Date; updatedAt: Date; } | null | undefined; }>; }>'.
tests/unit/api/admin-users-bulk-activate.test.ts(61,32): error TS2339: Property 'mockResolvedValue' does not exist on type '<T extends UserFindUniqueArgs>(args: SelectSubset<T, UserFindUniqueArgs<DefaultArgs>>) => Prisma__UserClient<GetFindResult<$UserPayload<DefaultArgs>, T, {}> | null, null, DefaultArgs>'.
tests/unit/api/admin-users-bulk-activate.test.ts(62,25): error TS2339: Property 'mockReturnValue' does not exist on type '(user: UserWithRoleLike, module: string, action: string) => boolean'.
tests/unit/api/admin-users-bulk-activate.test.ts(76,30): error TS2339: Property 'mockResolvedValue' does not exist on type '<T extends UserFindManyArgs>(args?: SelectSubset<T, UserFindManyArgs<DefaultArgs>> | undefined) => PrismaPromise<GetFindResult<$UserPayload<DefaultArgs>, T, {}>[]>'.
tests/unit/api/admin-users-bulk-activate.test.ts(77,29): error TS2339: Property 'mockImplementation' does not exist on type '{ <P extends Prisma.PrismaPromise<any>[]>(arg: [...P], options?: { isolationLevel?: TransactionIsolationLevel | undefined; } | undefined): Promise<UnwrapTuple<P>>; <R>(fn: (prisma: Omit<...>) => Promise<...>, options?: { ...; } | undefined): Promise<...>; }'.
tests/unit/api/admin-users-bulk-activate.test.ts(77,55): error TS7006: Parameter 'callback' implicitly has an 'any' type.
tests/unit/api/admin-users-bulk-activate.test.ts(112,30): error TS2339: Property 'mockResolvedValue' does not exist on type '<T extends UserFindManyArgs>(args?: SelectSubset<T, UserFindManyArgs<DefaultArgs>> | undefined) => PrismaPromise<GetFindResult<$UserPayload<DefaultArgs>, T, {}>[]>'.
tests/unit/api/admin-users-bulk-activate.test.ts(113,29): error TS2339: Property 'mockImplementation' does not exist on type '{ <P extends Prisma.PrismaPromise<any>[]>(arg: [...P], options?: { isolationLevel?: TransactionIsolationLevel | undefined; } | undefined): Promise<UnwrapTuple<P>>; <R>(fn: (prisma: Omit<...>) => Promise<...>, options?: { ...; } | undefined): Promise<...>; }'.
tests/unit/api/admin-users-bulk-activate.test.ts(113,55): error TS7006: Parameter 'callback' implicitly has an 'any' type.
tests/unit/api/admin-users-bulk-activate.test.ts(140,30): error TS2339: Property 'mockResolvedValue' does not exist on type '<T extends UserFindManyArgs>(args?: SelectSubset<T, UserFindManyArgs<DefaultArgs>> | undefined) => PrismaPromise<GetFindResult<$UserPayload<DefaultArgs>, T, {}>[]>'.
tests/unit/api/admin-users-bulk-activate.test.ts(155,21): error TS2339: Property 'mockResolvedValue' does not exist on type '(request?: NextRequest | undefined) => Promise<{ session: Session; user: NonNullable<User & { role?: { level: number; id: string; code: string; name: string; permissions: string | null; description: string | null; isSystem: boolean; createdAt: Date; updatedAt: Date; } | null | undefined; }>; }>'.
tests/unit/api/admin-users-bulk-activate.test.ts(170,25): error TS2339: Property 'mockReturnValue' does not exist on type '(user: UserWithRoleLike, module: string, action: string) => boolean'.
tests/unit/api/admin-users-bulk-activate.test.ts(214,30): error TS2339: Property 'mockResolvedValue' does not exist on type '<T extends UserFindManyArgs>(args?: SelectSubset<T, UserFindManyArgs<DefaultArgs>> | undefined) => PrismaPromise<GetFindResult<$UserPayload<DefaultArgs>, T, {}>[]>'.
tests/unit/api/admin-users-bulk-activate.test.ts(215,29): error TS2339: Property 'mockImplementation' does not exist on type '{ <P extends Prisma.PrismaPromise<any>[]>(arg: [...P], options?: { isolationLevel?: TransactionIsolationLevel | undefined; } | undefined): Promise<UnwrapTuple<P>>; <R>(fn: (prisma: Omit<...>) => Promise<...>, options?: { ...; } | undefined): Promise<...>; }'.
tests/unit/api/admin-users-bulk-activate.test.ts(215,55): error TS7006: Parameter 'callback' implicitly has an 'any' type.
tests/unit/api/admin-users-bulk-activate.test.ts(237,30): error TS2339: Property 'mockResolvedValue' does not exist on type '<T extends UserFindManyArgs>(args?: SelectSubset<T, UserFindManyArgs<DefaultArgs>> | undefined) => PrismaPromise<GetFindResult<$UserPayload<DefaultArgs>, T, {}>[]>'.
tests/unit/api/admin-users-bulk-activate.test.ts(238,29): error TS2339: Property 'mockImplementation' does not exist on type '{ <P extends Prisma.PrismaPromise<any>[]>(arg: [...P], options?: { isolationLevel?: TransactionIsolationLevel | undefined; } | undefined): Promise<UnwrapTuple<P>>; <R>(fn: (prisma: Omit<...>) => Promise<...>, options?: { ...; } | undefined): Promise<...>; }'.
tests/unit/api/admin-users-bulk-activate.test.ts(238,55): error TS7006: Parameter 'callback' implicitly has an 'any' type.
tests/unit/api/admin-users-bulk-activate.test.ts(263,30): error TS2339: Property 'mockRejectedValue' does not exist on type '<T extends UserFindManyArgs>(args?: SelectSubset<T, UserFindManyArgs<DefaultArgs>> | undefined) => PrismaPromise<GetFindResult<$UserPayload<DefaultArgs>, T, {}>[]>'.
tests/unit/api/admin-users-bulk-deactivate.test.ts(63,21): error TS2339: Property 'mockResolvedValue' does not exist on type '(request?: NextRequest | undefined) => Promise<{ session: Session; user: NonNullable<User & { role?: { level: number; id: string; code: string; name: string; permissions: string | null; description: string | null; isSystem: boolean; createdAt: Date; updatedAt: Date; } | null | undefined; }>; }>'.
tests/unit/api/admin-users-bulk-deactivate.test.ts(64,32): error TS2339: Property 'mockResolvedValue' does not exist on type '<T extends UserFindUniqueArgs>(args: SelectSubset<T, UserFindUniqueArgs<DefaultArgs>>) => Prisma__UserClient<GetFindResult<$UserPayload<DefaultArgs>, T, {}> | null, null, DefaultArgs>'.
tests/unit/api/admin-users-bulk-deactivate.test.ts(65,25): error TS2339: Property 'mockReturnValue' does not exist on type '(user: UserWithRoleLike, module: string, action: string) => boolean'.
tests/unit/api/admin-users-bulk-deactivate.test.ts(79,30): error TS2339: Property 'mockResolvedValue' does not exist on type '<T extends UserFindManyArgs>(args?: SelectSubset<T, UserFindManyArgs<DefaultArgs>> | undefined) => PrismaPromise<GetFindResult<$UserPayload<DefaultArgs>, T, {}>[]>'.
tests/unit/api/admin-users-bulk-deactivate.test.ts(80,29): error TS2339: Property 'mockImplementation' does not exist on type '{ <P extends Prisma.PrismaPromise<any>[]>(arg: [...P], options?: { isolationLevel?: TransactionIsolationLevel | undefined; } | undefined): Promise<UnwrapTuple<P>>; <R>(fn: (prisma: Omit<...>) => Promise<...>, options?: { ...; } | undefined): Promise<...>; }'.
tests/unit/api/admin-users-bulk-deactivate.test.ts(80,55): error TS7006: Parameter 'callback' implicitly has an 'any' type.
tests/unit/api/admin-users-bulk-deactivate.test.ts(119,30): error TS2339: Property 'mockResolvedValue' does not exist on type '<T extends UserFindManyArgs>(args?: SelectSubset<T, UserFindManyArgs<DefaultArgs>> | undefined) => PrismaPromise<GetFindResult<$UserPayload<DefaultArgs>, T, {}>[]>'.
tests/unit/api/admin-users-bulk-deactivate.test.ts(120,29): error TS2339: Property 'mockImplementation' does not exist on type '{ <P extends Prisma.PrismaPromise<any>[]>(arg: [...P], options?: { isolationLevel?: TransactionIsolationLevel | undefined; } | undefined): Promise<UnwrapTuple<P>>; <R>(fn: (prisma: Omit<...>) => Promise<...>, options?: { ...; } | undefined): Promise<...>; }'.
tests/unit/api/admin-users-bulk-deactivate.test.ts(120,55): error TS7006: Parameter 'callback' implicitly has an 'any' type.
tests/unit/api/admin-users-bulk-deactivate.test.ts(148,30): error TS2339: Property 'mockResolvedValue' does not exist on type '<T extends UserFindManyArgs>(args?: SelectSubset<T, UserFindManyArgs<DefaultArgs>> | undefined) => PrismaPromise<GetFindResult<$UserPayload<DefaultArgs>, T, {}>[]>'.
tests/unit/api/admin-users-bulk-deactivate.test.ts(150,29): error TS2339: Property 'mockImplementation' does not exist on type '{ <P extends Prisma.PrismaPromise<any>[]>(arg: [...P], options?: { isolationLevel?: TransactionIsolationLevel | undefined; } | undefined): Promise<UnwrapTuple<P>>; <R>(fn: (prisma: Omit<...>) => Promise<...>, options?: { ...; } | undefined): Promise<...>; }'.
tests/unit/api/admin-users-bulk-deactivate.test.ts(150,55): error TS7006: Parameter 'callback' implicitly has an 'any' type.
tests/unit/api/admin-users-bulk-deactivate.test.ts(179,30): error TS2339: Property 'mockResolvedValue' does not exist on type '<T extends UserFindManyArgs>(args?: SelectSubset<T, UserFindManyArgs<DefaultArgs>> | undefined) => PrismaPromise<GetFindResult<$UserPayload<DefaultArgs>, T, {}>[]>'.
tests/unit/api/admin-users-bulk-deactivate.test.ts(194,21): error TS2339: Property 'mockResolvedValue' does not exist on type '(request?: NextRequest | undefined) => Promise<{ session: Session; user: NonNullable<User & { role?: { level: number; id: string; code: string; name: string; permissions: string | null; description: string | null; isSystem: boolean; createdAt: Date; updatedAt: Date; } | null | undefined; }>; }>'.
tests/unit/api/admin-users-bulk-deactivate.test.ts(209,25): error TS2339: Property 'mockReturnValue' does not exist on type '(user: UserWithRoleLike, module: string, action: string) => boolean'.
tests/unit/api/admin-users-bulk-deactivate.test.ts(226,30): error TS2339: Property 'mockResolvedValue' does not exist on type '<T extends UserFindManyArgs>(args?: SelectSubset<T, UserFindManyArgs<DefaultArgs>> | undefined) => PrismaPromise<GetFindResult<$UserPayload<DefaultArgs>, T, {}>[]>'.
tests/unit/api/admin-users-bulk-deactivate.test.ts(227,29): error TS2339: Property 'mockImplementation' does not exist on type '{ <P extends Prisma.PrismaPromise<any>[]>(arg: [...P], options?: { isolationLevel?: TransactionIsolationLevel | undefined; } | undefined): Promise<UnwrapTuple<P>>; <R>(fn: (prisma: Omit<...>) => Promise<...>, options?: { ...; } | undefined): Promise<...>; }'.
tests/unit/api/admin-users-bulk-deactivate.test.ts(227,55): error TS7006: Parameter 'callback' implicitly has an 'any' type.
tests/unit/api/admin-users-bulk-deactivate.test.ts(252,30): error TS2339: Property 'mockResolvedValue' does not exist on type '<T extends UserFindManyArgs>(args?: SelectSubset<T, UserFindManyArgs<DefaultArgs>> | undefined) => PrismaPromise<GetFindResult<$UserPayload<DefaultArgs>, T, {}>[]>'.
tests/unit/api/admin-users-bulk-deactivate.test.ts(253,29): error TS2339: Property 'mockImplementation' does not exist on type '{ <P extends Prisma.PrismaPromise<any>[]>(arg: [...P], options?: { isolationLevel?: TransactionIsolationLevel | undefined; } | undefined): Promise<UnwrapTuple<P>>; <R>(fn: (prisma: Omit<...>) => Promise<...>, options?: { ...; } | undefined): Promise<...>; }'.
tests/unit/api/admin-users-bulk-deactivate.test.ts(253,55): error TS7006: Parameter 'callback' implicitly has an 'any' type.
tests/unit/api/admin-users-bulk-delete.test.ts(60,21): error TS2339: Property 'mockResolvedValue' does not exist on type '(request?: NextRequest | undefined) => Promise<{ session: Session; user: NonNullable<User & { role?: { level: number; id: string; code: string; name: string; permissions: string | null; description: string | null; isSystem: boolean; createdAt: Date; updatedAt: Date; } | null | undefined; }>; }>'.
tests/unit/api/admin-users-bulk-delete.test.ts(61,32): error TS2339: Property 'mockResolvedValue' does not exist on type '<T extends UserFindUniqueArgs>(args: SelectSubset<T, UserFindUniqueArgs<DefaultArgs>>) => Prisma__UserClient<GetFindResult<$UserPayload<DefaultArgs>, T, {}> | null, null, DefaultArgs>'.
tests/unit/api/admin-users-bulk-delete.test.ts(62,25): error TS2339: Property 'mockReturnValue' does not exist on type '(user: UserWithRoleLike, module: string, action: string) => boolean'.
tests/unit/api/admin-users-bulk-delete.test.ts(76,30): error TS2339: Property 'mockResolvedValue' does not exist on type '<T extends UserFindManyArgs>(args?: SelectSubset<T, UserFindManyArgs<DefaultArgs>> | undefined) => PrismaPromise<GetFindResult<$UserPayload<DefaultArgs>, T, {}>[]>'.
tests/unit/api/admin-users-bulk-delete.test.ts(77,29): error TS2339: Property 'mockImplementation' does not exist on type '{ <P extends Prisma.PrismaPromise<any>[]>(arg: [...P], options?: { isolationLevel?: TransactionIsolationLevel | undefined; } | undefined): Promise<UnwrapTuple<P>>; <R>(fn: (prisma: Omit<...>) => Promise<...>, options?: { ...; } | undefined): Promise<...>; }'.
tests/unit/api/admin-users-bulk-delete.test.ts(77,55): error TS7006: Parameter 'callback' implicitly has an 'any' type.
tests/unit/api/admin-users-bulk-delete.test.ts(113,30): error TS2339: Property 'mockResolvedValue' does not exist on type '<T extends UserFindManyArgs>(args?: SelectSubset<T, UserFindManyArgs<DefaultArgs>> | undefined) => PrismaPromise<GetFindResult<$UserPayload<DefaultArgs>, T, {}>[]>'.
tests/unit/api/admin-users-bulk-delete.test.ts(114,29): error TS2339: Property 'mockImplementation' does not exist on type '{ <P extends Prisma.PrismaPromise<any>[]>(arg: [...P], options?: { isolationLevel?: TransactionIsolationLevel | undefined; } | undefined): Promise<UnwrapTuple<P>>; <R>(fn: (prisma: Omit<...>) => Promise<...>, options?: { ...; } | undefined): Promise<...>; }'.
tests/unit/api/admin-users-bulk-delete.test.ts(114,55): error TS7006: Parameter 'callback' implicitly has an 'any' type.
tests/unit/api/admin-users-bulk-delete.test.ts(141,30): error TS2339: Property 'mockResolvedValue' does not exist on type '<T extends UserFindManyArgs>(args?: SelectSubset<T, UserFindManyArgs<DefaultArgs>> | undefined) => PrismaPromise<GetFindResult<$UserPayload<DefaultArgs>, T, {}>[]>'.
tests/unit/api/admin-users-bulk-delete.test.ts(156,21): error TS2339: Property 'mockResolvedValue' does not exist on type '(request?: NextRequest | undefined) => Promise<{ session: Session; user: NonNullable<User & { role?: { level: number; id: string; code: string; name: string; permissions: string | null; description: string | null; isSystem: boolean; createdAt: Date; updatedAt: Date; } | null | undefined; }>; }>'.
tests/unit/api/admin-users-bulk-delete.test.ts(171,25): error TS2339: Property 'mockReturnValue' does not exist on type '(user: UserWithRoleLike, module: string, action: string) => boolean'.
tests/unit/api/admin-users-bulk-delete.test.ts(188,30): error TS2339: Property 'mockResolvedValue' does not exist on type '<T extends UserFindManyArgs>(args?: SelectSubset<T, UserFindManyArgs<DefaultArgs>> | undefined) => PrismaPromise<GetFindResult<$UserPayload<DefaultArgs>, T, {}>[]>'.
tests/unit/api/admin-users-bulk-delete.test.ts(189,29): error TS2339: Property 'mockImplementation' does not exist on type '{ <P extends Prisma.PrismaPromise<any>[]>(arg: [...P], options?: { isolationLevel?: TransactionIsolationLevel | undefined; } | undefined): Promise<UnwrapTuple<P>>; <R>(fn: (prisma: Omit<...>) => Promise<...>, options?: { ...; } | undefined): Promise<...>; }'.
tests/unit/api/admin-users-bulk-delete.test.ts(189,55): error TS7006: Parameter 'callback' implicitly has an 'any' type.
tests/unit/api/admin-users-bulk-delete.test.ts(211,30): error TS2339: Property 'mockResolvedValue' does not exist on type '<T extends UserFindManyArgs>(args?: SelectSubset<T, UserFindManyArgs<DefaultArgs>> | undefined) => PrismaPromise<GetFindResult<$UserPayload<DefaultArgs>, T, {}>[]>'.
tests/unit/api/admin-users-bulk-delete.test.ts(212,29): error TS2339: Property 'mockImplementation' does not exist on type '{ <P extends Prisma.PrismaPromise<any>[]>(arg: [...P], options?: { isolationLevel?: TransactionIsolationLevel | undefined; } | undefined): Promise<UnwrapTuple<P>>; <R>(fn: (prisma: Omit<...>) => Promise<...>, options?: { ...; } | undefined): Promise<...>; }'.
tests/unit/api/admin-users-bulk-delete.test.ts(212,55): error TS7006: Parameter 'callback' implicitly has an 'any' type.
tests/unit/api/admin-users-bulk-delete.test.ts(237,30): error TS2339: Property 'mockRejectedValue' does not exist on type '<T extends UserFindManyArgs>(args?: SelectSubset<T, UserFindManyArgs<DefaultArgs>> | undefined) => PrismaPromise<GetFindResult<$UserPayload<DefaultArgs>, T, {}>[]>'.
tests/unit/api/admin-users-id-route.test.ts(78,21): error TS2339: Property 'mockResolvedValue' does not exist on type '(request?: NextRequest | undefined) => Promise<{ session: Session; user: NonNullable<User & { role?: { level: number; id: string; code: string; name: string; permissions: string | null; description: string | null; isSystem: boolean; createdAt: Date; updatedAt: Date; } | null | undefined; }>; }>'.
tests/unit/api/admin-users-id-route.test.ts(81,8): error TS2339: Property 'mockResolvedValueOnce' does not exist on type '<T extends UserFindUniqueArgs>(args: SelectSubset<T, UserFindUniqueArgs<DefaultArgs>>) => Prisma__UserClient<GetFindResult<$UserPayload<DefaultArgs>, T, {}> | null, null, DefaultArgs>'.
tests/unit/api/admin-users-id-route.test.ts(100,32): error TS2339: Property 'mockResolvedValueOnce' does not exist on type '<T extends UserFindUniqueArgs>(args: SelectSubset<T, UserFindUniqueArgs<DefaultArgs>>) => Prisma__UserClient<GetFindResult<$UserPayload<DefaultArgs>, T, {}> | null, null, DefaultArgs>'.
tests/unit/api/admin-users-id-route.test.ts(126,21): error TS2339: Property 'mockResolvedValue' does not exist on type '(request?: NextRequest | undefined) => Promise<{ session: Session; user: NonNullable<User & { role?: { level: number; id: string; code: string; name: string; permissions: string | null; description: string | null; isSystem: boolean; createdAt: Date; updatedAt: Date; } | null | undefined; }>; }>'.
tests/unit/api/admin-users-id-route.test.ts(128,8): error TS2339: Property 'mockResolvedValueOnce' does not exist on type '<T extends UserFindUniqueArgs>(args: SelectSubset<T, UserFindUniqueArgs<DefaultArgs>>) => Prisma__UserClient<GetFindResult<$UserPayload<DefaultArgs>, T, {}> | null, null, DefaultArgs>'.
tests/unit/api/admin-users-id-route.test.ts(139,32): error TS2339: Property 'mockResolvedValue' does not exist on type '<T extends RoleFindUniqueArgs>(args: SelectSubset<T, RoleFindUniqueArgs<DefaultArgs>>) => Prisma__RoleClient<GetFindResult<$RolePayload<DefaultArgs>, T, {}> | null, null, DefaultArgs>'.
tests/unit/api/admin-users-id-route.test.ts(144,28): error TS2339: Property 'mockResolvedValue' does not exist on type '<T extends UserUpdateArgs>(args: SelectSubset<T, UserUpdateArgs<DefaultArgs>>) => Prisma__UserClient<GetFindResult<$UserPayload<DefaultArgs>, T, {}>, never, DefaultArgs>'.
tests/unit/api/admin-users-id-route.test.ts(178,28): error TS2339: Property 'mockResolvedValue' does not exist on type '<T extends UserUpdateArgs>(args: SelectSubset<T, UserUpdateArgs<DefaultArgs>>) => Prisma__UserClient<GetFindResult<$UserPayload<DefaultArgs>, T, {}>, never, DefaultArgs>'.
tests/unit/api/admin-users-id-route.test.ts(196,8): error TS2339: Property 'mockReset' does not exist on type '<T extends UserFindUniqueArgs>(args: SelectSubset<T, UserFindUniqueArgs<DefaultArgs>>) => Prisma__UserClient<GetFindResult<$UserPayload<DefaultArgs>, T, {}> | null, null, DefaultArgs>'.
tests/unit/api/admin-users-id-route.test.ts(220,8): error TS2339: Property 'mockReset' does not exist on type '<T extends UserFindUniqueArgs>(args: SelectSubset<T, UserFindUniqueArgs<DefaultArgs>>) => Prisma__UserClient<GetFindResult<$UserPayload<DefaultArgs>, T, {}> | null, null, DefaultArgs>'.
tests/unit/api/admin-users-id-route.test.ts(241,21): error TS2339: Property 'mockResolvedValue' does not exist on type '(request?: NextRequest | undefined) => Promise<{ session: Session; user: NonNullable<User & { role?: { level: number; id: string; code: string; name: string; permissions: string | null; description: string | null; isSystem: boolean; createdAt: Date; updatedAt: Date; } | null | undefined; }>; }>'.
tests/unit/api/admin-users-id-route.test.ts(243,28): error TS2339: Property 'mockResolvedValue' does not exist on type '<T extends UserUpdateArgs>(args: SelectSubset<T, UserUpdateArgs<DefaultArgs>>) => Prisma__UserClient<GetFindResult<$UserPayload<DefaultArgs>, T, {}>, never, DefaultArgs>'.
tests/unit/api/admin-users-id-route.test.ts(272,21): error TS2339: Property 'mockResolvedValue' does not exist on type '(request?: NextRequest | undefined) => Promise<{ session: Session; user: NonNullable<User & { role?: { level: number; id: string; code: string; name: string; permissions: string | null; description: string | null; isSystem: boolean; createdAt: Date; updatedAt: Date; } | null | undefined; }>; }>'.
tests/unit/api/admin-users-id-route.test.ts(274,8): error TS2339: Property 'mockResolvedValueOnce' does not exist on type '<T extends UserFindUniqueArgs>(args: SelectSubset<T, UserFindUniqueArgs<DefaultArgs>>) => Prisma__UserClient<GetFindResult<$UserPayload<DefaultArgs>, T, {}> | null, null, DefaultArgs>'.
tests/unit/api/admin-users-id-route.test.ts(285,28): error TS2339: Property 'mockResolvedValue' does not exist on type '<T extends UserUpdateArgs>(args: SelectSubset<T, UserUpdateArgs<DefaultArgs>>) => Prisma__UserClient<GetFindResult<$UserPayload<DefaultArgs>, T, {}>, never, DefaultArgs>'.
tests/unit/api/admin-users-id-route.test.ts(324,8): error TS2339: Property 'mockReset' does not exist on type '<T extends UserFindUniqueArgs>(args: SelectSubset<T, UserFindUniqueArgs<DefaultArgs>>) => Prisma__UserClient<GetFindResult<$UserPayload<DefaultArgs>, T, {}> | null, null, DefaultArgs>'.
tests/unit/api/admin-users-id-route.test.ts(336,28): error TS2339: Property 'mockResolvedValue' does not exist on type '<T extends UserUpdateArgs>(args: SelectSubset<T, UserUpdateArgs<DefaultArgs>>) => Prisma__UserClient<GetFindResult<$UserPayload<DefaultArgs>, T, {}>, never, DefaultArgs>'.
tests/unit/api/admin-users-id-route.test.ts(352,8): error TS2339: Property 'mockReset' does not exist on type '<T extends UserFindUniqueArgs>(args: SelectSubset<T, UserFindUniqueArgs<DefaultArgs>>) => Prisma__UserClient<GetFindResult<$UserPayload<DefaultArgs>, T, {}> | null, null, DefaultArgs>'.
tests/unit/api/admin-users-id-route.test.ts(377,8): error TS2339: Property 'mockReset' does not exist on type '<T extends UserFindUniqueArgs>(args: SelectSubset<T, UserFindUniqueArgs<DefaultArgs>>) => Prisma__UserClient<GetFindResult<$UserPayload<DefaultArgs>, T, {}> | null, null, DefaultArgs>'.
tests/unit/api/admin-users-id-route.test.ts(446,21): error TS2339: Property 'mockResolvedValue' does not exist on type '(request?: NextRequest | undefined) => Promise<{ session: Session; user: NonNullable<User & { role?: { level: number; id: string; code: string; name: string; permissions: string | null; description: string | null; isSystem: boolean; createdAt: Date; updatedAt: Date; } | null | undefined; }>; }>'.
tests/unit/api/admin-users-id-route.test.ts(448,8): error TS2339: Property 'mockResolvedValueOnce' does not exist on type '<T extends UserFindUniqueArgs>(args: SelectSubset<T, UserFindUniqueArgs<DefaultArgs>>) => Prisma__UserClient<GetFindResult<$UserPayload<DefaultArgs>, T, {}> | null, null, DefaultArgs>'.
tests/unit/api/admin-users-id-route.test.ts(455,28): error TS2339: Property 'mockResolvedValue' does not exist on type '<T extends UserDeleteArgs>(args: SelectSubset<T, UserDeleteArgs<DefaultArgs>>) => Prisma__UserClient<GetFindResult<$UserPayload<DefaultArgs>, T, {}>, never, DefaultArgs>'.
tests/unit/api/admin-users-id-route.test.ts(473,8): error TS2339: Property 'mockReset' does not exist on type '<T extends UserFindUniqueArgs>(args: SelectSubset<T, UserFindUniqueArgs<DefaultArgs>>) => Prisma__UserClient<GetFindResult<$UserPayload<DefaultArgs>, T, {}> | null, null, DefaultArgs>'.
tests/unit/api/admin-users-id-route.test.ts(492,8): error TS2339: Property 'mockReset' does not exist on type '<T extends UserFindUniqueArgs>(args: SelectSubset<T, UserFindUniqueArgs<DefaultArgs>>) => Prisma__UserClient<GetFindResult<$UserPayload<DefaultArgs>, T, {}> | null, null, DefaultArgs>'.
tests/unit/api/admin-users-id-route.test.ts(515,8): error TS2339: Property 'mockReset' does not exist on type '<T extends UserFindUniqueArgs>(args: SelectSubset<T, UserFindUniqueArgs<DefaultArgs>>) => Prisma__UserClient<GetFindResult<$UserPayload<DefaultArgs>, T, {}> | null, null, DefaultArgs>'.
tests/unit/api/admin-users-route.test.ts(77,21): error TS2339: Property 'mockResolvedValue' does not exist on type '(request?: NextRequest | undefined) => Promise<{ session: Session; user: NonNullable<User & { role?: { level: number; id: string; code: string; name: string; permissions: string | null; description: string | null; isSystem: boolean; createdAt: Date; updatedAt: Date; } | null | undefined; }>; }>'.
tests/unit/api/admin-users-route.test.ts(78,32): error TS2339: Property 'mockResolvedValue' does not exist on type '<T extends UserFindUniqueArgs>(args: SelectSubset<T, UserFindUniqueArgs<DefaultArgs>>) => Prisma__UserClient<GetFindResult<$UserPayload<DefaultArgs>, T, {}> | null, null, DefaultArgs>'.
tests/unit/api/admin-users-route.test.ts(83,25): error TS2339: Property 'mockReturnValue' does not exist on type '(user: UserWithRoleLike, module: string, action: string) => boolean'.
tests/unit/api/admin-users-route.test.ts(84,32): error TS2339: Property 'mockResolvedValue' does not exist on type '<T extends RoleFindUniqueArgs>(args: SelectSubset<T, RoleFindUniqueArgs<DefaultArgs>>) => Prisma__RoleClient<GetFindResult<$RolePayload<DefaultArgs>, T, {}> | null, null, DefaultArgs>'.
tests/unit/api/admin-users-route.test.ts(85,24): error TS2339: Property 'mockResolvedValue' does not exist on type '() => Promise<{ [userId: string]: { isOnline: boolean; lastSeen?: string | undefined; }; }>'.
tests/unit/api/admin-users-route.test.ts(115,28): error TS2339: Property 'mockResolvedValue' does not exist on type '<T extends UserCreateArgs>(args: SelectSubset<T, UserCreateArgs<DefaultArgs>>) => Prisma__UserClient<GetFindResult<$UserPayload<DefaultArgs>, T, {}>, never, DefaultArgs>'.
tests/unit/api/admin-users-route.test.ts(126,47): error TS2339: Property 'mock' does not exist on type '<T extends UserCreateArgs>(args: SelectSubset<T, UserCreateArgs<DefaultArgs>>) => Prisma__UserClient<GetFindResult<$UserPayload<DefaultArgs>, T, {}>, never, DefaultArgs>'.
tests/unit/api/admin-users-route.test.ts(152,28): error TS2339: Property 'mockResolvedValue' does not exist on type '<T extends UserCreateArgs>(args: SelectSubset<T, UserCreateArgs<DefaultArgs>>) => Prisma__UserClient<GetFindResult<$UserPayload<DefaultArgs>, T, {}>, never, DefaultArgs>'.
tests/unit/api/admin-users-route.test.ts(188,28): error TS2339: Property 'mockResolvedValue' does not exist on type '<T extends UserCreateArgs>(args: SelectSubset<T, UserCreateArgs<DefaultArgs>>) => Prisma__UserClient<GetFindResult<$UserPayload<DefaultArgs>, T, {}>, never, DefaultArgs>'.
tests/unit/api/admin-users-route.test.ts(199,25): error TS2339: Property 'mockReturnValue' does not exist on type '(user: UserWithRoleLike, module: string, action: string) => boolean'.
tests/unit/api/admin-users-route.test.ts(306,28): error TS2339: Property 'mockRejectedValue' does not exist on type '<T extends UserCreateArgs>(args: SelectSubset<T, UserCreateArgs<DefaultArgs>>) => Prisma__UserClient<GetFindResult<$UserPayload<DefaultArgs>, T, {}>, never, DefaultArgs>'.
tests/unit/api/admin-users-route.test.ts(323,21): error TS2339: Property 'mockResolvedValue' does not exist on type '(request?: NextRequest | undefined) => Promise<{ session: Session; user: NonNullable<User & { role?: { level: number; id: string; code: string; name: string; permissions: string | null; description: string | null; isSystem: boolean; createdAt: Date; updatedAt: Date; } | null | undefined; }>; }>'.
tests/unit/api/admin-users-route.test.ts(324,32): error TS2339: Property 'mockResolvedValue' does not exist on type '<T extends UserFindUniqueArgs>(args: SelectSubset<T, UserFindUniqueArgs<DefaultArgs>>) => Prisma__UserClient<GetFindResult<$UserPayload<DefaultArgs>, T, {}> | null, null, DefaultArgs>'.
tests/unit/api/admin-users-route.test.ts(329,25): error TS2339: Property 'mockReturnValue' does not exist on type '(user: UserWithRoleLike, module: string, action: string) => boolean'.
tests/unit/api/admin-users-route.test.ts(330,24): error TS2339: Property 'mockResolvedValue' does not exist on type '() => Promise<{ [userId: string]: { isOnline: boolean; lastSeen?: string | undefined; }; }>'.
tests/unit/api/admin-users-route.test.ts(357,30): error TS2339: Property 'mockResolvedValue' does not exist on type '<T extends UserFindManyArgs>(args?: SelectSubset<T, UserFindManyArgs<DefaultArgs>> | undefined) => PrismaPromise<GetFindResult<$UserPayload<DefaultArgs>, T, {}>[]>'.
tests/unit/api/admin-users-route.test.ts(394,30): error TS2339: Property 'mockResolvedValueOnce' does not exist on type '<T extends UserFindManyArgs>(args?: SelectSubset<T, UserFindManyArgs<DefaultArgs>> | undefined) => PrismaPromise<GetFindResult<$UserPayload<DefaultArgs>, T, {}>[]>'.
tests/unit/api/admin-users-route.test.ts(421,25): error TS2339: Property 'mockReturnValue' does not exist on type '(user: UserWithRoleLike, module: string, action: string) => boolean'.
tests/unit/api/admin-users-route.test.ts(432,24): error TS2339: Property 'mockResolvedValue' does not exist on type '() => Promise<{ [userId: string]: { isOnline: boolean; lastSeen?: string | undefined; }; }>'.
tests/unit/api/admin-users-route.test.ts(436,30): error TS2339: Property 'mockResolvedValue' does not exist on type '<T extends UserFindManyArgs>(args?: SelectSubset<T, UserFindManyArgs<DefaultArgs>> | undefined) => PrismaPromise<GetFindResult<$UserPayload<DefaultArgs>, T, {}>[]>'.
tests/unit/api/export-route-validation.test.ts(51,22): error TS2339: Property 'mockReturnValue' does not exist on type '(request: NextRequest) => string | null'.
tests/unit/api/export-route-validation.test.ts(52,21): error TS2339: Property 'mockResolvedValue' does not exist on type '(request?: NextRequest | undefined) => Promise<{ session: Session; user: NonNullable<User & { role?: { level: number; id: string; code: string; name: string; permissions: string | null; description: string | null; isSystem: boolean; createdAt: Date; updatedAt: Date; } | null | undefined; }>; }>'.
tests/unit/api/export-route-validation.test.ts(53,37): error TS2339: Property 'mockResolvedValue' does not exist on type '(key: string, module: string, options?: RateLimitCheckOptions | undefined) => Promise<RateLimitResult>'.
tests/unit/api/export-route-validation.test.ts(59,34): error TS2339: Property 'mockResolvedValue' does not exist on type '(entityType: string, options: ExportOptions & { actorId?: string | undefined; }) => Promise<ExportResult>'.
tests/unit/api/export-route-validation.test.ts(120,41): error TS2339: Property 'mockResolvedValue' does not exist on type '(key: string, module: string, options?: RateLimitCheckOptions | undefined) => Promise<RateLimitResult>'.
tests/unit/api/import-route-validation.test.ts(62,22): error TS2339: Property 'mockReturnValue' does not exist on type '(request: NextRequest) => string | null'.
tests/unit/api/import-route-validation.test.ts(63,21): error TS2339: Property 'mockResolvedValue' does not exist on type '(request?: NextRequest | undefined) => Promise<{ session: Session; user: NonNullable<User & { role?: { level: number; id: string; code: string; name: string; permissions: string | null; description: string | null; isSystem: boolean; createdAt: Date; updatedAt: Date; } | null | undefined; }>; }>'.
tests/unit/api/import-route-validation.test.ts(64,37): error TS2339: Property 'mockResolvedValue' does not exist on type '(key: string, module: string, options?: RateLimitCheckOptions | undefined) => Promise<RateLimitResult>'.
tests/unit/api/import-route-validation.test.ts(70,34): error TS2339: Property 'mockResolvedValue' does not exist on type '(entityType: string, file: File, options: ImportOptions & { actorId?: string | undefined; }) => Promise<ImportResult>'.
tests/unit/api/import-route-validation.test.ts(226,41): error TS2339: Property 'mockResolvedValue' does not exist on type '(key: string, module: string, options?: RateLimitCheckOptions | undefined) => Promise<RateLimitResult>'.
tests/unit/api/roles-route.test.ts(77,21): error TS2339: Property 'mockResolvedValue' does not exist on type '(request?: NextRequest | undefined) => Promise<{ session: Session; user: NonNullable<User & { role?: { level: number; id: string; code: string; name: string; permissions: string | null; description: string | null; isSystem: boolean; createdAt: Date; updatedAt: Date; } | null | undefined; }>; }>'.
tests/unit/api/roles-route.test.ts(79,32): error TS2339: Property 'mockResolvedValue' does not exist on type '<T extends UserFindUniqueArgs>(args: SelectSubset<T, UserFindUniqueArgs<DefaultArgs>>) => Prisma__UserClient<GetFindResult<$UserPayload<DefaultArgs>, T, {}> | null, null, DefaultArgs>'.
tests/unit/api/roles-route.test.ts(83,32): error TS2339: Property 'mockResolvedValue' does not exist on type '<T extends RoleFindUniqueArgs>(args: SelectSubset<T, RoleFindUniqueArgs<DefaultArgs>>) => Prisma__RoleClient<GetFindResult<$RolePayload<DefaultArgs>, T, {}> | null, null, DefaultArgs>'.
tests/unit/api/roles-route.test.ts(90,28): error TS2339: Property 'mockResolvedValue' does not exist on type '<T extends RoleUpdateArgs>(args: SelectSubset<T, RoleUpdateArgs<DefaultArgs>>) => Prisma__RoleClient<GetFindResult<$RolePayload<DefaultArgs>, T, {}>, never, DefaultArgs>'.
tests/unit/api/roles-route.test.ts(96,28): error TS2339: Property 'mockResolvedValue' does not exist on type '<T extends RoleDeleteArgs>(args: SelectSubset<T, RoleDeleteArgs<DefaultArgs>>) => Prisma__RoleClient<GetFindResult<$RolePayload<DefaultArgs>, T, {}>, never, DefaultArgs>'.
tests/unit/api/roles-route.test.ts(100,32): error TS2339: Property 'mockResolvedValue' does not exist on type '<T extends RoleFindUniqueArgs>(args: SelectSubset<T, RoleFindUniqueArgs<DefaultArgs>>) => Prisma__RoleClient<GetFindResult<$RolePayload<DefaultArgs>, T, {}> | null, null, DefaultArgs>'.
tests/unit/api/roles-route.test.ts(133,32): error TS2339: Property 'mockResolvedValue' does not exist on type '<T extends RoleFindUniqueArgs>(args: SelectSubset<T, RoleFindUniqueArgs<DefaultArgs>>) => Prisma__RoleClient<GetFindResult<$RolePayload<DefaultArgs>, T, {}> | null, null, DefaultArgs>'.
tests/unit/api/user-profile-route.test.ts(77,21): error TS2339: Property 'mockResolvedValue' does not exist on type '(request?: NextRequest | undefined) => Promise<{ session: Session; user: NonNullable<User & { role?: { level: number; id: string; code: string; name: string; permissions: string | null; description: string | null; isSystem: boolean; createdAt: Date; updatedAt: Date; } | null | undefined; }>; }>'.
tests/unit/api/user-profile-route.test.ts(78,32): error TS2339: Property 'mockResolvedValue' does not exist on type '<T extends UserFindUniqueArgs>(args: SelectSubset<T, UserFindUniqueArgs<DefaultArgs>>) => Prisma__UserClient<GetFindResult<$UserPayload<DefaultArgs>, T, {}> | null, null, DefaultArgs>'.
tests/unit/api/user-profile-route.test.ts(96,32): error TS2339: Property 'mockResolvedValue' does not exist on type '<T extends UserFindUniqueArgs>(args: SelectSubset<T, UserFindUniqueArgs<DefaultArgs>>) => Prisma__UserClient<GetFindResult<$UserPayload<DefaultArgs>, T, {}> | null, null, DefaultArgs>'.
tests/unit/api/user-profile-route.test.ts(108,32): error TS2339: Property 'mockResolvedValue' does not exist on type '<T extends UserFindUniqueArgs>(args: SelectSubset<T, UserFindUniqueArgs<DefaultArgs>>) => Prisma__UserClient<GetFindResult<$UserPayload<DefaultArgs>, T, {}> | null, null, DefaultArgs>'.
tests/unit/api/user-profile-route.test.ts(138,21): error TS2339: Property 'mockResolvedValue' does not exist on type '(request?: NextRequest | undefined) => Promise<{ session: Session; user: NonNullable<User & { role?: { level: number; id: string; code: string; name: string; permissions: string | null; description: string | null; isSystem: boolean; createdAt: Date; updatedAt: Date; } | null | undefined; }>; }>'.
tests/unit/api/user-profile-route.test.ts(139,32): error TS2339: Property 'mockResolvedValue' does not exist on type '<T extends UserFindUniqueArgs>(args: SelectSubset<T, UserFindUniqueArgs<DefaultArgs>>) => Prisma__UserClient<GetFindResult<$UserPayload<DefaultArgs>, T, {}> | null, null, DefaultArgs>'.
tests/unit/api/user-profile-route.test.ts(140,28): error TS2339: Property 'mockResolvedValue' does not exist on type '<T extends UserUpdateArgs>(args: SelectSubset<T, UserUpdateArgs<DefaultArgs>>) => Prisma__UserClient<GetFindResult<$UserPayload<DefaultArgs>, T, {}>, never, DefaultArgs>'.
tests/unit/api/user-profile-route.test.ts(205,21): error TS2339: Property 'mockResolvedValue' does not exist on type '(request?: NextRequest | undefined) => Promise<{ session: Session; user: NonNullable<User & { role?: { level: number; id: string; code: string; name: string; permissions: string | null; description: string | null; isSystem: boolean; createdAt: Date; updatedAt: Date; } | null | undefined; }>; }>'.
tests/unit/api/user-profile-route.test.ts(206,32): error TS2339: Property 'mockResolvedValue' does not exist on type '<T extends UserFindUniqueArgs>(args: SelectSubset<T, UserFindUniqueArgs<DefaultArgs>>) => Prisma__UserClient<GetFindResult<$UserPayload<DefaultArgs>, T, {}> | null, null, DefaultArgs>'.
tests/unit/api/user-profile-route.test.ts(208,28): error TS2339: Property 'mockResolvedValue' does not exist on type '<T extends UserUpdateArgs>(args: SelectSubset<T, UserUpdateArgs<DefaultArgs>>) => Prisma__UserClient<GetFindResult<$UserPayload<DefaultArgs>, T, {}>, never, DefaultArgs>'.
tests/unit/api/user-profile-route.test.ts(313,21): error TS2339: Property 'mockResolvedValue' does not exist on type '(request?: NextRequest | undefined) => Promise<{ session: Session; user: NonNullable<User & { role?: { level: number; id: string; code: string; name: string; permissions: string | null; description: string | null; isSystem: boolean; createdAt: Date; updatedAt: Date; } | null | undefined; }>; }>'.
tests/unit/api/user-profile-route.test.ts(314,32): error TS2339: Property 'mockResolvedValue' does not exist on type '<T extends UserFindUniqueArgs>(args: SelectSubset<T, UserFindUniqueArgs<DefaultArgs>>) => Prisma__UserClient<GetFindResult<$UserPayload<DefaultArgs>, T, {}> | null, null, DefaultArgs>'.
tests/unit/api/user-profile-route.test.ts(315,28): error TS2339: Property 'mockResolvedValue' does not exist on type '<T extends UserUpdateArgs>(args: SelectSubset<T, UserUpdateArgs<DefaultArgs>>) => Prisma__UserClient<GetFindResult<$UserPayload<DefaultArgs>, T, {}>, never, DefaultArgs>'.
tests/unit/api/user-profile-route.test.ts(388,21): error TS2339: Property 'mockResolvedValue' does not exist on type '(request?: NextRequest | undefined) => Promise<{ session: Session; user: NonNullable<User & { role?: { level: number; id: string; code: string; name: string; permissions: string | null; description: string | null; isSystem: boolean; createdAt: Date; updatedAt: Date; } | null | undefined; }>; }>'.
tests/unit/api/user-profile-route.test.ts(389,28): error TS2339: Property 'mockResolvedValue' does not exist on type '<T extends UserUpdateArgs>(args: SelectSubset<T, UserUpdateArgs<DefaultArgs>>) => Prisma__UserClient<GetFindResult<$UserPayload<DefaultArgs>, T, {}>, never, DefaultArgs>'.
tests/unit/config/connectors/ElasticsearchConnector.test.ts(43,32): error TS2503: Cannot find namespace 'vi'.
tests/unit/config/connectors/PostgreSQLConnector.test.ts(38,32): error TS2503: Cannot find namespace 'vi'.
tests/unit/config/connectors/PostgreSQLConnector.test.ts(72,5): error TS2740: Type '{ id: string; name: string; host: string; port: number; protocol: string; username: string; password: null; token: null; tlsEnabled: false; enabled: true; basePath: string; metadata: null; createdAt: Date; updatedAt: Date; }' is missing the following properties from type 'ServiceConfigurationModel': displayName, type, tlsCert, status, and 3 more.
tests/unit/config/connectors/PostgreSQLConnector.test.ts(164,14): error TS2790: The operand of a 'delete' operator must be optional.
tests/unit/config/connectors/PostgreSQLConnector.test.ts(204,14): error TS2790: The operand of a 'delete' operator must be optional.
tests/unit/config/connectors/RedisConnector.test.ts(39,32): error TS2503: Cannot find namespace 'vi'.
tests/unit/config/connectors/RedisConnector.test.ts(61,5): error TS2740: Type '{ id: string; name: string; host: string; port: number; protocol: string; username: null; password: null; token: null; tlsEnabled: false; enabled: true; basePath: string; metadata: null; createdAt: Date; updatedAt: Date; }' is missing the following properties from type 'ServiceConfigurationModel': displayName, type, tlsCert, status, and 3 more.
tests/unit/config/connectors/RedisConnector.test.ts(175,14): error TS2790: The operand of a 'delete' operator must be optional.
tests/unit/config/connectors/S3Connector.test.ts(40,32): error TS2503: Cannot find namespace 'vi'.
tests/unit/config/connectors/S3Connector.test.ts(59,5): error TS2740: Type '{ id: string; name: string; host: string; port: null; protocol: string; username: null; password: null; token: null; tlsEnabled: true; enabled: true; basePath: string; metadata: string; createdAt: Date; updatedAt: Date; }' is missing the following properties from type 'ServiceConfigurationModel': displayName, type, tlsCert, status, and 3 more.
tests/unit/config/connectors/SMTPConnector.test.ts(37,32): error TS2503: Cannot find namespace 'vi'.
tests/unit/config/ServiceConfigResolver.test.ts(34,32): error TS2503: Cannot find namespace 'vi'.
tests/unit/data-sanitization/data-sanitization.service.test.ts(83,1): error TS2582: Cannot find name 'describe'. Do you need to install type definitions for a test runner? Try `npm i --save-dev @types/jest` or `npm i --save-dev @types/mocha`.
tests/unit/data-sanitization/data-sanitization.service.test.ts(86,3): error TS2304: Cannot find name 'beforeEach'.
tests/unit/data-sanitization/data-sanitization.service.test.ts(91,3): error TS2304: Cannot find name 'afterEach'.
tests/unit/data-sanitization/data-sanitization.service.test.ts(95,3): error TS2582: Cannot find name 'describe'. Do you need to install type definitions for a test runner? Try `npm i --save-dev @types/jest` or `npm i --save-dev @types/mocha`.
tests/unit/data-sanitization/data-sanitization.service.test.ts(96,5): error TS2582: Cannot find name 'it'. Do you need to install type definitions for a test runner? Try `npm i --save-dev @types/jest` or `npm i --save-dev @types/mocha`.
tests/unit/data-sanitization/data-sanitization.service.test.ts(97,13): error TS2304: Cannot find name 'expect'.
tests/unit/data-sanitization/data-sanitization.service.test.ts(97,43): error TS2322: Type '"delete"' is not assignable to type 'SanitizationMode'.
tests/unit/data-sanitization/data-sanitization.service.test.ts(100,13): error TS2304: Cannot find name 'expect'.
tests/unit/data-sanitization/data-sanitization.service.test.ts(107,5): error TS2582: Cannot find name 'it'. Do you need to install type definitions for a test runner? Try `npm i --save-dev @types/jest` or `npm i --save-dev @types/mocha`.
tests/unit/data-sanitization/data-sanitization.service.test.ts(143,53): error TS2345: Argument of type '{ mode: string; requestedBy: string; }' is not assignable to parameter of type 'SanitizationOptions'.
  Types of property 'mode' are incompatible.
    Type 'string' is not assignable to type 'SanitizationMode'.
tests/unit/data-sanitization/data-sanitization.service.test.ts(145,7): error TS2304: Cannot find name 'expect'.
tests/unit/data-sanitization/data-sanitization.service.test.ts(146,7): error TS2304: Cannot find name 'expect'.
tests/unit/data-sanitization/data-sanitization.service.test.ts(147,7): error TS2304: Cannot find name 'expect'.
tests/unit/data-sanitization/data-sanitization.service.test.ts(148,7): error TS2304: Cannot find name 'expect'.
tests/unit/data-sanitization/data-sanitization.service.test.ts(149,7): error TS2304: Cannot find name 'expect'.
tests/unit/data-sanitization/data-sanitization.service.test.ts(150,7): error TS2304: Cannot find name 'expect'.
tests/unit/data-sanitization/data-sanitization.service.test.ts(153,5): error TS2582: Cannot find name 'it'. Do you need to install type definitions for a test runner? Try `npm i --save-dev @types/jest` or `npm i --save-dev @types/mocha`.
tests/unit/data-sanitization/data-sanitization.service.test.ts(186,53): error TS2345: Argument of type '{ mode: string; requestedBy: string; }' is not assignable to parameter of type 'SanitizationOptions'.
  Types of property 'mode' are incompatible.
    Type 'string' is not assignable to type 'SanitizationMode'.
tests/unit/data-sanitization/data-sanitization.service.test.ts(188,7): error TS2304: Cannot find name 'expect'.
tests/unit/data-sanitization/data-sanitization.service.test.ts(189,7): error TS2304: Cannot find name 'expect'.
tests/unit/data-sanitization/data-sanitization.service.test.ts(192,5): error TS2582: Cannot find name 'it'. Do you need to install type definitions for a test runner? Try `npm i --save-dev @types/jest` or `npm i --save-dev @types/mocha`.
tests/unit/data-sanitization/data-sanitization.service.test.ts(204,53): error TS2345: Argument of type '{ mode: string; requestedBy: string; }' is not assignable to parameter of type 'SanitizationOptions'.
  Types of property 'mode' are incompatible.
    Type 'string' is not assignable to type 'SanitizationMode'.
tests/unit/data-sanitization/data-sanitization.service.test.ts(206,7): error TS2304: Cannot find name 'expect'.
tests/unit/data-sanitization/data-sanitization.service.test.ts(207,7): error TS2304: Cannot find name 'expect'.
tests/unit/data-sanitization/data-sanitization.service.test.ts(208,7): error TS2304: Cannot find name 'expect'.
tests/unit/data-sanitization/data-sanitization.service.test.ts(209,7): error TS2304: Cannot find name 'expect'.
tests/unit/data-sanitization/data-sanitization.service.test.ts(212,5): error TS2582: Cannot find name 'it'. Do you need to install type definitions for a test runner? Try `npm i --save-dev @types/jest` or `npm i --save-dev @types/mocha`.
tests/unit/data-sanitization/data-sanitization.service.test.ts(219,53): error TS2345: Argument of type '{ mode: string; requestedBy: string; }' is not assignable to parameter of type 'SanitizationOptions'.
  Types of property 'mode' are incompatible.
    Type 'string' is not assignable to type 'SanitizationMode'.
tests/unit/data-sanitization/data-sanitization.service.test.ts(221,7): error TS2304: Cannot find name 'expect'.
tests/unit/data-sanitization/data-sanitization.service.test.ts(222,7): error TS2304: Cannot find name 'expect'.
tests/unit/data-sanitization/data-sanitization.service.test.ts(226,3): error TS2582: Cannot find name 'describe'. Do you need to install type definitions for a test runner? Try `npm i --save-dev @types/jest` or `npm i --save-dev @types/mocha`.
tests/unit/data-sanitization/data-sanitization.service.test.ts(227,5): error TS2582: Cannot find name 'it'. Do you need to install type definitions for a test runner? Try `npm i --save-dev @types/jest` or `npm i --save-dev @types/mocha`.
tests/unit/data-sanitization/data-sanitization.service.test.ts(235,64): error TS2345: Argument of type '{ mode: string; requestedBy: string; }' is not assignable to parameter of type 'SanitizationOptions'.
  Types of property 'mode' are incompatible.
    Type 'string' is not assignable to type 'SanitizationMode'.
tests/unit/data-sanitization/data-sanitization.service.test.ts(237,7): error TS2304: Cannot find name 'expect'.
tests/unit/data-sanitization/data-sanitization.service.test.ts(238,7): error TS2304: Cannot find name 'expect'.
tests/unit/data-sanitization/data-sanitization.service.test.ts(242,3): error TS2582: Cannot find name 'describe'. Do you need to install type definitions for a test runner? Try `npm i --save-dev @types/jest` or `npm i --save-dev @types/mocha`.
tests/unit/data-sanitization/data-sanitization.service.test.ts(243,5): error TS2582: Cannot find name 'it'. Do you need to install type definitions for a test runner? Try `npm i --save-dev @types/jest` or `npm i --save-dev @types/mocha`.
tests/unit/data-sanitization/data-sanitization.service.test.ts(263,7): error TS2304: Cannot find name 'expect'.
tests/unit/data-sanitization/data-sanitization.service.test.ts(264,7): error TS2304: Cannot find name 'expect'.
tests/unit/data-sanitization/data-sanitization.service.test.ts(265,7): error TS2304: Cannot find name 'expect'.
tests/unit/data-sanitization/data-sanitization.service.test.ts(266,7): error TS2304: Cannot find name 'expect'.
tests/unit/data-sanitization/data-sanitization.service.test.ts(267,7): error TS2304: Cannot find name 'expect'.
tests/unit/data-sanitization/data-sanitization.service.test.ts(268,7): error TS2304: Cannot find name 'expect'.
tests/unit/data-sanitization/data-sanitization.service.test.ts(272,3): error TS2582: Cannot find name 'describe'. Do you need to install type definitions for a test runner? Try `npm i --save-dev @types/jest` or `npm i --save-dev @types/mocha`.
tests/unit/data-sanitization/data-sanitization.service.test.ts(273,5): error TS2582: Cannot find name 'it'. Do you need to install type definitions for a test runner? Try `npm i --save-dev @types/jest` or `npm i --save-dev @types/mocha`.
tests/unit/data-sanitization/data-sanitization.service.test.ts(277,13): error TS2304: Cannot find name 'expect'.
tests/unit/data-sanitization/data-sanitization.service.test.ts(277,45): error TS2345: Argument of type '{ mode: string; requestedBy: string; }' is not assignable to parameter of type 'SanitizationOptions'.
  Types of property 'mode' are incompatible.
    Type 'string' is not assignable to type 'SanitizationMode'.
tests/unit/data-sanitization/data-sanitization.service.test.ts(281,5): error TS2582: Cannot find name 'it'. Do you need to install type definitions for a test runner? Try `npm i --save-dev @types/jest` or `npm i --save-dev @types/mocha`.
tests/unit/data-sanitization/data-sanitization.service.test.ts(285,13): error TS2304: Cannot find name 'expect'.
tests/unit/data-sanitization/data-sanitization.service.test.ts(285,45): error TS2345: Argument of type '{ mode: string; requestedBy: string; }' is not assignable to parameter of type 'SanitizationOptions'.
  Types of property 'mode' are incompatible.
    Type 'string' is not assignable to type 'SanitizationMode'.
tests/unit/data-sanitization/data-sanitization.service.test.ts(289,5): error TS2582: Cannot find name 'it'. Do you need to install type definitions for a test runner? Try `npm i --save-dev @types/jest` or `npm i --save-dev @types/mocha`.
tests/unit/data-sanitization/data-sanitization.service.test.ts(293,13): error TS2304: Cannot find name 'expect'.
tests/unit/data-sanitization/data-sanitization.service.test.ts(293,45): error TS2345: Argument of type '{ mode: string; requestedBy: string; }' is not assignable to parameter of type 'SanitizationOptions'.
  Types of property 'mode' are incompatible.
    Type 'string' is not assignable to type 'SanitizationMode'.
tests/unit/data-sanitization/data-sanitization.service.test.ts(298,3): error TS2582: Cannot find name 'describe'. Do you need to install type definitions for a test runner? Try `npm i --save-dev @types/jest` or `npm i --save-dev @types/mocha`.
tests/unit/data-sanitization/data-sanitization.service.test.ts(299,5): error TS2304: Cannot find name 'beforeEach'.
tests/unit/data-sanitization/data-sanitization.service.test.ts(308,5): error TS2582: Cannot find name 'it'. Do you need to install type definitions for a test runner? Try `npm i --save-dev @types/jest` or `npm i --save-dev @types/mocha`.
tests/unit/data-sanitization/data-sanitization.service.test.ts(332,7): error TS2304: Cannot find name 'expect'.
tests/unit/data-sanitization/data-sanitization.service.test.ts(333,7): error TS2304: Cannot find name 'expect'.
tests/unit/data-sanitization/data-sanitization.service.test.ts(334,7): error TS2304: Cannot find name 'expect'.
tests/unit/data-sanitization/data-sanitization.service.test.ts(335,7): error TS2304: Cannot find name 'expect'.
tests/unit/data-sanitization/data-sanitization.service.test.ts(338,5): error TS2582: Cannot find name 'it'. Do you need to install type definitions for a test runner? Try `npm i --save-dev @types/jest` or `npm i --save-dev @types/mocha`.
tests/unit/data-sanitization/data-sanitization.service.test.ts(350,7): error TS2304: Cannot find name 'expect'.
tests/unit/data-sanitization/data-sanitization.service.test.ts(351,7): error TS2304: Cannot find name 'expect'.
tests/unit/data-sanitization/data-sanitization.service.test.ts(352,7): error TS2304: Cannot find name 'expect'.
tests/unit/data-sanitization/data-sanitization.service.test.ts(355,5): error TS2582: Cannot find name 'it'. Do you need to install type definitions for a test runner? Try `npm i --save-dev @types/jest` or `npm i --save-dev @types/mocha`.
tests/unit/data-sanitization/data-sanitization.service.test.ts(368,7): error TS2304: Cannot find name 'expect'.
tests/unit/data-sanitization/data-sanitization.service.test.ts(369,7): error TS2304: Cannot find name 'expect'.
tests/unit/data-sanitization/data-sanitization.service.test.ts(372,5): error TS2582: Cannot find name 'it'. Do you need to install type definitions for a test runner? Try `npm i --save-dev @types/jest` or `npm i --save-dev @types/mocha`.
tests/unit/data-sanitization/data-sanitization.service.test.ts(383,42): error TS7006: Parameter 'dirPath' implicitly has an 'any' type.
tests/unit/data-sanitization/data-sanitization.service.test.ts(390,45): error TS7006: Parameter 'filePath' implicitly has an 'any' type.
tests/unit/data-sanitization/data-sanitization.service.test.ts(395,7): error TS2304: Cannot find name 'expect'.
tests/unit/data-sanitization/data-sanitization.service.test.ts(396,7): error TS2304: Cannot find name 'expect'.
tests/unit/data-sanitization/data-sanitization.service.test.ts(400,3): error TS2582: Cannot find name 'describe'. Do you need to install type definitions for a test runner? Try `npm i --save-dev @types/jest` or `npm i --save-dev @types/mocha`.
tests/unit/data-sanitization/data-sanitization.service.test.ts(401,5): error TS2304: Cannot find name 'beforeEach'.
tests/unit/data-sanitization/data-sanitization.service.test.ts(409,5): error TS2582: Cannot find name 'it'. Do you need to install type definitions for a test runner? Try `npm i --save-dev @types/jest` or `npm i --save-dev @types/mocha`.
tests/unit/data-sanitization/data-sanitization.service.test.ts(421,7): error TS2304: Cannot find name 'expect'.
tests/unit/data-sanitization/data-sanitization.service.test.ts(422,7): error TS2304: Cannot find name 'expect'.
tests/unit/data-sanitization/data-sanitization.service.test.ts(425,5): error TS2582: Cannot find name 'it'. Do you need to install type definitions for a test runner? Try `npm i --save-dev @types/jest` or `npm i --save-dev @types/mocha`.
tests/unit/data-sanitization/data-sanitization.service.test.ts(436,42): error TS7006: Parameter 'dirPath' implicitly has an 'any' type.
tests/unit/data-sanitization/data-sanitization.service.test.ts(449,7): error TS2304: Cannot find name 'expect'.
tests/unit/data-sanitization/data-sanitization.service.test.ts(450,7): error TS2304: Cannot find name 'expect'.
tests/unit/data-sanitization/data-sanitization.service.test.ts(453,5): error TS2582: Cannot find name 'it'. Do you need to install type definitions for a test runner? Try `npm i --save-dev @types/jest` or `npm i --save-dev @types/mocha`.
tests/unit/data-sanitization/data-sanitization.service.test.ts(471,7): error TS2304: Cannot find name 'expect'.
tests/unit/data-sanitization/data-sanitization.service.test.ts(472,7): error TS2304: Cannot find name 'expect'.
tests/unit/export/ExportService.events.test.ts(22,42): error TS2503: Cannot find namespace 'vi'.
tests/unit/export/ExportService.events.test.ts(72,5): error TS2741: Property 'entityType' is missing in type '{ exportFields: { key: string; label: string; type: "string"; required: true; }[]; getDataForExport: Mock<Procedure>; transformForExport: Mock<Procedure>; importFields: never[]; transformForImport: Mock<...>; validateImportData: Mock<...>; saveImportedData: Mock<...>; }' but required in type 'IEntityAdapter<any>'.
tests/unit/export/ExportService.events.test.ts(178,9): error TS7006: Parameter 'call' implicitly has an 'any' type.
tests/unit/export/ExportService.events.test.ts(214,38): error TS7006: Parameter 'call' implicitly has an 'any' type.
tests/unit/export/ExportService.events.test.ts(215,40): error TS7006: Parameter 'call' implicitly has an 'any' type.
tests/unit/export/ExportService.events.test.ts(238,9): error TS7006: Parameter 'call' implicitly has an 'any' type.
tests/unit/export/ExportService.events.test.ts(273,9): error TS7006: Parameter 'call' implicitly has an 'any' type.
tests/unit/export/ExportService.events.test.ts(293,9): error TS7006: Parameter 'call' implicitly has an 'any' type.
tests/unit/export/ExportService.test.ts(47,5): error TS2741: Property 'entityType' is missing in type '{ exportFields: ({ key: string; label: string; type: "string"; required: true; } | { key: string; label: string; type: "boolean"; })[]; getDataForExport: Mock<Procedure>; transformForExport: Mock<...>; importFields: never[]; transformForImport: Mock<...>; validateImportData: Mock<...>; saveImportedData: Mock<...>; }' but required in type 'IEntityAdapter<any>'.
tests/unit/export/ExportService.test.ts(103,56): error TS2345: Argument of type '{ format: "xlsx"; filters: { status: string; }; }' is not assignable to parameter of type 'ExportOptions & { actorId?: string | undefined; }'.
  Property 'includeHeaders' is missing in type '{ format: "xlsx"; filters: { status: string; }; }' but required in type 'ExportOptions'.
tests/unit/export/ExportService.test.ts(129,56): error TS2345: Argument of type '{ format: "xlsx"; selectedIds: string[]; }' is not assignable to parameter of type 'ExportOptions & { actorId?: string | undefined; }'.
  Property 'includeHeaders' is missing in type '{ format: "xlsx"; selectedIds: string[]; }' but required in type 'ExportOptions'.
tests/unit/export/ExportService.test.ts(161,56): error TS2345: Argument of type '{ format: "xlsx"; selectedIds: string[]; }' is not assignable to parameter of type 'ExportOptions & { actorId?: string | undefined; }'.
  Property 'includeHeaders' is missing in type '{ format: "xlsx"; selectedIds: string[]; }' but required in type 'ExportOptions'.
tests/unit/export/ExportService.test.ts(184,58): error TS2345: Argument of type '{ format: "xlsx"; }' is not assignable to parameter of type 'ExportOptions & { actorId?: string | undefined; }'.
  Property 'includeHeaders' is missing in type '{ format: "xlsx"; }' but required in type 'ExportOptions'.
tests/unit/export/ExportService.test.ts(198,56): error TS2345: Argument of type '{ format: "xlsx"; }' is not assignable to parameter of type 'ExportOptions & { actorId?: string | undefined; }'.
  Property 'includeHeaders' is missing in type '{ format: "xlsx"; }' but required in type 'ExportOptions'.
tests/unit/export/ExportService.test.ts(214,56): error TS2345: Argument of type '{ format: "xlsx"; }' is not assignable to parameter of type 'ExportOptions & { actorId?: string | undefined; }'.
  Property 'includeHeaders' is missing in type '{ format: "xlsx"; }' but required in type 'ExportOptions'.
tests/unit/export/ExportService.test.ts(234,56): error TS2345: Argument of type '{ format: "xls"; }' is not assignable to parameter of type 'ExportOptions & { actorId?: string | undefined; }'.
  Property 'includeHeaders' is missing in type '{ format: "xls"; }' but required in type 'ExportOptions'.
tests/unit/export/ExportService.test.ts(253,56): error TS2345: Argument of type '{ format: "csv"; }' is not assignable to parameter of type 'ExportOptions & { actorId?: string | undefined; }'.
  Property 'includeHeaders' is missing in type '{ format: "csv"; }' but required in type 'ExportOptions'.
tests/unit/export/ExportService.test.ts(288,56): error TS2345: Argument of type '{ format: "xlsx"; filename: string; }' is not assignable to parameter of type 'ExportOptions & { actorId?: string | undefined; }'.
  Property 'includeHeaders' is missing in type '{ format: "xlsx"; filename: string; }' but required in type 'ExportOptions'.
tests/unit/export/ExportService.test.ts(308,41): error TS2345: Argument of type '{ format: "xlsx"; }' is not assignable to parameter of type 'ExportOptions & { actorId?: string | undefined; }'.
  Property 'includeHeaders' is missing in type '{ format: "xlsx"; }' but required in type 'ExportOptions'.
tests/unit/export/ExportService.test.ts(326,56): error TS2345: Argument of type '{ format: "xlsx"; }' is not assignable to parameter of type 'ExportOptions & { actorId?: string | undefined; }'.
  Property 'includeHeaders' is missing in type '{ format: "xlsx"; }' but required in type 'ExportOptions'.
tests/unit/export/ExportService.test.ts(342,56): error TS2345: Argument of type '{ format: any; }' is not assignable to parameter of type 'ExportOptions & { actorId?: string | undefined; }'.
  Property 'includeHeaders' is missing in type '{ format: any; }' but required in type 'ExportOptions'.
tests/unit/import/ImportPreviewService.test.ts(85,7): error TS2322: Type 'Mock<() => { row: number; field: string; message: string; }[]>' is not assignable to type '(data: Record<string, any>[]) => ValidationResult[]'.
  Type '{ row: number; field: string; message: string; }[]' is not assignable to type 'ValidationResult[]'.
    Type '{ row: number; field: string; message: string; }' is missing the following properties from type 'ValidationResult': isValid, errors
tests/unit/import/ImportPreviewService.test.ts(117,65): error TS2345: Argument of type 'ValidationError[]' is not assignable to parameter of type 'ValidationResult[]'.
tests/unit/import/ImportPreviewService.test.ts(158,65): error TS2345: Argument of type 'ValidationError[]' is not assignable to parameter of type 'ValidationResult[]'.
tests/unit/import/ImportPreviewService.test.ts(222,65): error TS2345: Argument of type 'ValidationError[]' is not assignable to parameter of type 'ValidationResult[]'.
tests/unit/import/ImportPreviewService.test.ts(257,65): error TS2345: Argument of type 'ValidationError[]' is not assignable to parameter of type 'ValidationResult[]'.
tests/unit/import/ImportPreviewService.test.ts(289,65): error TS2345: Argument of type 'ValidationError[]' is not assignable to parameter of type 'ValidationResult[]'.
tests/unit/import/ImportService.events.test.ts(22,42): error TS2503: Cannot find namespace 'vi'.
tests/unit/import/ImportService.events.test.ts(108,5): error TS2741: Property 'entityType' is missing in type '{ importFields: { key: string; label: string; type: "string"; required: true; }[]; exportFields: never[]; getDataForExport: Mock<Procedure>; transformForExport: Mock<Procedure>; transformForImport: Mock<...>; validateImportData: Mock<...>; saveImportedData: Mock<...>; }' but required in type 'IEntityAdapter<any>'.
tests/unit/import/ImportService.events.test.ts(138,52): error TS2345: Argument of type '(file: unique symbol, options: ParseConfig<any, undefined> | undefined) => void' is not assignable to parameter of type 'NormalizedPrecedure<{ <T, TFile extends LocalFile = LocalFile>(file: TFile, config: ParseLocalConfig<T, TFile>): void; <T>(url: string, config: ParseRemoteConfig<T>): void; <T>(csvString: string, config: ParseWorkerConfig<...> & { ...; }): void; <T>(csvString: string, config?: (ParseConfig<...> & { ...; }) | undefin...'.
  Type 'void' is not assignable to type 'Duplex'.
tests/unit/import/ImportService.events.test.ts(139,13): error TS18048: 'options' is possibly 'undefined'.
tests/unit/import/ImportService.events.test.ts(140,11): error TS18048: 'options' is possibly 'undefined'.
tests/unit/import/ImportService.events.test.ts(140,19): error TS2554: Expected 2 arguments, but got 1.
tests/unit/import/ImportService.events.test.ts(196,9): error TS7006: Parameter 'call' implicitly has an 'any' type.
tests/unit/import/ImportService.events.test.ts(224,52): error TS2345: Argument of type '(file: unique symbol, options: ParseConfig<any, undefined> | undefined) => void' is not assignable to parameter of type 'NormalizedPrecedure<{ <T, TFile extends LocalFile = LocalFile>(file: TFile, config: ParseLocalConfig<T, TFile>): void; <T>(url: string, config: ParseRemoteConfig<T>): void; <T>(csvString: string, config: ParseWorkerConfig<...> & { ...; }): void; <T>(csvString: string, config?: (ParseConfig<...> & { ...; }) | undefin...'.
  Type 'void' is not assignable to type 'Duplex'.
tests/unit/import/ImportService.events.test.ts(225,13): error TS18048: 'options' is possibly 'undefined'.
tests/unit/import/ImportService.events.test.ts(226,11): error TS18048: 'options' is possibly 'undefined'.
tests/unit/import/ImportService.events.test.ts(226,19): error TS2554: Expected 2 arguments, but got 1.
tests/unit/import/ImportService.events.test.ts(247,9): error TS7006: Parameter 'call' implicitly has an 'any' type.
tests/unit/import/ImportService.events.test.ts(272,52): error TS2345: Argument of type '(file: unique symbol, options: ParseConfig<any, undefined> | undefined) => void' is not assignable to parameter of type 'NormalizedPrecedure<{ <T, TFile extends LocalFile = LocalFile>(file: TFile, config: ParseLocalConfig<T, TFile>): void; <T>(url: string, config: ParseRemoteConfig<T>): void; <T>(csvString: string, config: ParseWorkerConfig<...> & { ...; }): void; <T>(csvString: string, config?: (ParseConfig<...> & { ...; }) | undefin...'.
  Type 'void' is not assignable to type 'Duplex'.
tests/unit/import/ImportService.events.test.ts(273,13): error TS18048: 'options' is possibly 'undefined'.
tests/unit/import/ImportService.events.test.ts(274,11): error TS18048: 'options' is possibly 'undefined'.
tests/unit/import/ImportService.events.test.ts(274,19): error TS2554: Expected 2 arguments, but got 1.
tests/unit/import/ImportService.events.test.ts(291,38): error TS7006: Parameter 'call' implicitly has an 'any' type.
tests/unit/import/ImportService.events.test.ts(292,40): error TS7006: Parameter 'call' implicitly has an 'any' type.
tests/unit/import/ImportService.events.test.ts(315,9): error TS7006: Parameter 'call' implicitly has an 'any' type.
tests/unit/import/ImportService.events.test.ts(359,9): error TS7006: Parameter 'call' implicitly has an 'any' type.
tests/unit/import/ImportService.test.ts(79,5): error TS2741: Property 'entityType' is missing in type '{ importFields: { key: string; label: string; type: "string"; required: true; }[]; exportFields: never[]; getDataForExport: Mock<Procedure>; transformForExport: Mock<Procedure>; transformForImport: Mock<...>; validateImportData: Mock<...>; saveImportedData: Mock<...>; }' but required in type 'IEntityAdapter<any>'.
tests/unit/import/ImportService.test.ts(87,52): error TS7006: Parameter 'row' implicitly has an 'any' type.
tests/unit/import/ImportService.test.ts(175,52): error TS2345: Argument of type '(file: unique symbol, options: ParseConfig<any, undefined> | undefined) => void' is not assignable to parameter of type 'NormalizedPrecedure<{ <T, TFile extends LocalFile = LocalFile>(file: TFile, config: ParseLocalConfig<T, TFile>): void; <T>(url: string, config: ParseRemoteConfig<T>): void; <T>(csvString: string, config: ParseWorkerConfig<...> & { ...; }): void; <T>(csvString: string, config?: (ParseConfig<...> & { ...; }) | undefin...'.
  Type 'void' is not assignable to type 'Duplex'.
tests/unit/import/ImportService.test.ts(176,13): error TS18048: 'options' is possibly 'undefined'.
tests/unit/import/ImportService.test.ts(177,11): error TS18048: 'options' is possibly 'undefined'.
tests/unit/import/ImportService.test.ts(177,19): error TS2554: Expected 2 arguments, but got 1.
tests/unit/import/ImportService.test.ts(193,65): error TS2345: Argument of type '{ successCount: number; errorCount: number; errors: never[]; totalProcessed: number; }' is not assignable to parameter of type 'ImportResult'.
  Property 'warnings' is missing in type '{ successCount: number; errorCount: number; errors: never[]; totalProcessed: number; }' but required in type 'ImportResult'.
tests/unit/import/ImportService.test.ts(218,52): error TS2345: Argument of type '(file: unique symbol, options: ParseConfig<any, undefined> | undefined) => void' is not assignable to parameter of type 'NormalizedPrecedure<{ <T, TFile extends LocalFile = LocalFile>(file: TFile, config: ParseLocalConfig<T, TFile>): void; <T>(url: string, config: ParseRemoteConfig<T>): void; <T>(csvString: string, config: ParseWorkerConfig<...> & { ...; }): void; <T>(csvString: string, config?: (ParseConfig<...> & { ...; }) | undefin...'.
  Type 'void' is not assignable to type 'Duplex'.
tests/unit/import/ImportService.test.ts(219,13): error TS18048: 'options' is possibly 'undefined'.
tests/unit/import/ImportService.test.ts(220,11): error TS18048: 'options' is possibly 'undefined'.
tests/unit/import/ImportService.test.ts(220,19): error TS2554: Expected 2 arguments, but got 1.
tests/unit/import/ImportService.test.ts(234,65): error TS2345: Argument of type '{ successCount: number; errorCount: number; errors: never[]; totalProcessed: number; }' is not assignable to parameter of type 'ImportResult'.
  Property 'warnings' is missing in type '{ successCount: number; errorCount: number; errors: never[]; totalProcessed: number; }' but required in type 'ImportResult'.
tests/unit/import/ImportService.test.ts(256,52): error TS2345: Argument of type '(file: unique symbol, options: ParseConfig<any, undefined> | undefined) => void' is not assignable to parameter of type 'NormalizedPrecedure<{ <T, TFile extends LocalFile = LocalFile>(file: TFile, config: ParseLocalConfig<T, TFile>): void; <T>(url: string, config: ParseRemoteConfig<T>): void; <T>(csvString: string, config: ParseWorkerConfig<...> & { ...; }): void; <T>(csvString: string, config?: (ParseConfig<...> & { ...; }) | undefin...'.
  Type 'void' is not assignable to type 'Duplex'.
tests/unit/import/ImportService.test.ts(257,13): error TS18048: 'options' is possibly 'undefined'.
tests/unit/import/ImportService.test.ts(258,11): error TS18048: 'options' is possibly 'undefined'.
tests/unit/import/ImportService.test.ts(258,19): error TS2554: Expected 2 arguments, but got 1.
tests/unit/import/ImportService.test.ts(272,65): error TS2345: Argument of type '{ successCount: number; errorCount: number; errors: never[]; totalProcessed: number; }' is not assignable to parameter of type 'ImportResult'.
  Property 'warnings' is missing in type '{ successCount: number; errorCount: number; errors: never[]; totalProcessed: number; }' but required in type 'ImportResult'.
tests/unit/import/ImportService.test.ts(294,52): error TS2345: Argument of type '(file: unique symbol, options: ParseConfig<any, undefined> | undefined) => void' is not assignable to parameter of type 'NormalizedPrecedure<{ <T, TFile extends LocalFile = LocalFile>(file: TFile, config: ParseLocalConfig<T, TFile>): void; <T>(url: string, config: ParseRemoteConfig<T>): void; <T>(csvString: string, config: ParseWorkerConfig<...> & { ...; }): void; <T>(csvString: string, config?: (ParseConfig<...> & { ...; }) | undefin...'.
  Type 'void' is not assignable to type 'Duplex'.
tests/unit/import/ImportService.test.ts(295,13): error TS18048: 'options' is possibly 'undefined'.
tests/unit/import/ImportService.test.ts(296,11): error TS18048: 'options' is possibly 'undefined'.
tests/unit/import/ImportService.test.ts(296,19): error TS2554: Expected 2 arguments, but got 1.
tests/unit/import/ImportService.test.ts(308,65): error TS2345: Argument of type 'ValidationError[]' is not assignable to parameter of type 'ValidationResult[]'.
tests/unit/import/ImportService.test.ts(313,65): error TS2345: Argument of type '{ successCount: number; errorCount: number; errors: never[]; totalProcessed: number; }' is not assignable to parameter of type 'ImportResult'.
  Property 'warnings' is missing in type '{ successCount: number; errorCount: number; errors: never[]; totalProcessed: number; }' but required in type 'ImportResult'.
tests/unit/import/ImportService.test.ts(340,65): error TS2345: Argument of type 'ValidationError[]' is not assignable to parameter of type 'ValidationResult[]'.
tests/unit/import/ImportService.test.ts(357,65): error TS2345: Argument of type '{ successCount: number; errorCount: number; errors: never[]; totalProcessed: number; }' is not assignable to parameter of type 'ImportResult'.
  Property 'warnings' is missing in type '{ successCount: number; errorCount: number; errors: never[]; totalProcessed: number; }' but required in type 'ImportResult'.
tests/unit/import/ImportService.test.ts(378,52): error TS2345: Argument of type '(file: unique symbol, options: ParseConfig<any, undefined> | undefined) => void' is not assignable to parameter of type 'NormalizedPrecedure<{ <T, TFile extends LocalFile = LocalFile>(file: TFile, config: ParseLocalConfig<T, TFile>): void; <T>(url: string, config: ParseRemoteConfig<T>): void; <T>(csvString: string, config: ParseWorkerConfig<...> & { ...; }): void; <T>(csvString: string, config?: (ParseConfig<...> & { ...; }) | undefin...'.
  Type 'void' is not assignable to type 'Duplex'.
tests/unit/import/ImportService.test.ts(379,13): error TS18048: 'options' is possibly 'undefined'.
tests/unit/import/ImportService.test.ts(380,11): error TS18048: 'options' is possibly 'undefined'.
tests/unit/import/ImportService.test.ts(380,19): error TS2554: Expected 2 arguments, but got 1.
tests/unit/import/ImportService.test.ts(395,65): error TS2345: Argument of type '{ successCount: number; errorCount: number; errors: never[]; totalProcessed: number; }' is not assignable to parameter of type 'ImportResult'.
  Property 'warnings' is missing in type '{ successCount: number; errorCount: number; errors: never[]; totalProcessed: number; }' but required in type 'ImportResult'.
tests/unit/import/ImportService.test.ts(450,52): error TS2345: Argument of type '(file: unique symbol, options: ParseConfig<any, undefined> | undefined) => void' is not assignable to parameter of type 'NormalizedPrecedure<{ <T, TFile extends LocalFile = LocalFile>(file: TFile, config: ParseLocalConfig<T, TFile>): void; <T>(url: string, config: ParseRemoteConfig<T>): void; <T>(csvString: string, config: ParseWorkerConfig<...> & { ...; }): void; <T>(csvString: string, config?: (ParseConfig<...> & { ...; }) | undefin...'.
  Type 'void' is not assignable to type 'Duplex'.
tests/unit/import/ImportService.test.ts(451,9): error TS18048: 'options' is possibly 'undefined'.
tests/unit/import/ImportService.test.ts(451,17): error TS2339: Property 'error' does not exist on type 'ParseConfig<any, undefined>'.
tests/unit/import/ImportService.test.ts(467,52): error TS2345: Argument of type '(file: unique symbol, options: ParseConfig<any, undefined> | undefined) => void' is not assignable to parameter of type 'NormalizedPrecedure<{ <T, TFile extends LocalFile = LocalFile>(file: TFile, config: ParseLocalConfig<T, TFile>): void; <T>(url: string, config: ParseRemoteConfig<T>): void; <T>(csvString: string, config: ParseWorkerConfig<...> & { ...; }): void; <T>(csvString: string, config?: (ParseConfig<...> & { ...; }) | undefin...'.
  Type 'void' is not assignable to type 'Duplex'.
tests/unit/import/ImportService.test.ts(468,13): error TS18048: 'options' is possibly 'undefined'.
tests/unit/import/ImportService.test.ts(469,11): error TS18048: 'options' is possibly 'undefined'.
tests/unit/import/ImportService.test.ts(469,19): error TS2554: Expected 2 arguments, but got 1.
tests/unit/import/ImportService.test.ts(486,65): error TS2345: Argument of type '{ successCount: number; errorCount: number; errors: { row: number; field: string; message: string; }[]; totalProcessed: number; }' is not assignable to parameter of type 'ImportResult'.
  Property 'warnings' is missing in type '{ successCount: number; errorCount: number; errors: { row: number; field: string; message: string; }[]; totalProcessed: number; }' but required in type 'ImportResult'.
tests/unit/import/ImportService.test.ts(512,52): error TS2345: Argument of type '(file: unique symbol, options: ParseConfig<any, undefined> | undefined) => void' is not assignable to parameter of type 'NormalizedPrecedure<{ <T, TFile extends LocalFile = LocalFile>(file: TFile, config: ParseLocalConfig<T, TFile>): void; <T>(url: string, config: ParseRemoteConfig<T>): void; <T>(csvString: string, config: ParseWorkerConfig<...> & { ...; }): void; <T>(csvString: string, config?: (ParseConfig<...> & { ...; }) | undefin...'.
  Type 'void' is not assignable to type 'Duplex'.
tests/unit/import/ImportService.test.ts(513,13): error TS18048: 'options' is possibly 'undefined'.
tests/unit/import/ImportService.test.ts(514,11): error TS18048: 'options' is possibly 'undefined'.
tests/unit/import/ImportService.test.ts(514,19): error TS2554: Expected 2 arguments, but got 1.
tests/unit/import/ImportService.test.ts(573,52): error TS2345: Argument of type '(file: unique symbol, options: ParseConfig<any, undefined> | undefined) => void' is not assignable to parameter of type 'NormalizedPrecedure<{ <T, TFile extends LocalFile = LocalFile>(file: TFile, config: ParseLocalConfig<T, TFile>): void; <T>(url: string, config: ParseRemoteConfig<T>): void; <T>(csvString: string, config: ParseWorkerConfig<...> & { ...; }): void; <T>(csvString: string, config?: (ParseConfig<...> & { ...; }) | undefin...'.
  Type 'void' is not assignable to type 'Duplex'.
tests/unit/import/ImportService.test.ts(574,13): error TS18048: 'options' is possibly 'undefined'.
tests/unit/import/ImportService.test.ts(575,11): error TS18048: 'options' is possibly 'undefined'.
tests/unit/import/ImportService.test.ts(575,19): error TS2554: Expected 2 arguments, but got 1.
tests/unit/import/ImportService.test.ts(587,65): error TS2345: Argument of type 'ValidationError[]' is not assignable to parameter of type 'ValidationResult[]'.
tests/unit/import/ImportService.test.ts(606,52): error TS2345: Argument of type '(file: unique symbol, options: ParseConfig<any, undefined> | undefined) => void' is not assignable to parameter of type 'NormalizedPrecedure<{ <T, TFile extends LocalFile = LocalFile>(file: TFile, config: ParseLocalConfig<T, TFile>): void; <T>(url: string, config: ParseRemoteConfig<T>): void; <T>(csvString: string, config: ParseWorkerConfig<...> & { ...; }): void; <T>(csvString: string, config?: (ParseConfig<...> & { ...; }) | undefin...'.
  Type 'void' is not assignable to type 'Duplex'.
tests/unit/import/ImportService.test.ts(611,9): error TS18048: 'options' is possibly 'undefined'.
tests/unit/import/ImportService.test.ts(611,9): error TS2722: Cannot invoke an object which is possibly 'undefined'.
tests/unit/import/ImportService.test.ts(611,17): error TS2554: Expected 2 arguments, but got 1.
tests/unit/import/ImportService.test.ts(628,52): error TS2345: Argument of type '(file: unique symbol, options: ParseConfig<any, undefined> | undefined) => void' is not assignable to parameter of type 'NormalizedPrecedure<{ <T, TFile extends LocalFile = LocalFile>(file: TFile, config: ParseLocalConfig<T, TFile>): void; <T>(url: string, config: ParseRemoteConfig<T>): void; <T>(csvString: string, config: ParseWorkerConfig<...> & { ...; }): void; <T>(csvString: string, config?: (ParseConfig<...> & { ...; }) | undefin...'.
  Type 'void' is not assignable to type 'Duplex'.
tests/unit/import/ImportService.test.ts(629,13): error TS18048: 'options' is possibly 'undefined'.
tests/unit/import/ImportService.test.ts(635,11): error TS18048: 'options' is possibly 'undefined'.
tests/unit/import/ImportService.test.ts(635,19): error TS2554: Expected 2 arguments, but got 1.
tests/unit/import/ImportService.test.ts(647,66): error TS2345: Argument of type '() => Promise<{ successCount: number; errorCount: number; errors: never[]; totalProcessed: number; }>' is not assignable to parameter of type 'NormalizedPrecedure<(data: Partial<any>[]) => Promise<ImportResult>>'.
  Type 'Promise<{ successCount: number; errorCount: number; errors: never[]; totalProcessed: number; }>' is not assignable to type 'Promise<ImportResult>'.
    Property 'warnings' is missing in type '{ successCount: number; errorCount: number; errors: never[]; totalProcessed: number; }' but required in type 'ImportResult'.
tests/unit/import/ImportService.test.ts(682,52): error TS2345: Argument of type '(file: unique symbol, options: ParseConfig<any, undefined> | undefined) => void' is not assignable to parameter of type 'NormalizedPrecedure<{ <T, TFile extends LocalFile = LocalFile>(file: TFile, config: ParseLocalConfig<T, TFile>): void; <T>(url: string, config: ParseRemoteConfig<T>): void; <T>(csvString: string, config: ParseWorkerConfig<...> & { ...; }): void; <T>(csvString: string, config?: (ParseConfig<...> & { ...; }) | undefin...'.
  Type 'void' is not assignable to type 'Duplex'.
tests/unit/import/ImportService.test.ts(683,13): error TS18048: 'options' is possibly 'undefined'.
tests/unit/import/ImportService.test.ts(684,11): error TS18048: 'options' is possibly 'undefined'.
tests/unit/import/ImportService.test.ts(684,19): error TS2554: Expected 2 arguments, but got 1.
tests/unit/import/ImportService.test.ts(719,52): error TS2345: Argument of type '(file: unique symbol, options: ParseConfig<any, undefined> | undefined) => void' is not assignable to parameter of type 'NormalizedPrecedure<{ <T, TFile extends LocalFile = LocalFile>(file: TFile, config: ParseLocalConfig<T, TFile>): void; <T>(url: string, config: ParseRemoteConfig<T>): void; <T>(csvString: string, config: ParseWorkerConfig<...> & { ...; }): void; <T>(csvString: string, config?: (ParseConfig<...> & { ...; }) | undefin...'.
  Type 'void' is not assignable to type 'Duplex'.
tests/unit/import/ImportService.test.ts(720,13): error TS18048: 'options' is possibly 'undefined'.
tests/unit/import/ImportService.test.ts(721,11): error TS18048: 'options' is possibly 'undefined'.
tests/unit/import/ImportService.test.ts(721,19): error TS2554: Expected 2 arguments, but got 1.
tests/unit/import/ImportService.test.ts(739,65): error TS2345: Argument of type '{ successCount: number; errorCount: number; errors: never[]; totalProcessed: number; }' is not assignable to parameter of type 'ImportResult'.
  Property 'warnings' is missing in type '{ successCount: number; errorCount: number; errors: never[]; totalProcessed: number; }' but required in type 'ImportResult'.
tests/unit/media/MediaService.delete.test.ts(121,15): error TS2339: Property 'getEventService' does not exist on type 'typeof import("C:/laragon/www/materionextjs/typescript-version/full-version/src/services/events/index")'.
tests/unit/media/MediaService.delete.test.ts(196,15): error TS2339: Property 'getEventService' does not exist on type 'typeof import("C:/laragon/www/materionextjs/typescript-version/full-version/src/services/events/index")'.
tests/unit/media/MediaService.delete.test.ts(251,15): error TS2339: Property 'getEventService' does not exist on type 'typeof import("C:/laragon/www/materionextjs/typescript-version/full-version/src/services/events/index")'.
tests/unit/media/MediaService.delete.test.ts(281,15): error TS2339: Property 'getEventService' does not exist on type 'typeof import("C:/laragon/www/materionextjs/typescript-version/full-version/src/services/events/index")'.
tests/unit/media/MediaService.delete.test.ts(314,15): error TS2339: Property 'getEventService' does not exist on type 'typeof import("C:/laragon/www/materionextjs/typescript-version/full-version/src/services/events/index")'.
tests/unit/media/queue/WatermarkQueue.test.ts(78,47): error TS2307: Cannot find module '@/services/redis' or its corresponding type declarations.
tests/unit/media/sync/MediaSyncService.test.ts(74,84): error TS2739: Type 'Promise<any>' is missing the following properties from type 'Prisma__MediaSyncJobClient<{ operation: string; status: string; error: string | null; id: string; createdAt: Date; updatedAt: Date; createdBy: string | null; entityType: string | null; s3Bucket: string | null; ... 16 more ...; completedAt: Date | null; }, never, DefaultArgs>': parentJob, childJobs
tests/unit/media/sync/MediaSyncService.test.ts(81,9): error TS2322: Type '"upload_to_s3"' is not assignable to type 'SyncOperation'.
tests/unit/media/sync/MediaSyncService.test.ts(120,9): error TS2322: Type '"upload_to_s3"' is not assignable to type 'SyncOperation'.
tests/unit/media/sync/MediaSyncService.test.ts(151,84): error TS2322: Type 'Promise<any>' is not assignable to type 'Prisma__MediaSyncJobClient<{ operation: string; status: string; error: string | null; id: string; createdAt: Date; updatedAt: Date; createdBy: string | null; entityType: string | null; s3Bucket: string | null; ... 16 more ...; completedAt: Date | null; }, never, DefaultArgs>'.
tests/unit/media/sync/MediaSyncService.test.ts(158,9): error TS2322: Type '"upload_to_s3"' is not assignable to type 'SyncOperation'.
tests/unit/media/sync/MediaSyncService.test.ts(181,9): error TS2322: Type '"upload_to_s3"' is not assignable to type 'SyncOperation'.
tests/unit/media/sync/MediaSyncService.test.ts(210,9): error TS2322: Type '"upload_to_s3"' is not assignable to type 'SyncOperation'.
tests/unit/media/sync/MediaSyncService.test.ts(235,9): error TS2322: Type '"upload_to_s3"' is not assignable to type 'SyncOperation'.
tests/unit/media/sync/MediaSyncService.test.ts(267,9): error TS2322: Type '"upload_to_s3"' is not assignable to type 'SyncOperation'.
tests/unit/rate-limit/ConfigService.test.ts(19,1): error TS2582: Cannot find name 'describe'. Do you need to install type definitions for a test runner? Try `npm i --save-dev @types/jest` or `npm i --save-dev @types/mocha`.
tests/unit/rate-limit/ConfigService.test.ts(22,3): error TS2304: Cannot find name 'beforeEach'.
tests/unit/rate-limit/ConfigService.test.ts(27,3): error TS2582: Cannot find name 'describe'. Do you need to install type definitions for a test runner? Try `npm i --save-dev @types/jest` or `npm i --save-dev @types/mocha`.
tests/unit/rate-limit/ConfigService.test.ts(28,5): error TS2582: Cannot find name 'it'. Do you need to install type definitions for a test runner? Try `npm i --save-dev @types/jest` or `npm i --save-dev @types/mocha`.
tests/unit/rate-limit/ConfigService.test.ts(42,44): error TS2503: Cannot find namespace 'vi'.
tests/unit/rate-limit/ConfigService.test.ts(58,7): error TS2304: Cannot find name 'expect'.
tests/unit/rate-limit/ConfigService.test.ts(61,5): error TS2582: Cannot find name 'it'. Do you need to install type definitions for a test runner? Try `npm i --save-dev @types/jest` or `npm i --save-dev @types/mocha`.
tests/unit/rate-limit/ConfigService.test.ts(62,44): error TS2503: Cannot find namespace 'vi'.
tests/unit/rate-limit/ConfigService.test.ts(65,7): error TS2304: Cannot find name 'expect'.
tests/unit/rate-limit/ConfigService.test.ts(66,7): error TS2304: Cannot find name 'expect'.
tests/unit/rate-limit/ConfigService.test.ts(67,7): error TS2304: Cannot find name 'expect'.
tests/unit/rate-limit/ConfigService.test.ts(68,7): error TS2304: Cannot find name 'expect'.
tests/unit/rate-limit/ConfigService.test.ts(71,5): error TS2582: Cannot find name 'it'. Do you need to install type definitions for a test runner? Try `npm i --save-dev @types/jest` or `npm i --save-dev @types/mocha`.
tests/unit/rate-limit/ConfigService.test.ts(72,44): error TS2503: Cannot find namespace 'vi'.
tests/unit/rate-limit/ConfigService.test.ts(74,7): error TS2304: Cannot find name 'expect'.
tests/unit/rate-limit/ConfigService.test.ts(75,7): error TS2304: Cannot find name 'expect'.
tests/unit/rate-limit/ConfigService.test.ts(76,7): error TS2304: Cannot find name 'expect'.
tests/unit/rate-limit/ConfigService.test.ts(80,3): error TS2582: Cannot find name 'describe'. Do you need to install type definitions for a test runner? Try `npm i --save-dev @types/jest` or `npm i --save-dev @types/mocha`.
tests/unit/rate-limit/ConfigService.test.ts(81,5): error TS2582: Cannot find name 'it'. Do you need to install type definitions for a test runner? Try `npm i --save-dev @types/jest` or `npm i --save-dev @types/mocha`.
tests/unit/rate-limit/ConfigService.test.ts(87,42): error TS2503: Cannot find namespace 'vi'.
tests/unit/rate-limit/ConfigService.test.ts(94,7): error TS2304: Cannot find name 'expect'.
tests/unit/rate-limit/ConfigService.test.ts(122,5): error TS2582: Cannot find name 'it'. Do you need to install type definitions for a test runner? Try `npm i --save-dev @types/jest` or `npm i --save-dev @types/mocha`.
tests/unit/rate-limit/ConfigService.test.ts(125,42): error TS2503: Cannot find namespace 'vi'.
tests/unit/rate-limit/ConfigService.test.ts(143,7): error TS2304: Cannot find name 'expect'.
tests/unit/rate-limit/ConfigService.test.ts(156,17): error TS2304: Cannot find name 'expect'.
tests/unit/rate-limit/ConfigService.test.ts(161,3): error TS2582: Cannot find name 'describe'. Do you need to install type definitions for a test runner? Try `npm i --save-dev @types/jest` or `npm i --save-dev @types/mocha`.
tests/unit/rate-limit/ConfigService.test.ts(162,5): error TS2582: Cannot find name 'it'. Do you need to install type definitions for a test runner? Try `npm i --save-dev @types/jest` or `npm i --save-dev @types/mocha`.
tests/unit/rate-limit/ConfigService.test.ts(163,44): error TS2503: Cannot find namespace 'vi'.
tests/unit/rate-limit/ConfigService.test.ts(182,7): error TS2304: Cannot find name 'expect'.
tests/unit/rate-limit/ConfigService.test.ts(183,55): error TS2551: Property 'module' does not exist on type 'RateLimitConfig'. Did you mean 'mode'?
tests/unit/rate-limit/ConfigService.test.ts(184,7): error TS2304: Cannot find name 'expect'.
tests/unit/rate-limit/ConfigService.test.ts(199,3): error TS2582: Cannot find name 'describe'. Do you need to install type definitions for a test runner? Try `npm i --save-dev @types/jest` or `npm i --save-dev @types/mocha`.
tests/unit/rate-limit/ConfigService.test.ts(200,5): error TS2582: Cannot find name 'it'. Do you need to install type definitions for a test runner? Try `npm i --save-dev @types/jest` or `npm i --save-dev @types/mocha`.
tests/unit/rate-limit/ConfigService.test.ts(201,44): error TS2503: Cannot find namespace 'vi'.
tests/unit/rate-limit/ConfigService.test.ts(205,7): error TS2304: Cannot find name 'expect'.
tests/unit/rate-limit/ConfigService.test.ts(209,3): error TS2582: Cannot find name 'describe'. Do you need to install type definitions for a test runner? Try `npm i --save-dev @types/jest` or `npm i --save-dev @types/mocha`.
tests/unit/rate-limit/ConfigService.test.ts(210,5): error TS2582: Cannot find name 'it'. Do you need to install type definitions for a test runner? Try `npm i --save-dev @types/jest` or `npm i --save-dev @types/mocha`.
tests/unit/rate-limit/ConfigService.test.ts(211,63): error TS2503: Cannot find namespace 'vi'.
tests/unit/rate-limit/ConfigService.test.ts(216,7): error TS2304: Cannot find name 'expect'.
tests/unit/rate-limit/ConfigService.test.ts(220,7): error TS2304: Cannot find name 'expect'.
tests/unit/rate-limit/ConfigService.test.ts(227,7): error TS2304: Cannot find name 'expect'.
tests/unit/rate-limit/EventService.test.ts(13,42): error TS2503: Cannot find namespace 'vi'.
tests/unit/rate-limit/RateLimitContainer.test.ts(18,44): error TS2503: Cannot find namespace 'vi'.
tests/unit/rate-limit/RateLimitContainer.test.ts(19,52): error TS2503: Cannot find namespace 'vi'.
tests/unit/rate-limit/RateLimitContainer.test.ts(20,42): error TS2503: Cannot find namespace 'vi'.
tests/unit/rate-limit/RateLimitContainer.test.ts(21,48): error TS2503: Cannot find namespace 'vi'.
tests/unit/rate-limit/RateLimitContainer.test.ts(23,1): error TS2582: Cannot find name 'describe'. Do you need to install type definitions for a test runner? Try `npm i --save-dev @types/jest` or `npm i --save-dev @types/mocha`.
tests/unit/rate-limit/RateLimitContainer.test.ts(24,3): error TS2304: Cannot find name 'beforeEach'.
tests/unit/rate-limit/RateLimitContainer.test.ts(28,3): error TS2582: Cannot find name 'describe'. Do you need to install type definitions for a test runner? Try `npm i --save-dev @types/jest` or `npm i --save-dev @types/mocha`.
tests/unit/rate-limit/RateLimitContainer.test.ts(29,5): error TS2582: Cannot find name 'it'. Do you need to install type definitions for a test runner? Try `npm i --save-dev @types/jest` or `npm i --save-dev @types/mocha`.
tests/unit/rate-limit/RateLimitContainer.test.ts(33,7): error TS2304: Cannot find name 'expect'.
tests/unit/rate-limit/RateLimitContainer.test.ts(36,5): error TS2582: Cannot find name 'it'. Do you need to install type definitions for a test runner? Try `npm i --save-dev @types/jest` or `npm i --save-dev @types/mocha`.
tests/unit/rate-limit/RateLimitContainer.test.ts(42,7): error TS2304: Cannot find name 'expect'.
tests/unit/rate-limit/RateLimitContainer.test.ts(43,7): error TS2304: Cannot find name 'expect'.
tests/unit/rate-limit/RateLimitContainer.test.ts(44,7): error TS2304: Cannot find name 'expect'.
tests/unit/rate-limit/RateLimitContainer.test.ts(45,7): error TS2304: Cannot find name 'expect'.
tests/unit/rate-limit/RateLimitContainer.test.ts(49,3): error TS2582: Cannot find name 'describe'. Do you need to install type definitions for a test runner? Try `npm i --save-dev @types/jest` or `npm i --save-dev @types/mocha`.
tests/unit/rate-limit/RateLimitContainer.test.ts(52,5): error TS2304: Cannot find name 'beforeEach'.
tests/unit/rate-limit/RateLimitContainer.test.ts(56,5): error TS2582: Cannot find name 'it'. Do you need to install type definitions for a test runner? Try `npm i --save-dev @types/jest` or `npm i --save-dev @types/mocha`.
tests/unit/rate-limit/RateLimitContainer.test.ts(58,7): error TS2304: Cannot find name 'expect'.
tests/unit/rate-limit/RateLimitContainer.test.ts(61,5): error TS2582: Cannot find name 'it'. Do you need to install type definitions for a test runner? Try `npm i --save-dev @types/jest` or `npm i --save-dev @types/mocha`.
tests/unit/rate-limit/RateLimitContainer.test.ts(63,7): error TS2304: Cannot find name 'expect'.
tests/unit/rate-limit/RateLimitContainer.test.ts(66,5): error TS2582: Cannot find name 'it'. Do you need to install type definitions for a test runner? Try `npm i --save-dev @types/jest` or `npm i --save-dev @types/mocha`.
tests/unit/rate-limit/RateLimitContainer.test.ts(68,7): error TS2304: Cannot find name 'expect'.
tests/unit/rate-limit/RateLimitContainer.test.ts(71,5): error TS2582: Cannot find name 'it'. Do you need to install type definitions for a test runner? Try `npm i --save-dev @types/jest` or `npm i --save-dev @types/mocha`.
tests/unit/rate-limit/RateLimitContainer.test.ts(73,7): error TS2304: Cannot find name 'expect'.
tests/unit/rate-limit/RateLimitContainer.test.ts(77,3): error TS2582: Cannot find name 'describe'. Do you need to install type definitions for a test runner? Try `npm i --save-dev @types/jest` or `npm i --save-dev @types/mocha`.
tests/unit/rate-limit/RateLimitContainer.test.ts(78,5): error TS2582: Cannot find name 'it'. Do you need to install type definitions for a test runner? Try `npm i --save-dev @types/jest` or `npm i --save-dev @types/mocha`.
tests/unit/rate-limit/RateLimitContainer.test.ts(87,7): error TS2304: Cannot find name 'expect'.
tests/unit/rate-limit/RateLimitEngine.test.ts(28,1): error TS2582: Cannot find name 'describe'. Do you need to install type definitions for a test runner? Try `npm i --save-dev @types/jest` or `npm i --save-dev @types/mocha`.
tests/unit/rate-limit/RateLimitEngine.test.ts(31,3): error TS2304: Cannot find name 'beforeEach'.
tests/unit/rate-limit/RateLimitEngine.test.ts(42,3): error TS2582: Cannot find name 'describe'. Do you need to install type definitions for a test runner? Try `npm i --save-dev @types/jest` or `npm i --save-dev @types/mocha`.
tests/unit/rate-limit/RateLimitEngine.test.ts(52,5): error TS2582: Cannot find name 'it'. Do you need to install type definitions for a test runner? Try `npm i --save-dev @types/jest` or `npm i --save-dev @types/mocha`.
tests/unit/rate-limit/RateLimitEngine.test.ts(58,7): error TS2304: Cannot find name 'expect'.
tests/unit/rate-limit/RateLimitEngine.test.ts(61,20): error TS2304: Cannot find name 'expect'.
tests/unit/rate-limit/RateLimitEngine.test.ts(63,7): error TS2304: Cannot find name 'expect'.
tests/unit/rate-limit/RateLimitEngine.test.ts(66,5): error TS2582: Cannot find name 'it'. Do you need to install type definitions for a test runner? Try `npm i --save-dev @types/jest` or `npm i --save-dev @types/mocha`.
tests/unit/rate-limit/RateLimitEngine.test.ts(75,7): error TS2304: Cannot find name 'expect'.
tests/unit/rate-limit/RateLimitEngine.test.ts(76,7): error TS2304: Cannot find name 'expect'.
tests/unit/rate-limit/RateLimitEngine.test.ts(77,7): error TS2304: Cannot find name 'expect'.
tests/unit/rate-limit/RateLimitEngine.test.ts(80,5): error TS2582: Cannot find name 'it'. Do you need to install type definitions for a test runner? Try `npm i --save-dev @types/jest` or `npm i --save-dev @types/mocha`.
tests/unit/rate-limit/RateLimitEngine.test.ts(96,7): error TS2304: Cannot find name 'expect'.
tests/unit/rate-limit/RateLimitEngine.test.ts(97,7): error TS2304: Cannot find name 'expect'.
tests/unit/rate-limit/RateLimitEngine.test.ts(104,14): error TS2304: Cannot find name 'expect'.
tests/unit/rate-limit/RateLimitEngine.test.ts(113,22): error TS2304: Cannot find name 'expect'.
tests/unit/rate-limit/RateLimitEngine.test.ts(117,5): error TS2582: Cannot find name 'it'. Do you need to install type definitions for a test runner? Try `npm i --save-dev @types/jest` or `npm i --save-dev @types/mocha`.
tests/unit/rate-limit/RateLimitEngine.test.ts(132,7): error TS2304: Cannot find name 'expect'.
tests/unit/rate-limit/RateLimitEngine.test.ts(133,7): error TS2304: Cannot find name 'expect'.
tests/unit/rate-limit/RateLimitEngine.test.ts(136,5): error TS2582: Cannot find name 'it'. Do you need to install type definitions for a test runner? Try `npm i --save-dev @types/jest` or `npm i --save-dev @types/mocha`.
tests/unit/rate-limit/RateLimitEngine.test.ts(152,7): error TS2304: Cannot find name 'expect'.
tests/unit/rate-limit/RateLimitEngine.test.ts(159,14): error TS2304: Cannot find name 'expect'.
tests/unit/rate-limit/RateLimitEngine.test.ts(164,17): error TS2304: Cannot find name 'expect'.
tests/unit/rate-limit/RateLimitEngine.test.ts(168,22): error TS2304: Cannot find name 'expect'.
tests/unit/rate-limit/RateLimitEngine.test.ts(172,5): error TS2582: Cannot find name 'it'. Do you need to install type definitions for a test runner? Try `npm i --save-dev @types/jest` or `npm i --save-dev @types/mocha`.
tests/unit/rate-limit/RateLimitEngine.test.ts(186,7): error TS2304: Cannot find name 'expect'.
tests/unit/rate-limit/RateLimitEngine.test.ts(188,15): error TS2304: Cannot find name 'expect'.
tests/unit/rate-limit/RateLimitEngine.test.ts(191,26): error TS2304: Cannot find name 'expect'.
tests/unit/rate-limit/RateLimitEngine.test.ts(199,36): error TS2304: Cannot find name 'expect'.
tests/unit/rate-limit/RateLimitEngine.test.ts(207,3): error TS2582: Cannot find name 'describe'. Do you need to install type definitions for a test runner? Try `npm i --save-dev @types/jest` or `npm i --save-dev @types/mocha`.
tests/unit/rate-limit/RateLimitEngine.test.ts(208,5): error TS2582: Cannot find name 'it'. Do you need to install type definitions for a test runner? Try `npm i --save-dev @types/jest` or `npm i --save-dev @types/mocha`.
tests/unit/rate-limit/RateLimitEngine.test.ts(209,18): error TS2339: Property 'rateLimitState' does not exist on type '{ userBlock: { findFirst: Mock<Procedure>; }; }'.
tests/unit/rate-limit/RateLimitEngine.test.ts(213,28): error TS2339: Property 'updateMany' does not exist on type '{ findFirst: Mock<Procedure>; }'.
tests/unit/rate-limit/RateLimitEngine.test.ts(214,17): error TS2339: Property 'clearCacheCompletely' does not exist on type '{ consume: Mock<Procedure>; }'.
tests/unit/rate-limit/RateLimitEngine.test.ts(218,7): error TS2304: Cannot find name 'expect'.
tests/unit/rate-limit/RateLimitEngine.test.ts(219,7): error TS2304: Cannot find name 'expect'.
tests/unit/rate-limit/RateLimitEngine.test.ts(219,25): error TS2339: Property 'rateLimitState' does not exist on type '{ userBlock: { findFirst: Mock<Procedure>; }; }'.
tests/unit/rate-limit/RateLimitEngine.test.ts(223,7): error TS2304: Cannot find name 'expect'.
tests/unit/rate-limit/RateLimitEngine.test.ts(223,35): error TS2339: Property 'updateMany' does not exist on type '{ findFirst: Mock<Procedure>; }'.
tests/unit/rate-limit/RateLimitEngine.test.ts(232,47): error TS2304: Cannot find name 'expect'.
tests/unit/rate-limit/RateLimitEngine.test.ts(234,7): error TS2304: Cannot find name 'expect'.
tests/unit/rate-limit/RateLimitEngine.test.ts(234,24): error TS2339: Property 'clearCacheCompletely' does not exist on type '{ consume: Mock<Procedure>; }'.
tests/unit/rate-limit/RateLimitEngine.test.ts(237,5): error TS2582: Cannot find name 'it'. Do you need to install type definitions for a test runner? Try `npm i --save-dev @types/jest` or `npm i --save-dev @types/mocha`.
tests/unit/rate-limit/RateLimitEngine.test.ts(238,18): error TS2339: Property 'rateLimitState' does not exist on type '{ userBlock: { findFirst: Mock<Procedure>; }; }'.
tests/unit/rate-limit/RateLimitEngine.test.ts(242,28): error TS2339: Property 'updateMany' does not exist on type '{ findFirst: Mock<Procedure>; }'.
tests/unit/rate-limit/RateLimitEngine.test.ts(243,17): error TS2339: Property 'clearCacheCompletely' does not exist on type '{ consume: Mock<Procedure>; }'.
tests/unit/rate-limit/RateLimitEngine.test.ts(247,7): error TS2304: Cannot find name 'expect'.
tests/unit/rate-limit/RateLimitEngine.test.ts(248,7): error TS2304: Cannot find name 'expect'.
tests/unit/rate-limit/RateLimitEngine.test.ts(248,25): error TS2339: Property 'rateLimitState' does not exist on type '{ userBlock: { findFirst: Mock<Procedure>; }; }'.
tests/unit/rate-limit/RateLimitEngine.test.ts(252,7): error TS2304: Cannot find name 'expect'.
tests/unit/rate-limit/RateLimitEngine.test.ts(252,24): error TS2339: Property 'clearCacheCompletely' does not exist on type '{ consume: Mock<Procedure>; }'.
tests/unit/rate-limit/RateLimitEngine.test.ts(255,5): error TS2582: Cannot find name 'it'. Do you need to install type definitions for a test runner? Try `npm i --save-dev @types/jest` or `npm i --save-dev @types/mocha`.
tests/unit/rate-limit/RateLimitEngine.test.ts(256,18): error TS2339: Property 'rateLimitState' does not exist on type '{ userBlock: { findFirst: Mock<Procedure>; }; }'.
tests/unit/rate-limit/RateLimitEngine.test.ts(262,7): error TS2304: Cannot find name 'expect'.
tests/unit/rate-limit/RateLimitEventRecorder.test.ts(13,42): error TS2503: Cannot find namespace 'vi'.
tests/unit/rate-limit/resilient-store.test.ts(46,7): error TS2420: Class 'MockStore' incorrectly implements interface 'RateLimitStore'.
  Property 'setBlock' is missing in type 'MockStore' but required in type 'RateLimitStore'.
tests/unit/rate-limit/resilient-store.test.ts(47,19): error TS2558: Expected 0-1 type arguments, but got 2.
tests/unit/rate-limit/resilient-store.test.ts(64,1): error TS2304: Cannot find name 'beforeEach'.
tests/unit/rate-limit/resilient-store.test.ts(69,1): error TS2304: Cannot find name 'afterAll'.
tests/unit/rate-limit/resilient-store.test.ts(73,1): error TS2582: Cannot find name 'describe'. Do you need to install type definitions for a test runner? Try `npm i --save-dev @types/jest` or `npm i --save-dev @types/mocha`.
tests/unit/rate-limit/resilient-store.test.ts(74,3): error TS2582: Cannot find name 'it'. Do you need to install type definitions for a test runner? Try `npm i --save-dev @types/jest` or `npm i --save-dev @types/mocha`.
tests/unit/rate-limit/resilient-store.test.ts(80,47): error TS2345: Argument of type 'MockStore' is not assignable to parameter of type 'RateLimitStore'.
  Property 'setBlock' is missing in type 'MockStore' but required in type 'RateLimitStore'.
tests/unit/rate-limit/resilient-store.test.ts(83,5): error TS2304: Cannot find name 'expect'.
tests/unit/rate-limit/resilient-store.test.ts(84,5): error TS2304: Cannot find name 'expect'.
tests/unit/rate-limit/resilient-store.test.ts(85,5): error TS2304: Cannot find name 'expect'.
tests/unit/rate-limit/resilient-store.test.ts(86,5): error TS2304: Cannot find name 'expect'.
tests/unit/rate-limit/resilient-store.test.ts(89,3): error TS2582: Cannot find name 'it'. Do you need to install type definitions for a test runner? Try `npm i --save-dev @types/jest` or `npm i --save-dev @types/mocha`.
tests/unit/rate-limit/resilient-store.test.ts(96,47): error TS2345: Argument of type 'MockStore' is not assignable to parameter of type 'RateLimitStore'.
tests/unit/rate-limit/resilient-store.test.ts(100,5): error TS2304: Cannot find name 'expect'.
tests/unit/rate-limit/resilient-store.test.ts(101,5): error TS2304: Cannot find name 'expect'.
tests/unit/rate-limit/resilient-store.test.ts(102,5): error TS2304: Cannot find name 'expect'.
tests/unit/rate-limit/resilient-store.test.ts(103,5): error TS2304: Cannot find name 'expect'.
tests/unit/rate-limit/resilient-store.test.ts(107,5): error TS2304: Cannot find name 'expect'.
tests/unit/rate-limit/resilient-store.test.ts(108,5): error TS2304: Cannot find name 'expect'.
tests/unit/rate-limit/resilient-store.test.ts(113,5): error TS2304: Cannot find name 'expect'.
tests/unit/rate-limit/resilient-store.test.ts(114,5): error TS2304: Cannot find name 'expect'.
tests/unit/rate-limit/resilient-store.test.ts(115,5): error TS2304: Cannot find name 'expect'.
tests/unit/rate-limit/simple.test.ts(1,1): error TS2582: Cannot find name 'describe'. Do you need to install type definitions for a test runner? Try `npm i --save-dev @types/jest` or `npm i --save-dev @types/mocha`.
tests/unit/rate-limit/simple.test.ts(2,3): error TS2582: Cannot find name 'it'. Do you need to install type definitions for a test runner? Try `npm i --save-dev @types/jest` or `npm i --save-dev @types/mocha`.
tests/unit/rate-limit/simple.test.ts(3,5): error TS2304: Cannot find name 'expect'.
tests/unit/rate-limit/StoreManager.test.ts(11,58): error TS2503: Cannot find namespace 'vi'.
tests/unit/rate-limit/StoreManager.test.ts(24,1): error TS2582: Cannot find name 'describe'. Do you need to install type definitions for a test runner? Try `npm i --save-dev @types/jest` or `npm i --save-dev @types/mocha`.
tests/unit/rate-limit/StoreManager.test.ts(27,3): error TS2304: Cannot find name 'beforeEach'.
tests/unit/rate-limit/StoreManager.test.ts(33,3): error TS2582: Cannot find name 'describe'. Do you need to install type definitions for a test runner? Try `npm i --save-dev @types/jest` or `npm i --save-dev @types/mocha`.
tests/unit/rate-limit/StoreManager.test.ts(34,5): error TS2582: Cannot find name 'it'. Do you need to install type definitions for a test runner? Try `npm i --save-dev @types/jest` or `npm i --save-dev @types/mocha`.
tests/unit/rate-limit/StoreManager.test.ts(35,7): error TS2304: Cannot find name 'expect'.
tests/unit/rate-limit/StoreManager.test.ts(39,3): error TS2582: Cannot find name 'describe'. Do you need to install type definitions for a test runner? Try `npm i --save-dev @types/jest` or `npm i --save-dev @types/mocha`.
tests/unit/rate-limit/StoreManager.test.ts(40,5): error TS2582: Cannot find name 'it'. Do you need to install type definitions for a test runner? Try `npm i --save-dev @types/jest` or `npm i --save-dev @types/mocha`.
tests/unit/rate-limit/StoreManager.test.ts(42,7): error TS2304: Cannot find name 'expect'.
tests/unit/rate-limit/StoreManager.test.ts(46,3): error TS2582: Cannot find name 'describe'. Do you need to install type definitions for a test runner? Try `npm i --save-dev @types/jest` or `npm i --save-dev @types/mocha`.
tests/unit/rate-limit/StoreManager.test.ts(47,5): error TS2582: Cannot find name 'it'. Do you need to install type definitions for a test runner? Try `npm i --save-dev @types/jest` or `npm i --save-dev @types/mocha`.
tests/unit/rate-limit/StoreManager.test.ts(49,7): error TS2304: Cannot find name 'expect'.
tests/unit/rate-limit/StoreManager.test.ts(55,3): error TS2582: Cannot find name 'describe'. Do you need to install type definitions for a test runner? Try `npm i --save-dev @types/jest` or `npm i --save-dev @types/mocha`.
tests/unit/rate-limit/StoreManager.test.ts(56,5): error TS2582: Cannot find name 'it'. Do you need to install type definitions for a test runner? Try `npm i --save-dev @types/jest` or `npm i --save-dev @types/mocha`.
tests/unit/rate-limit/StoreManager.test.ts(64,7): error TS2304: Cannot find name 'expect'.
tests/unit/rate-limit/StoreManager.test.ts(73,5): error TS2582: Cannot find name 'it'. Do you need to install type definitions for a test runner? Try `npm i --save-dev @types/jest` or `npm i --save-dev @types/mocha`.
tests/unit/rate-limit/StoreManager.test.ts(78,7): error TS2304: Cannot find name 'expect'.
tests/unit/rate-limit/StoreManager.test.ts(87,5): error TS2582: Cannot find name 'it'. Do you need to install type definitions for a test runner? Try `npm i --save-dev @types/jest` or `npm i --save-dev @types/mocha`.
tests/unit/rate-limit/StoreManager.test.ts(95,7): error TS2304: Cannot find name 'expect'.
tests/unit/rate-limit/StoreManager.test.ts(104,5): error TS2582: Cannot find name 'it'. Do you need to install type definitions for a test runner? Try `npm i --save-dev @types/jest` or `npm i --save-dev @types/mocha`.
tests/unit/rate-limit/StoreManager.test.ts(112,7): error TS2304: Cannot find name 'expect'.
tests/unit/rate-limit/StoreManager.test.ts(113,7): error TS2304: Cannot find name 'expect'.
tests/unit/rate-limit/StoreManager.test.ts(114,7): error TS2304: Cannot find name 'expect'.
tests/unit/rate-limit/StoreManager.test.ts(118,3): error TS2582: Cannot find name 'describe'. Do you need to install type definitions for a test runner? Try `npm i --save-dev @types/jest` or `npm i --save-dev @types/mocha`.
tests/unit/rate-limit/StoreManager.test.ts(119,5): error TS2582: Cannot find name 'it'. Do you need to install type definitions for a test runner? Try `npm i --save-dev @types/jest` or `npm i --save-dev @types/mocha`.
tests/unit/rate-limit/StoreManager.test.ts(124,7): error TS2304: Cannot find name 'expect'.
tests/unit/rate-limit/StoreManager.test.ts(127,5): error TS2582: Cannot find name 'it'. Do you need to install type definitions for a test runner? Try `npm i --save-dev @types/jest` or `npm i --save-dev @types/mocha`.
tests/unit/rate-limit/StoreManager.test.ts(133,7): error TS2304: Cannot find name 'expect'.
tests/unit/role-cache/in-memory-store.test.ts(15,43): error TS2739: Type '{ id: string; name: string; description: null; permissions: null; createdAt: Date; updatedAt: Date; }' is missing the following properties from type 'Role': code, level, isSystem
tests/unit/role-cache/resilient-store.test.ts(16,43): error TS2739: Type '{ id: string; name: string; description: null; permissions: null; createdAt: Date; updatedAt: Date; }' is missing the following properties from type 'Role': code, level, isSystem
tests/unit/role-cache/resilient-store.test.ts(49,17): error TS2339: Property 'mockRejectedValueOnce' does not exist on type '(key: string) => Promise<Role[] | null>'.
tests/unit/role-cache/resilient-store.test.ts(50,18): error TS2339: Property 'mockResolvedValueOnce' does not exist on type '(key: string) => Promise<Role[] | null>'.
tests/unit/role-cache/resilient-store.test.ts(67,17): error TS2339: Property 'mockRejectedValueOnce' does not exist on type '(key: string) => Promise<Role[] | null>'.
tests/unit/role-cache/resilient-store.test.ts(68,18): error TS2339: Property 'mockResolvedValue' does not exist on type '(key: string) => Promise<Role[] | null>'.
tests/unit/role-cache/resilient-store.test.ts(84,17): error TS2339: Property 'mockResolvedValueOnce' does not exist on type '(key: string) => Promise<Role[] | null>'.
tests/unit/services/bulk/BulkOperationsService.test.ts(87,31): error TS2339: Property 'mockImplementation' does not exist on type '{ <P extends Prisma.PrismaPromise<any>[]>(arg: [...P], options?: { isolationLevel?: TransactionIsolationLevel | undefined; } | undefined): Promise<UnwrapTuple<P>>; <R>(fn: (prisma: Omit<...>) => Promise<...>, options?: { ...; } | undefined): Promise<...>; }'.
tests/unit/services/bulk/BulkOperationsService.test.ts(87,57): error TS7006: Parameter 'callback' implicitly has an 'any' type.
tests/unit/services/bulk/BulkOperationsService.test.ts(120,31): error TS2339: Property 'mockImplementation' does not exist on type '{ <P extends Prisma.PrismaPromise<any>[]>(arg: [...P], options?: { isolationLevel?: TransactionIsolationLevel | undefined; } | undefined): Promise<UnwrapTuple<P>>; <R>(fn: (prisma: Omit<...>) => Promise<...>, options?: { ...; } | undefined): Promise<...>; }'.
tests/unit/services/bulk/BulkOperationsService.test.ts(120,57): error TS7006: Parameter 'callback' implicitly has an 'any' type.
tests/unit/services/bulk/BulkOperationsService.test.ts(172,31): error TS2339: Property 'mockImplementation' does not exist on type '{ <P extends Prisma.PrismaPromise<any>[]>(arg: [...P], options?: { isolationLevel?: TransactionIsolationLevel | undefined; } | undefined): Promise<UnwrapTuple<P>>; <R>(fn: (prisma: Omit<...>) => Promise<...>, options?: { ...; } | undefined): Promise<...>; }'.
tests/unit/services/bulk/BulkOperationsService.test.ts(172,57): error TS7006: Parameter 'callback' implicitly has an 'any' type.
tests/unit/services/bulk/BulkOperationsService.test.ts(197,31): error TS2339: Property 'mockRejectedValue' does not exist on type '{ <P extends Prisma.PrismaPromise<any>[]>(arg: [...P], options?: { isolationLevel?: TransactionIsolationLevel | undefined; } | undefined): Promise<UnwrapTuple<P>>; <R>(fn: (prisma: Omit<...>) => Promise<...>, options?: { ...; } | undefined): Promise<...>; }'.
tests/unit/services/bulk/BulkOperationsService.test.ts(220,31): error TS2339: Property 'mockImplementation' does not exist on type '{ <P extends Prisma.PrismaPromise<any>[]>(arg: [...P], options?: { isolationLevel?: TransactionIsolationLevel | undefined; } | undefined): Promise<UnwrapTuple<P>>; <R>(fn: (prisma: Omit<...>) => Promise<...>, options?: { ...; } | undefined): Promise<...>; }'.
tests/unit/services/bulk/BulkOperationsService.test.ts(220,57): error TS7006: Parameter 'callback' implicitly has an 'any' type.
tests/unit/services/bulk/BulkOperationsService.test.ts(271,31): error TS2339: Property 'mockImplementation' does not exist on type '{ <P extends Prisma.PrismaPromise<any>[]>(arg: [...P], options?: { isolationLevel?: TransactionIsolationLevel | undefined; } | undefined): Promise<UnwrapTuple<P>>; <R>(fn: (prisma: Omit<...>) => Promise<...>, options?: { ...; } | undefined): Promise<...>; }'.
tests/unit/services/bulk/BulkOperationsService.test.ts(271,57): error TS7006: Parameter 'callback' implicitly has an 'any' type.
tests/unit/services/bulk/BulkOperationsService.test.ts(296,31): error TS2339: Property 'mockRejectedValue' does not exist on type '{ <P extends Prisma.PrismaPromise<any>[]>(arg: [...P], options?: { isolationLevel?: TransactionIsolationLevel | undefined; } | undefined): Promise<UnwrapTuple<P>>; <R>(fn: (prisma: Omit<...>) => Promise<...>, options?: { ...; } | undefined): Promise<...>; }'.
tests/unit/services/bulk/BulkOperationsService.test.ts(317,31): error TS2339: Property 'mockImplementation' does not exist on type '{ <P extends Prisma.PrismaPromise<any>[]>(arg: [...P], options?: { isolationLevel?: TransactionIsolationLevel | undefined; } | undefined): Promise<UnwrapTuple<P>>; <R>(fn: (prisma: Omit<...>) => Promise<...>, options?: { ...; } | undefined): Promise<...>; }'.
tests/unit/services/bulk/BulkOperationsService.test.ts(317,57): error TS7006: Parameter 'callback' implicitly has an 'any' type.
tests/unit/services/rules/RulesService.test.ts(27,20): error TS2307: Cannot find module '@/lib/prisma' or its corresponding type declarations.
tests/unit/services/rules/RulesService.test.ts(87,27): error TS2339: Property 'emit' does not exist on type 'EventService'.
tests/unit/services/rules/RulesService.test.ts(133,27): error TS2339: Property 'emit' does not exist on type 'EventService'.
tests/unit/services/rules/RulesService.test.ts(175,27): error TS2339: Property 'emit' does not exist on type 'EventService'.
tests/unit/services/slug-service.test.ts(37,8): error TS2613: Module '"C:/laragon/www/materionextjs/typescript-version/full-version/src/libs/prisma"' has no default export. Did you mean to use 'import { prisma } from "C:/laragon/www/materionextjs/typescript-version/full-version/src/libs/prisma"' instead?
tests/unit/services/sms-service.test.ts(51,42): error TS2345: Argument of type 'string' is not assignable to parameter of type 'SMSConfig'.
tests/unit/services/sms-service.test.ts(53,37): error TS2339: Property 'sendSms' does not exist on type 'SMSRuProvider'.
tests/unit/services/sms-service.test.ts(70,42): error TS2345: Argument of type 'string' is not assignable to parameter of type 'SMSConfig'.
tests/unit/services/sms-service.test.ts(72,37): error TS2339: Property 'sendSms' does not exist on type 'SMSRuProvider'.
tests/unit/services/sms-service.test.ts(92,42): error TS2345: Argument of type 'string' is not assignable to parameter of type 'SMSConfig'.
tests/unit/services/sms-service.test.ts(94,22): error TS2339: Property 'sendSms' does not exist on type 'SMSRuProvider'.
tests/unit/services/sms-service.test.ts(116,42): error TS2345: Argument of type 'string' is not assignable to parameter of type 'SMSConfig'.
tests/unit/services/sms-service.test.ts(118,37): error TS2339: Property 'checkSmsStatuses' does not exist on type 'SMSRuProvider'.
tests/unit/services/sms-service.test.ts(137,42): error TS2345: Argument of type 'string' is not assignable to parameter of type 'SMSConfig'.
tests/unit/services/sms-service.test.ts(141,21): error TS2339: Property 'success' does not exist on type 'number'.
tests/unit/services/sms-service.test.ts(142,21): error TS2339: Property 'balance' does not exist on type 'number'.
tests/unit/services/sms-service.test.ts(153,42): error TS2345: Argument of type 'string' is not assignable to parameter of type 'SMSConfig'.
tests/unit/services/sms-service.test.ts(157,21): error TS2339: Property 'success' does not exist on type 'number'.
tests/unit/services/sms-service.test.ts(173,42): error TS2345: Argument of type 'string' is not assignable to parameter of type 'SMSConfig'.
tests/unit/services/sms-service.test.ts(175,37): error TS2339: Property 'testConnection' does not exist on type 'SMSRuProvider'.
tests/unit/services/sms-service.test.ts(188,42): error TS2345: Argument of type 'string' is not assignable to parameter of type 'SMSConfig'.
tests/unit/services/sms-service.test.ts(190,37): error TS2339: Property 'testConnection' does not exist on type 'SMSRuProvider'.
tests/unit/services/verification-service.test.ts(141,21): error TS2339: Property 'error' does not exist on type 'VerificationResult'.
tests/unit/services/verification-service.test.ts(197,21): error TS2339: Property 'error' does not exist on type 'VerificationResult'.
tests/unit/services/verification-service.test.ts(212,21): error TS2339: Property 'error' does not exist on type 'VerificationResult'.
tests/unit/user-operations/BulkOperations.events.test.ts(19,42): error TS2503: Cannot find namespace 'vi'.
tests/unit/user-operations/BulkOperations.events.test.ts(128,9): error TS7006: Parameter 'call' implicitly has an 'any' type.
tests/unit/user-operations/BulkOperations.events.test.ts(211,9): error TS7006: Parameter 'call' implicitly has an 'any' type.
tests/unit/user-operations/BulkOperations.events.test.ts(310,9): error TS7006: Parameter 'call' implicitly has an 'any' type.
tests/unit/user-operations/BulkOperations.events.test.ts(403,9): error TS7006: Parameter 'call' implicitly has an 'any' type.
tests/unit/user-operations/BulkOperations.events.test.ts(461,9): error TS7006: Parameter 'call' implicitly has an 'any' type.
tests/unit/user-operations/BulkOperations.events.test.ts(544,9): error TS7006: Parameter 'call' implicitly has an 'any' type.
tests/unit/user-operations/BulkOperations.events.test.ts(624,36): error TS7006: Parameter 'call' implicitly has an 'any' type.
tests/unit/user-operations/BulkOperations.events.test.ts(625,38): error TS7006: Parameter 'call' implicitly has an 'any' type.
